PRT1
234
579
4 0 13 (3160 4096 832 ) (3088 4096 832 ) (3088 4096 576 ) (3160 4096 576 ) 
4 0 14 (3088 4096 832 ) (3072 4096 832 ) (3072 4096 576 ) (3088 4096 576 ) 
4 0 12 (3184 4096 832 ) (3160 4096 832 ) (3160 4096 576 ) (3184 4096 576 ) 
4 0 5 (3072 4112 832 ) (3072 4184 832 ) (3072 4184 576 ) (3072 4112 576 ) 
4 0 6 (3072 4096 576 ) (3072 4096 832 ) (3072 4112 832 ) (3072 4112 576 ) 
4 0 4 (3072 4184 832 ) (3072 4208 832 ) (3072 4208 576 ) (3072 4184 576 ) 
4 0 2 (3088 4112 576 ) (3160 4112 576 ) (3160 4096 576 ) (3088 4096 576 ) 
4 0 3 (3072 4096 576 ) (3072 4112 576 ) (3088 4112 576 ) (3088 4096 576 ) 
4 0 1 (3072 4112 576 ) (3072 4184 576 ) (3160 4184 576 ) (3160 4112 576 ) 
4 1 5 (3072 4112 576 ) (3072 4184 576 ) (3072 4184 352 ) (3072 4112 352 ) 
4 1 2 (3160 4112 352 ) (3160 4112 576 ) (3088 4112 576 ) (3088 4112 352 ) 
4 1 3 (3088 4112 576 ) (3072 4112 576 ) (3072 4112 352 ) (3088 4112 352 ) 
4 2 13 (3160 4096 576 ) (3088 4096 576 ) (3088 4096 352 ) (3160 4096 352 ) 
4 2 3 (3088 4112 576 ) (3088 4112 352 ) (3088 4096 352 ) (3088 4096 576 ) 
4 3 14 (3088 4096 576 ) (3072 4096 576 ) (3072 4096 320 ) (3088 4096 320 ) 
4 3 6 (3072 4096 320 ) (3072 4096 576 ) (3072 4112 576 ) (3072 4112 320 ) 
4 4 9 (2048 4184 576 ) (2048 4184 832 ) (2048 4208 832 ) (2048 4208 576 ) 
4 4 7 (2816 4184 832 ) (2048 4184 832 ) (2048 4184 576 ) (2816 4184 576 ) 
4 4 5 (3072 4184 576 ) (3072 4184 832 ) (2816 4184 832 ) (2816 4184 576 ) 
4 5 8 (2816 4112 384 ) (2816 4112 832 ) (2816 4120 832 ) (2816 4120 384 ) 
4 5 7 (2816 4184 832 ) (2816 4184 352 ) (2816 4120 352 ) (2816 4120 832 ) 
4 5 6 (3072 4112 352 ) (3072 4112 832 ) (2816 4112 832 ) (2816 4112 352 ) 
4 6 20 (3072 4096 320 ) (3072 4096 832 ) (2816 4096 832 ) (2816 4096 320 ) 
4 6 8 (2816 4096 384 ) (2816 4096 832 ) (2816 4112 832 ) (2816 4112 384 ) 
4 7 10 (2048 4120 352 ) (2048 4120 832 ) (2048 4184 832 ) (2048 4184 352 ) 
4 7 8 (2816 4120 384 ) (2816 4120 832 ) (2048 4120 832 ) (2048 4120 384 ) 
4 8 28 (2816 4096 384 ) (2816 4096 832 ) (2048 4096 832 ) (2048 4096 384 ) 
4 8 11 (2048 4096 384 ) (2048 4096 832 ) (2048 4120 832 ) (2048 4120 384 ) 
4 9 53 (1024 4184 576 ) (1024 4184 832 ) (1024 4208 832 ) (1024 4208 576 ) 
4 9 10 (1024 4184 832 ) (1024 4184 576 ) (2048 4184 576 ) (2048 4184 832 ) 
4 10 54 (1024 4120 352 ) (1024 4120 832 ) (1024 4184 832 ) (1024 4184 352 ) 
4 10 11 (2048 4120 384 ) (2048 4120 832 ) (1024 4120 832 ) (1024 4120 384 ) 
4 11 55 (1024 4096 384 ) (1024 4096 832 ) (1024 4120 832 ) (1024 4120 384 ) 
4 11 34 (2048 4096 384 ) (2048 4096 832 ) (1024 4096 832 ) (1024 4096 384 ) 
4 12 17 (3184 3072 576 ) (3184 3072 832 ) (3160 3072 832 ) (3160 3072 576 ) 
4 12 15 (3160 3072 576 ) (3160 3072 832 ) (3160 3840 832 ) (3160 3840 576 ) 
4 12 13 (3160 3840 832 ) (3160 4096 832 ) (3160 4096 576 ) (3160 3840 576 ) 
4 13 16 (3096 3840 832 ) (3088 3840 832 ) (3088 3840 384 ) (3096 3840 384 ) 
4 13 15 (3160 3840 352 ) (3160 3840 832 ) (3096 3840 832 ) (3096 3840 352 ) 
4 13 14 (3088 3840 352 ) (3088 3840 832 ) (3088 4096 832 ) (3088 4096 352 ) 
4 14 20 (3072 4096 832 ) (3072 4096 320 ) (3072 3840 320 ) (3072 3840 832 ) 
4 14 16 (3072 3840 832 ) (3072 3840 384 ) (3088 3840 384 ) (3088 3840 832 ) 
4 15 18 (3160 3072 352 ) (3160 3072 832 ) (3096 3072 832 ) (3096 3072 352 ) 
4 15 16 (3096 3840 832 ) (3096 3840 384 ) (3096 3072 384 ) (3096 3072 832 ) 
4 16 23 (3072 3072 384 ) (3072 3072 832 ) (3072 3840 832 ) (3072 3840 384 ) 
4 16 19 (3096 3072 384 ) (3096 3072 832 ) (3072 3072 832 ) (3072 3072 384 ) 
4 17 106 (3184 2048 576 ) (3184 2048 832 ) (3160 2048 832 ) (3160 2048 576 ) 
4 17 18 (3160 3072 832 ) (3160 3072 576 ) (3160 2048 576 ) (3160 2048 832 ) 
4 18 107 (3160 2048 352 ) (3160 2048 832 ) (3096 2048 832 ) (3096 2048 352 ) 
4 18 19 (3096 2048 384 ) (3096 2048 832 ) (3096 3072 832 ) (3096 3072 384 ) 
4 19 108 (3096 2048 384 ) (3096 2048 832 ) (3072 2048 832 ) (3072 2048 384 ) 
4 19 46 (3072 2048 384 ) (3072 2048 832 ) (3072 3072 832 ) (3072 3072 384 ) 
4 20 31 (2816 3920 832 ) (2816 3944 832 ) (2816 3944 320 ) (2816 3920 320 ) 
4 20 32 (2816 3840 320 ) (2816 3840 832 ) (2816 3920 832 ) (2816 3920 320 ) 
4 20 30 (2816 3944 832 ) (2816 4008 832 ) (2816 4008 320 ) (2816 3944 320 ) 
4 20 29 (2816 4008 832 ) (2816 4032 832 ) (2816 4032 352 ) (2816 4008 352 ) 
4 20 28 (2816 4032 832 ) (2816 4096 832 ) (2816 4096 320 ) (2816 4032 320 ) 
4 20 26 (2816 3840 832 ) (2816 3840 320 ) (2920 3840 320 ) (2920 3840 832 ) 
4 20 25 (2920 3840 320 ) (2984 3840 320 ) (2984 3840 832 ) (2920 3840 832 ) 
4 20 24 (3008 3840 352 ) (3008 3840 832 ) (2984 3840 832 ) (2984 3840 352 ) 
4 20 23 (3008 3840 320 ) (3072 3840 320 ) (3072 3840 832 ) (3008 3840 832 ) 
4 20 21 (3000 3840 320 ) (2816 3840 320 ) (2816 4024 320 ) (3000 4024 320 ) 
4 21 32 (2816 3840 288 ) (2816 3840 320 ) (2816 3920 320 ) (2816 3920 288 ) 
4 21 30 (2816 3944 320 ) (2816 4008 320 ) (2816 4008 288 ) (2816 3944 288 ) 
4 21 27 (2816 3840 320 ) (2816 3840 288 ) (2896 3840 288 ) (2896 3840 320 ) 
4 21 25 (2920 3840 288 ) (2984 3840 288 ) (2984 3840 320 ) (2920 3840 320 ) 
4 21 22 (2912 3840 288 ) (2816 3840 288 ) (2816 3936 288 ) (2912 3936 288 ) 
4 22 32 (2816 3840 256 ) (2816 3840 288 ) (2816 3920 288 ) (2816 3920 256 ) 
4 22 27 (2816 3840 288 ) (2816 3840 256 ) (2896 3840 256 ) (2896 3840 288 ) 
4 23 46 (3072 3072 320 ) (3072 3072 832 ) (3008 3072 832 ) (3008 3072 320 ) 
4 23 24 (3008 3840 832 ) (3008 3840 352 ) (3008 3072 352 ) (3008 3072 832 ) 
4 24 47 (2984 3072 832 ) (2984 3072 352 ) (3008 3072 352 ) (3008 3072 832 ) 
4 24 25 (2984 3840 832 ) (2984 3840 352 ) (2984 3072 352 ) (2984 3072 832 ) 
4 25 48 (2920 3072 832 ) (2920 3072 288 ) (2984 3072 288 ) (2984 3072 832 ) 
4 25 26 (2920 3840 832 ) (2920 3840 320 ) (2920 3072 320 ) (2920 3072 832 ) 
4 26 49 (2816 3072 832 ) (2816 3072 320 ) (2920 3072 320 ) (2920 3072 832 ) 
4 26 32 (2816 3072 320 ) (2816 3072 832 ) (2816 3840 832 ) (2816 3840 320 ) 
4 26 27 (2816 3072 320 ) (2816 3840 320 ) (2896 3840 320 ) (2896 3072 320 ) 
4 27 50 (2816 3072 320 ) (2816 3072 256 ) (2896 3072 256 ) (2896 3072 320 ) 
4 27 32 (2816 3072 256 ) (2816 3072 320 ) (2816 3840 320 ) (2816 3840 256 ) 
4 28 34 (2048 4096 832 ) (2048 4096 320 ) (2048 4032 320 ) (2048 4032 832 ) 
4 28 29 (2048 4032 832 ) (2048 4032 352 ) (2816 4032 352 ) (2816 4032 832 ) 
4 29 35 (2048 4008 352 ) (2048 4008 832 ) (2048 4032 832 ) (2048 4032 352 ) 
4 29 30 (2816 4008 352 ) (2816 4008 832 ) (2048 4008 832 ) (2048 4008 352 ) 
4 30 36 (2048 3944 288 ) (2048 3944 832 ) (2048 4008 832 ) (2048 4008 288 ) 
4 30 31 (2048 3944 832 ) (2048 3944 320 ) (2816 3944 320 ) (2816 3944 832 ) 
4 31 37 (2048 3920 320 ) (2048 3920 832 ) (2048 3944 832 ) (2048 3944 320 ) 
4 31 32 (2816 3920 320 ) (2816 3920 832 ) (2048 3920 832 ) (2048 3920 320 ) 
4 32 50 (2816 3072 256 ) (2816 3072 320 ) (2048 3072 320 ) (2048 3072 256 ) 
4 32 49 (2816 3072 320 ) (2816 3072 832 ) (2048 3072 832 ) (2048 3072 320 ) 
4 32 38 (2048 3920 256 ) (2048 3072 256 ) (2048 3072 832 ) (2048 3920 832 ) 
4 32 33 (2048 3072 256 ) (2048 3840 256 ) (2816 3840 256 ) (2816 3072 256 ) 
4 33 51 (2816 3072 0 ) (2816 3072 256 ) (2048 3072 256 ) (2048 3072 0 ) 
4 33 42 (2048 3072 0 ) (2048 3072 256 ) (2048 3816 256 ) (2048 3816 0 ) 
4 33 39 (2048 3816 256 ) (2048 3840 256 ) (2048 3840 0 ) (2048 3816 0 ) 
4 34 65 (1024 4096 832 ) (1024 4096 320 ) (1024 4032 320 ) (1024 4032 832 ) 
4 34 35 (1024 4032 832 ) (1024 4032 352 ) (2048 4032 352 ) (2048 4032 832 ) 
4 35 66 (1024 4032 832 ) (1024 4032 352 ) (1024 4008 352 ) (1024 4008 832 ) 
4 35 36 (2048 4008 352 ) (2048 4008 832 ) (1024 4008 832 ) (1024 4008 352 ) 
4 36 67 (1024 4008 832 ) (1024 4008 288 ) (1024 3944 288 ) (1024 3944 832 ) 
4 36 37 (1024 3944 832 ) (1024 3944 320 ) (2048 3944 320 ) (2048 3944 832 ) 
4 37 68 (1024 3920 832 ) (1024 3944 832 ) (1024 3944 320 ) (1024 3920 320 ) 
4 37 38 (2048 3920 320 ) (2048 3920 832 ) (1024 3920 832 ) (1024 3920 320 ) 
4 38 69 (1024 3072 256 ) (1024 3072 832 ) (1024 3920 832 ) (1024 3920 256 ) 
4 38 52 (2048 3072 256 ) (2048 3072 832 ) (1024 3072 832 ) (1024 3072 256 ) 
4 38 43 (1152 3736 256 ) (1152 3816 256 ) (1168 3816 256 ) (1168 3736 256 ) 
4 38 44 (1168 3072 256 ) (1152 3072 256 ) (1152 3736 256 ) (1168 3736 256 ) 
4 38 42 (2048 3072 256 ) (1168 3072 256 ) (1168 3816 256 ) (2048 3816 256 ) 
4 38 45 (1152 3072 256 ) (1024 3072 256 ) (1024 3816 256 ) (1152 3816 256 ) 
4 38 41 (1024 3816 256 ) (1024 3832 256 ) (1168 3832 256 ) (1168 3816 256 ) 
4 38 40 (1024 3832 256 ) (1024 3840 256 ) (1168 3840 256 ) (1168 3832 256 ) 
4 38 39 (1168 3840 256 ) (2048 3840 256 ) (2048 3816 256 ) (1168 3816 256 ) 
4 39 42 (1168 3816 0 ) (2048 3816 0 ) (2048 3816 256 ) (1168 3816 256 ) 
4 39 41 (1168 3816 2 ) (1168 3816 256 ) (1168 3832 256 ) (1168 3832 2 ) 
4 39 40 (1168 3840 256 ) (1168 3840 0 ) (1168 3832 0 ) (1168 3832 256 ) 
4 40 70 (1024 3832 256 ) (1024 3840 256 ) (1024 3840 0 ) (1024 3832 0 ) 
4 40 41 (1168 3832 2 ) (1168 3832 256 ) (1024 3832 256 ) (1024 3832 2 ) 
4 41 71 (1024 3816 256 ) (1024 3832 256 ) (1024 3832 2 ) (1024 3816 2 ) 
4 41 43 (1168 3816 2 ) (1168 3816 256 ) (1152 3816 256 ) (1152 3816 2 ) 
4 41 45 (1152 3816 256 ) (1024 3816 256 ) (1024 3816 2 ) (1152 3816 2 ) 
4 42 52 (2048 3072 0 ) (2048 3072 256 ) (1168 3072 256 ) (1168 3072 0 ) 
4 42 43 (1168 3816 256 ) (1168 3816 2 ) (1168 3736 2 ) (1168 3736 256 ) 
4 42 44 (1168 3736 0 ) (1168 3072 0 ) (1168 3072 256 ) (1168 3736 256 ) 
4 43 44 (1152 3736 256 ) (1152 3736 2 ) (1168 3736 2 ) (1168 3736 256 ) 
4 43 45 (1152 3816 256 ) (1152 3816 2 ) (1152 3736 2 ) (1152 3736 256 ) 
4 44 52 (1168 3072 256 ) (1152 3072 256 ) (1152 3072 0 ) (1168 3072 0 ) 
4 44 45 (1152 3736 0 ) (1152 3072 0 ) (1152 3072 256 ) (1152 3736 256 ) 
4 45 73 (1024 3072 0 ) (1024 3072 256 ) (1024 3816 256 ) (1024 3816 0 ) 
4 45 52 (1152 3072 256 ) (1024 3072 256 ) (1024 3072 0 ) (1152 3072 0 ) 
4 46 112 (3072 2048 320 ) (3072 2048 832 ) (3008 2048 832 ) (3008 2048 320 ) 
4 46 47 (3008 2048 352 ) (3008 2048 832 ) (3008 3072 832 ) (3008 3072 352 ) 
4 47 113 (2984 2048 832 ) (2984 2048 352 ) (3008 2048 352 ) (3008 2048 832 ) 
4 47 48 (2984 3072 832 ) (2984 3072 352 ) (2984 2048 352 ) (2984 2048 832 ) 
4 48 114 (2920 2048 832 ) (2920 2048 288 ) (2984 2048 288 ) (2984 2048 832 ) 
4 48 49 (2920 2048 320 ) (2920 2048 832 ) (2920 3072 832 ) (2920 3072 320 ) 
4 49 115 (2048 2048 832 ) (2048 2048 320 ) (2920 2048 320 ) (2920 2048 832 ) 
4 49 52 (2048 3072 832 ) (2048 3072 320 ) (2048 2048 320 ) (2048 2048 832 ) 
4 49 50 (2048 2048 320 ) (2048 3072 320 ) (2896 3072 320 ) (2896 2048 320 ) 
4 50 116 (2048 2048 320 ) (2048 2048 256 ) (2896 2048 256 ) (2896 2048 320 ) 
4 50 52 (2048 3072 320 ) (2048 3072 256 ) (2048 2048 256 ) (2048 2048 320 ) 
4 50 51 (2048 3072 256 ) (2816 3072 256 ) (2816 2048 256 ) (2048 2048 256 ) 
4 51 117 (2816 2048 0 ) (2816 2048 256 ) (2048 2048 256 ) (2048 2048 0 ) 
4 51 52 (2048 3072 256 ) (2048 3072 0 ) (2048 2048 0 ) (2048 2048 256 ) 
4 52 118 (2048 2048 0 ) (2048 2048 832 ) (1024 2048 832 ) (1024 2048 0 ) 
4 52 91 (1024 2048 0 ) (1024 2048 832 ) (1024 3072 832 ) (1024 3072 0 ) 
4 53 56 (0 4184 576 ) (0 4184 832 ) (0 4208 832 ) (0 4208 576 ) 
4 53 54 (0 4184 832 ) (0 4184 576 ) (1024 4184 576 ) (1024 4184 832 ) 
4 54 57 (0 4120 352 ) (0 4120 832 ) (0 4184 832 ) (0 4184 352 ) 
4 54 55 (1024 4120 384 ) (1024 4120 832 ) (0 4120 832 ) (0 4120 384 ) 
4 55 65 (1024 4096 384 ) (1024 4096 832 ) (0 4096 832 ) (0 4096 384 ) 
4 55 58 (0 4096 384 ) (0 4096 832 ) (0 4120 832 ) (0 4120 384 ) 
4 56 61 (-1024 4184 576 ) (-1024 4184 832 ) (-1024 4208 832 ) (-1024 4208 576 ) 
4 56 59 (-768 4184 832 ) (-1024 4184 832 ) (-1024 4184 576 ) (-768 4184 576 ) 
4 56 57 (0 4184 576 ) (0 4184 832 ) (-768 4184 832 ) (-768 4184 576 ) 
4 57 59 (-768 4184 832 ) (-768 4184 352 ) (-768 4120 352 ) (-768 4120 832 ) 
4 57 58 (-768 4120 832 ) (-768 4120 384 ) (0 4120 384 ) (0 4120 832 ) 
4 58 77 (0 4096 384 ) (0 4096 832 ) (-768 4096 832 ) (-768 4096 384 ) 
4 58 59 (-768 4112 832 ) (-768 4120 832 ) (-768 4120 384 ) (-768 4112 384 ) 
4 58 60 (-768 4096 384 ) (-768 4096 832 ) (-768 4112 832 ) (-768 4112 384 ) 
4 59 62 (-1024 4184 576 ) (-1024 4184 352 ) (-1024 4112 352 ) (-1024 4112 576 ) 
4 59 61 (-1024 4112 832 ) (-1024 4184 832 ) (-1024 4184 576 ) (-1024 4112 576 ) 
4 59 60 (-768 4112 352 ) (-768 4112 832 ) (-1024 4112 832 ) (-1024 4112 352 ) 
4 60 83 (-768 4096 320 ) (-768 4096 832 ) (-1024 4096 832 ) (-1024 4096 320 ) 
4 60 63 (-1024 4096 320 ) (-1024 4096 576 ) (-1024 4112 576 ) (-1024 4112 320 ) 
4 60 61 (-1024 4096 576 ) (-1024 4096 832 ) (-1024 4112 832 ) (-1024 4112 576 ) 
4 61 102 (-1112 4096 832 ) (-1136 4096 832 ) (-1136 4096 576 ) (-1112 4096 576 ) 
4 61 99 (-1040 4096 832 ) (-1112 4096 832 ) (-1112 4096 576 ) (-1040 4096 576 ) 
4 61 98 (-1024 4096 576 ) (-1024 4096 832 ) (-1040 4096 832 ) (-1040 4096 576 ) 
4 61 64 (-1040 4096 576 ) (-1112 4096 576 ) (-1112 4184 576 ) (-1040 4184 576 ) 
4 61 62 (-1040 4112 576 ) (-1040 4184 576 ) (-1024 4184 576 ) (-1024 4112 576 ) 
4 61 63 (-1024 4096 576 ) (-1040 4096 576 ) (-1040 4112 576 ) (-1024 4112 576 ) 
4 62 64 (-1040 4184 576 ) (-1040 4184 352 ) (-1040 4112 352 ) (-1040 4112 576 ) 
4 62 63 (-1040 4112 576 ) (-1040 4112 352 ) (-1024 4112 352 ) (-1024 4112 576 ) 
4 63 98 (-1024 4096 320 ) (-1024 4096 576 ) (-1040 4096 576 ) (-1040 4096 320 ) 
4 63 64 (-1040 4096 352 ) (-1040 4096 576 ) (-1040 4112 576 ) (-1040 4112 352 ) 
4 64 99 (-1040 4096 576 ) (-1112 4096 576 ) (-1112 4096 352 ) (-1040 4096 352 ) 
4 65 77 (0 4096 832 ) (0 4096 320 ) (0 4032 320 ) (0 4032 832 ) 
4 65 66 (0 4032 832 ) (0 4032 352 ) (1024 4032 352 ) (1024 4032 832 ) 
4 66 78 (0 4008 352 ) (0 4008 832 ) (0 4032 832 ) (0 4032 352 ) 
4 66 67 (1024 4008 352 ) (1024 4008 832 ) (0 4008 832 ) (0 4008 352 ) 
4 67 79 (0 3944 288 ) (0 3944 832 ) (0 4008 832 ) (0 4008 288 ) 
4 67 68 (0 3944 832 ) (0 3944 320 ) (1024 3944 320 ) (1024 3944 832 ) 
4 68 80 (0 3920 320 ) (0 3920 832 ) (0 3944 832 ) (0 3944 320 ) 
4 68 69 (1024 3920 320 ) (1024 3920 832 ) (0 3920 832 ) (0 3920 320 ) 
4 69 91 (1024 3072 256 ) (1024 3072 832 ) (0 3072 832 ) (0 3072 256 ) 
4 69 81 (0 3920 256 ) (0 3072 256 ) (0 3072 832 ) (0 3920 832 ) 
4 69 74 (880 3816 256 ) (896 3816 256 ) (896 3736 256 ) (880 3736 256 ) 
4 69 75 (896 3736 256 ) (896 3072 256 ) (880 3072 256 ) (880 3736 256 ) 
4 69 73 (896 3816 256 ) (1024 3816 256 ) (1024 3072 256 ) (896 3072 256 ) 
4 69 76 (0 3072 256 ) (0 3816 256 ) (880 3816 256 ) (880 3072 256 ) 
4 69 71 (1024 3832 256 ) (1024 3816 256 ) (880 3816 256 ) (880 3832 256 ) 
4 69 70 (880 3840 256 ) (1024 3840 256 ) (1024 3832 256 ) (880 3832 256 ) 
4 69 72 (0 3816 256 ) (0 3840 256 ) (880 3840 256 ) (880 3816 256 ) 
4 70 71 (880 3832 256 ) (880 3832 2 ) (1024 3832 2 ) (1024 3832 256 ) 
4 70 72 (880 3840 256 ) (880 3840 0 ) (880 3832 0 ) (880 3832 256 ) 
4 71 74 (896 3816 256 ) (880 3816 256 ) (880 3816 2 ) (896 3816 2 ) 
4 71 73 (1024 3816 2 ) (1024 3816 256 ) (896 3816 256 ) (896 3816 2 ) 
4 71 72 (880 3816 2 ) (880 3816 256 ) (880 3832 256 ) (880 3832 2 ) 
4 72 82 (0 3840 0 ) (0 3816 0 ) (0 3816 256 ) (0 3840 256 ) 
4 72 76 (0 3816 0 ) (880 3816 0 ) (880 3816 256 ) (0 3816 256 ) 
4 73 91 (1024 3072 0 ) (1024 3072 256 ) (896 3072 256 ) (896 3072 0 ) 
4 73 74 (896 3816 256 ) (896 3816 2 ) (896 3736 2 ) (896 3736 256 ) 
4 73 75 (896 3736 0 ) (896 3072 0 ) (896 3072 256 ) (896 3736 256 ) 
4 74 75 (880 3736 256 ) (880 3736 2 ) (896 3736 2 ) (896 3736 256 ) 
4 74 76 (880 3816 256 ) (880 3816 2 ) (880 3736 2 ) (880 3736 256 ) 
4 75 91 (896 3072 256 ) (880 3072 256 ) (880 3072 0 ) (896 3072 0 ) 
4 75 76 (880 3736 0 ) (880 3072 0 ) (880 3072 256 ) (880 3736 256 ) 
4 76 91 (880 3072 256 ) (0 3072 256 ) (0 3072 0 ) (880 3072 0 ) 
4 76 82 (0 3816 0 ) (0 3072 0 ) (0 3072 256 ) (0 3816 256 ) 
4 77 83 (-768 4096 832 ) (-768 4096 320 ) (-768 4032 320 ) (-768 4032 832 ) 
4 77 78 (-768 4032 832 ) (-768 4032 352 ) (0 4032 352 ) (0 4032 832 ) 
4 78 83 (-768 4032 832 ) (-768 4032 352 ) (-768 4008 352 ) (-768 4008 832 ) 
4 78 79 (-768 4008 832 ) (-768 4008 352 ) (0 4008 352 ) (0 4008 832 ) 
4 79 84 (-768 4008 320 ) (-768 4008 288 ) (-768 3944 288 ) (-768 3944 320 ) 
4 79 83 (-768 4008 832 ) (-768 4008 320 ) (-768 3944 320 ) (-768 3944 832 ) 
4 79 80 (-768 3944 832 ) (-768 3944 320 ) (0 3944 320 ) (0 3944 832 ) 
4 80 83 (-768 3920 832 ) (-768 3944 832 ) (-768 3944 320 ) (-768 3920 320 ) 
4 80 81 (0 3920 320 ) (0 3920 832 ) (-768 3920 832 ) (-768 3920 320 ) 
4 81 93 (0 3072 256 ) (0 3072 320 ) (-768 3072 320 ) (-768 3072 256 ) 
4 81 92 (0 3072 320 ) (0 3072 832 ) (-768 3072 832 ) (-768 3072 320 ) 
4 81 87 (-768 3072 256 ) (-768 3072 320 ) (-768 3840 320 ) (-768 3840 256 ) 
4 81 86 (-768 3072 320 ) (-768 3072 832 ) (-768 3840 832 ) (-768 3840 320 ) 
4 81 85 (-768 3920 288 ) (-768 3920 256 ) (-768 3840 256 ) (-768 3840 288 ) 
4 81 84 (-768 3920 320 ) (-768 3920 288 ) (-768 3840 288 ) (-768 3840 320 ) 
4 81 83 (-768 3840 832 ) (-768 3920 832 ) (-768 3920 320 ) (-768 3840 320 ) 
4 81 82 (0 3072 256 ) (-768 3072 256 ) (-768 3840 256 ) (0 3840 256 ) 
4 82 97 (0 3072 0 ) (0 3072 256 ) (-768 3072 256 ) (-768 3072 0 ) 
4 83 98 (-1024 4096 832 ) (-1024 4096 320 ) (-1024 3840 320 ) (-1024 3840 832 ) 
4 83 90 (-1024 3840 832 ) (-1024 3840 320 ) (-960 3840 320 ) (-960 3840 832 ) 
4 83 89 (-936 3840 352 ) (-936 3840 832 ) (-960 3840 832 ) (-960 3840 352 ) 
4 83 88 (-936 3840 320 ) (-872 3840 320 ) (-872 3840 832 ) (-936 3840 832 ) 
4 83 86 (-872 3840 320 ) (-768 3840 320 ) (-768 3840 832 ) (-872 3840 832 ) 
4 83 84 (-768 3840 320 ) (-952 3840 320 ) (-952 4024 320 ) (-768 4024 320 ) 
4 84 88 (-936 3840 288 ) (-872 3840 288 ) (-872 3840 320 ) (-936 3840 320 ) 
4 84 87 (-848 3840 288 ) (-768 3840 288 ) (-768 3840 320 ) (-848 3840 320 ) 
4 84 85 (-768 3840 288 ) (-864 3840 288 ) (-864 3936 288 ) (-768 3936 288 ) 
4 85 87 (-848 3840 256 ) (-768 3840 256 ) (-768 3840 288 ) (-848 3840 288 ) 
4 86 92 (-768 3072 320 ) (-768 3072 832 ) (-872 3072 832 ) (-872 3072 320 ) 
4 86 88 (-872 3840 832 ) (-872 3840 320 ) (-872 3072 320 ) (-872 3072 832 ) 
4 86 87 (-848 3840 320 ) (-768 3840 320 ) (-768 3072 320 ) (-848 3072 320 ) 
4 87 93 (-768 3072 256 ) (-768 3072 320 ) (-848 3072 320 ) (-848 3072 256 ) 
4 88 94 (-936 3072 832 ) (-936 3072 288 ) (-872 3072 288 ) (-872 3072 832 ) 
4 88 89 (-936 3840 832 ) (-936 3840 352 ) (-936 3072 352 ) (-936 3072 832 ) 
4 89 95 (-960 3072 832 ) (-960 3072 352 ) (-936 3072 352 ) (-936 3072 832 ) 
4 89 90 (-960 3840 832 ) (-960 3840 352 ) (-960 3072 352 ) (-960 3072 832 ) 
4 90 100 (-1024 3072 384 ) (-1024 3072 832 ) (-1024 3840 832 ) (-1024 3840 384 ) 
4 90 96 (-1024 3072 832 ) (-1024 3072 320 ) (-960 3072 320 ) (-960 3072 832 ) 
4 91 170 (1024 2048 0 ) (1024 2048 832 ) (0 2048 832 ) (0 2048 0 ) 
4 91 97 (0 3072 256 ) (0 3072 0 ) (0 2048 0 ) (0 2048 256 ) 
4 91 93 (0 3072 320 ) (0 3072 256 ) (0 2048 256 ) (0 2048 320 ) 
4 91 92 (0 3072 832 ) (0 3072 320 ) (0 2048 320 ) (0 2048 832 ) 
4 92 171 (0 2048 320 ) (0 2048 832 ) (-872 2048 832 ) (-872 2048 320 ) 
4 92 94 (-872 2048 320 ) (-872 2048 832 ) (-872 3072 832 ) (-872 3072 320 ) 
4 92 93 (0 2048 320 ) (-848 2048 320 ) (-848 3072 320 ) (0 3072 320 ) 
4 93 172 (0 2048 256 ) (0 2048 320 ) (-848 2048 320 ) (-848 2048 256 ) 
4 93 97 (0 3072 256 ) (0 2048 256 ) (-768 2048 256 ) (-768 3072 256 ) 
4 94 173 (-936 2048 832 ) (-936 2048 288 ) (-872 2048 288 ) (-872 2048 832 ) 
4 94 95 (-936 3072 832 ) (-936 3072 352 ) (-936 2048 352 ) (-936 2048 832 ) 
4 95 174 (-960 2048 832 ) (-960 2048 352 ) (-936 2048 352 ) (-936 2048 832 ) 
4 95 96 (-960 2048 352 ) (-960 2048 832 ) (-960 3072 832 ) (-960 3072 352 ) 
4 96 175 (-1024 2048 832 ) (-1024 2048 320 ) (-960 2048 320 ) (-960 2048 832 ) 
4 96 103 (-1024 2048 384 ) (-1024 2048 832 ) (-1024 3072 832 ) (-1024 3072 384 ) 
4 97 176 (0 2048 0 ) (0 2048 256 ) (-768 2048 256 ) (-768 2048 0 ) 
4 98 100 (-1024 3840 384 ) (-1024 3840 832 ) (-1040 3840 832 ) (-1040 3840 384 ) 
4 98 99 (-1040 3840 352 ) (-1040 3840 832 ) (-1040 4096 832 ) (-1040 4096 352 ) 
4 99 102 (-1112 3840 576 ) (-1112 3840 832 ) (-1112 4096 832 ) (-1112 4096 576 ) 
4 99 101 (-1112 3840 832 ) (-1112 3840 352 ) (-1048 3840 352 ) (-1048 3840 832 ) 
4 99 100 (-1040 3840 384 ) (-1040 3840 832 ) (-1048 3840 832 ) (-1048 3840 384 ) 
4 100 103 (-1024 3072 384 ) (-1024 3072 832 ) (-1048 3072 832 ) (-1048 3072 384 ) 
4 100 101 (-1048 3840 832 ) (-1048 3840 384 ) (-1048 3072 384 ) (-1048 3072 832 ) 
4 101 104 (-1048 3072 352 ) (-1048 3072 832 ) (-1112 3072 832 ) (-1112 3072 352 ) 
4 101 102 (-1112 3072 576 ) (-1112 3072 832 ) (-1112 3840 832 ) (-1112 3840 576 ) 
4 102 105 (-1112 3072 576 ) (-1112 3072 832 ) (-1136 3072 832 ) (-1136 3072 576 ) 
4 103 184 (-1024 2048 384 ) (-1024 2048 832 ) (-1048 2048 832 ) (-1048 2048 384 ) 
4 103 104 (-1048 2048 384 ) (-1048 2048 832 ) (-1048 3072 832 ) (-1048 3072 384 ) 
4 104 185 (-1048 2048 352 ) (-1048 2048 832 ) (-1112 2048 832 ) (-1112 2048 352 ) 
4 104 105 (-1112 3072 832 ) (-1112 3072 576 ) (-1112 2048 576 ) (-1112 2048 832 ) 
4 105 186 (-1112 2048 576 ) (-1112 2048 832 ) (-1136 2048 832 ) (-1136 2048 576 ) 
4 106 109 (3184 1024 576 ) (3184 1024 832 ) (3160 1024 832 ) (3160 1024 576 ) 
4 106 107 (3160 2048 832 ) (3160 2048 576 ) (3160 1024 576 ) (3160 1024 832 ) 
4 107 110 (3160 1024 352 ) (3160 1024 832 ) (3096 1024 832 ) (3096 1024 352 ) 
4 107 108 (3096 1024 384 ) (3096 1024 832 ) (3096 2048 832 ) (3096 2048 384 ) 
4 108 112 (3072 2048 832 ) (3072 2048 384 ) (3072 1024 384 ) (3072 1024 832 ) 
4 108 111 (3096 1024 384 ) (3096 1024 832 ) (3072 1024 832 ) (3072 1024 384 ) 
4 109 126 (3184 0 576 ) (3184 0 832 ) (3160 0 832 ) (3160 0 576 ) 
4 109 110 (3160 1024 832 ) (3160 1024 576 ) (3160 0 576 ) (3160 0 832 ) 
4 110 127 (3160 0 352 ) (3160 0 832 ) (3096 0 832 ) (3096 0 352 ) 
4 110 111 (3096 0 384 ) (3096 0 832 ) (3096 1024 832 ) (3096 1024 384 ) 
4 111 128 (3096 0 384 ) (3096 0 832 ) (3072 0 832 ) (3072 0 384 ) 
4 111 119 (3072 0 384 ) (3072 0 832 ) (3072 1024 832 ) (3072 1024 384 ) 
4 112 119 (3072 1024 320 ) (3072 1024 832 ) (3008 1024 832 ) (3008 1024 320 ) 
4 112 113 (3008 1024 352 ) (3008 1024 832 ) (3008 2048 832 ) (3008 2048 352 ) 
4 113 120 (2984 1024 832 ) (2984 1024 352 ) (3008 1024 352 ) (3008 1024 832 ) 
4 113 114 (2984 2048 832 ) (2984 2048 352 ) (2984 1024 352 ) (2984 1024 832 ) 
4 114 121 (2920 1024 832 ) (2920 1024 288 ) (2984 1024 288 ) (2984 1024 832 ) 
4 114 115 (2920 1024 320 ) (2920 1024 832 ) (2920 2048 832 ) (2920 2048 320 ) 
4 115 122 (2048 1024 832 ) (2048 1024 320 ) (2920 1024 320 ) (2920 1024 832 ) 
4 115 118 (2048 2048 832 ) (2048 2048 320 ) (2048 1024 320 ) (2048 1024 832 ) 
4 115 116 (2048 1024 320 ) (2048 2048 320 ) (2896 2048 320 ) (2896 1024 320 ) 
4 116 123 (2048 1024 320 ) (2048 1024 256 ) (2896 1024 256 ) (2896 1024 320 ) 
4 116 118 (2048 2048 320 ) (2048 2048 256 ) (2048 1024 256 ) (2048 1024 320 ) 
4 116 117 (2816 1024 256 ) (2048 1024 256 ) (2048 2048 256 ) (2816 2048 256 ) 
4 117 124 (2816 1024 0 ) (2816 1024 256 ) (2048 1024 256 ) (2048 1024 0 ) 
4 117 118 (2048 2048 256 ) (2048 2048 0 ) (2048 1024 0 ) (2048 1024 256 ) 
4 118 170 (1024 2048 832 ) (1024 2048 0 ) (1024 1024 0 ) (1024 1024 832 ) 
4 118 125 (2048 1024 0 ) (2048 1024 832 ) (1024 1024 832 ) (1024 1024 0 ) 
4 119 135 (3072 0 320 ) (3072 0 832 ) (3008 0 832 ) (3008 0 320 ) 
4 119 120 (3008 0 352 ) (3008 0 832 ) (3008 1024 832 ) (3008 1024 352 ) 
4 120 136 (2984 0 832 ) (2984 0 352 ) (3008 0 352 ) (3008 0 832 ) 
4 120 121 (2984 1024 832 ) (2984 1024 352 ) (2984 0 352 ) (2984 0 832 ) 
4 121 137 (2920 0 832 ) (2920 0 288 ) (2984 0 288 ) (2984 0 832 ) 
4 121 122 (2920 0 320 ) (2920 0 832 ) (2920 1024 832 ) (2920 1024 320 ) 
4 122 138 (2048 0 832 ) (2048 0 320 ) (2920 0 320 ) (2920 0 832 ) 
4 122 125 (2048 1024 832 ) (2048 1024 320 ) (2048 0 320 ) (2048 0 832 ) 
4 122 123 (2048 0 320 ) (2048 1024 320 ) (2896 1024 320 ) (2896 0 320 ) 
4 123 139 (2048 0 320 ) (2048 0 256 ) (2896 0 256 ) (2896 0 320 ) 
4 123 125 (2048 1024 320 ) (2048 1024 256 ) (2048 0 256 ) (2048 0 320 ) 
4 123 124 (2048 1024 256 ) (2816 1024 256 ) (2816 0 256 ) (2048 0 256 ) 
4 124 140 (2816 0 0 ) (2816 0 256 ) (2048 0 256 ) (2048 0 0 ) 
4 124 125 (2048 1024 256 ) (2048 1024 0 ) (2048 0 0 ) (2048 0 256 ) 
4 125 177 (1024 0 0 ) (1024 0 832 ) (1024 1024 832 ) (1024 1024 0 ) 
4 125 141 (2048 0 0 ) (2048 0 832 ) (1024 0 832 ) (1024 0 0 ) 
4 126 129 (3184 -1024 576 ) (3184 -1024 832 ) (3160 -1024 832 ) (3160 -1024 576 ) 
4 126 127 (3160 0 832 ) (3160 0 576 ) (3160 -1024 576 ) (3160 -1024 832 ) 
4 127 130 (3160 -1024 352 ) (3160 -1024 576 ) (3096 -1024 576 ) (3096 -1024 352 ) 
4 127 129 (3160 -1024 576 ) (3160 -1024 832 ) (3096 -1024 832 ) (3096 -1024 576 ) 
4 127 128 (3096 -1024 384 ) (3096 -1024 832 ) (3096 0 832 ) (3096 0 384 ) 
4 128 135 (3072 0 832 ) (3072 0 384 ) (3072 -1024 384 ) (3072 -1024 832 ) 
4 128 131 (3096 -1024 384 ) (3096 -1024 576 ) (3072 -1024 576 ) (3072 -1024 384 ) 
4 128 129 (3096 -1024 576 ) (3096 -1024 832 ) (3072 -1024 832 ) (3072 -1024 576 ) 
4 129 149 (3072 -1648 832 ) (3072 -1624 832 ) (3072 -1624 576 ) (3072 -1648 576 ) 
4 129 147 (3072 -1624 832 ) (3072 -1280 832 ) (3072 -1280 576 ) (3072 -1624 576 ) 
4 129 142 (3072 -1280 832 ) (3072 -1024 832 ) (3072 -1024 576 ) (3072 -1280 576 ) 
4 129 134 (3088 -1624 576 ) (3072 -1624 576 ) (3072 -1552 576 ) (3088 -1552 576 ) 
4 129 133 (3072 -1552 576 ) (3072 -1280 576 ) (3088 -1280 576 ) (3088 -1552 576 ) 
4 129 132 (3160 -1280 576 ) (3160 -1624 576 ) (3088 -1624 576 ) (3088 -1280 576 ) 
4 129 131 (3072 -1024 576 ) (3096 -1024 576 ) (3096 -1280 576 ) (3072 -1280 576 ) 
4 129 130 (3096 -1024 576 ) (3160 -1024 576 ) (3160 -1280 576 ) (3096 -1280 576 ) 
4 130 132 (3160 -1280 352 ) (3160 -1280 576 ) (3096 -1280 576 ) (3096 -1280 352 ) 
4 130 131 (3096 -1280 384 ) (3096 -1280 576 ) (3096 -1024 576 ) (3096 -1024 384 ) 
4 131 142 (3072 -1280 576 ) (3072 -1024 576 ) (3072 -1024 384 ) (3072 -1280 384 ) 
4 131 133 (3088 -1280 576 ) (3072 -1280 576 ) (3072 -1280 384 ) (3088 -1280 384 ) 
4 131 132 (3096 -1280 384 ) (3096 -1280 576 ) (3088 -1280 576 ) (3088 -1280 384 ) 
4 132 134 (3088 -1552 352 ) (3088 -1624 352 ) (3088 -1624 576 ) (3088 -1552 576 ) 
4 132 133 (3088 -1280 576 ) (3088 -1280 352 ) (3088 -1552 352 ) (3088 -1552 576 ) 
4 133 148 (3072 -1280 352 ) (3072 -1280 320 ) (3072 -1552 320 ) (3072 -1552 352 ) 
4 133 147 (3072 -1552 576 ) (3072 -1280 576 ) (3072 -1280 352 ) (3072 -1552 352 ) 
4 133 134 (3088 -1552 352 ) (3088 -1552 576 ) (3072 -1552 576 ) (3072 -1552 352 ) 
4 134 147 (3072 -1624 576 ) (3072 -1552 576 ) (3072 -1552 352 ) (3072 -1624 352 ) 
4 135 142 (3072 -1024 320 ) (3072 -1024 832 ) (3008 -1024 832 ) (3008 -1024 320 ) 
4 135 136 (3008 -1024 352 ) (3008 -1024 832 ) (3008 0 832 ) (3008 0 352 ) 
4 136 143 (2984 -1024 832 ) (2984 -1024 352 ) (3008 -1024 352 ) (3008 -1024 832 ) 
4 136 137 (2984 0 832 ) (2984 0 352 ) (2984 -1024 352 ) (2984 -1024 832 ) 
4 137 144 (2920 -1024 832 ) (2920 -1024 288 ) (2984 -1024 288 ) (2984 -1024 832 ) 
4 137 138 (2920 -1024 320 ) (2920 -1024 832 ) (2920 0 832 ) (2920 0 320 ) 
4 138 152 (2048 -1024 832 ) (2048 -1024 320 ) (2816 -1024 320 ) (2816 -1024 832 ) 
4 138 145 (2896 -1024 320 ) (2920 -1024 320 ) (2920 -1024 832 ) (2896 -1024 832 ) 
4 138 146 (2816 -1024 320 ) (2896 -1024 320 ) (2896 -1024 832 ) (2816 -1024 832 ) 
4 138 141 (2048 0 832 ) (2048 0 320 ) (2048 -1024 320 ) (2048 -1024 832 ) 
4 138 139 (2048 -1024 320 ) (2048 0 320 ) (2896 0 320 ) (2896 -1024 320 ) 
4 139 153 (2048 -1024 320 ) (2048 -1024 256 ) (2816 -1024 256 ) (2816 -1024 320 ) 
4 139 146 (2816 -1024 256 ) (2896 -1024 256 ) (2896 -1024 320 ) (2816 -1024 320 ) 
4 139 141 (2048 0 320 ) (2048 0 256 ) (2048 -1024 256 ) (2048 -1024 320 ) 
4 139 140 (2816 -1024 256 ) (2048 -1024 256 ) (2048 0 256 ) (2816 0 256 ) 
4 140 160 (2816 -1024 0 ) (2816 -1024 256 ) (2048 -1024 256 ) (2048 -1024 0 ) 
4 140 141 (2048 0 256 ) (2048 0 0 ) (2048 -1024 0 ) (2048 -1024 256 ) 
4 141 190 (1024 -1024 0 ) (1024 -1024 832 ) (1024 0 832 ) (1024 0 0 ) 
4 141 169 (2048 -1024 0 ) (2048 -1024 256 ) (1024 -1024 256 ) (1024 -1024 0 ) 
4 141 162 (2048 -1024 256 ) (2048 -1024 320 ) (1024 -1024 320 ) (1024 -1024 256 ) 
4 141 161 (2048 -1024 320 ) (2048 -1024 832 ) (1024 -1024 832 ) (1024 -1024 320 ) 
4 142 148 (3072 -1280 320 ) (3072 -1280 352 ) (3008 -1280 352 ) (3008 -1280 320 ) 
4 142 147 (3072 -1280 352 ) (3072 -1280 832 ) (3008 -1280 832 ) (3008 -1280 352 ) 
4 142 143 (3008 -1024 832 ) (3008 -1024 352 ) (3008 -1280 352 ) (3008 -1280 832 ) 
4 143 147 (3008 -1280 352 ) (3008 -1280 832 ) (2984 -1280 832 ) (2984 -1280 352 ) 
4 143 144 (2984 -1280 352 ) (2984 -1280 832 ) (2984 -1024 832 ) (2984 -1024 352 ) 
4 144 150 (2984 -1280 288 ) (2984 -1280 320 ) (2920 -1280 320 ) (2920 -1280 288 ) 
4 144 148 (2984 -1280 320 ) (2984 -1280 352 ) (2920 -1280 352 ) (2920 -1280 320 ) 
4 144 147 (2984 -1280 352 ) (2984 -1280 832 ) (2920 -1280 832 ) (2920 -1280 352 ) 
4 144 145 (2920 -1024 832 ) (2920 -1024 320 ) (2920 -1280 320 ) (2920 -1280 832 ) 
4 145 148 (2920 -1280 320 ) (2920 -1280 352 ) (2896 -1280 352 ) (2896 -1280 320 ) 
4 145 147 (2920 -1280 352 ) (2920 -1280 832 ) (2896 -1280 832 ) (2896 -1280 352 ) 
4 145 146 (2896 -1280 320 ) (2896 -1280 832 ) (2896 -1024 832 ) (2896 -1024 320 ) 
4 146 153 (2816 -1024 320 ) (2816 -1024 256 ) (2816 -1280 256 ) (2816 -1280 320 ) 
4 146 152 (2816 -1024 832 ) (2816 -1024 320 ) (2816 -1280 320 ) (2816 -1280 832 ) 
4 146 151 (2816 -1280 288 ) (2816 -1280 256 ) (2896 -1280 256 ) (2896 -1280 288 ) 
4 146 150 (2816 -1280 320 ) (2816 -1280 288 ) (2896 -1280 288 ) (2896 -1280 320 ) 
4 146 148 (2816 -1280 352 ) (2816 -1280 320 ) (2896 -1280 320 ) (2896 -1280 352 ) 
4 146 147 (2816 -1280 832 ) (2816 -1280 352 ) (2896 -1280 352 ) (2896 -1280 832 ) 
4 147 158 (2816 -1560 352 ) (2816 -1624 352 ) (2816 -1624 832 ) (2816 -1560 832 ) 
4 147 157 (2816 -1560 384 ) (2816 -1560 832 ) (2816 -1536 832 ) (2816 -1536 384 ) 
4 147 156 (2816 -1472 352 ) (2816 -1536 352 ) (2816 -1536 832 ) (2816 -1472 832 ) 
4 147 155 (2816 -1448 352 ) (2816 -1472 352 ) (2816 -1472 832 ) (2816 -1448 832 ) 
4 147 154 (2816 -1384 352 ) (2816 -1448 352 ) (2816 -1448 832 ) (2816 -1384 832 ) 
4 147 152 (2816 -1280 832 ) (2816 -1280 352 ) (2816 -1384 352 ) (2816 -1384 832 ) 
4 147 149 (2816 -1624 832 ) (2816 -1624 576 ) (3072 -1624 576 ) (3072 -1624 832 ) 
4 147 148 (2816 -1552 352 ) (2816 -1280 352 ) (3072 -1280 352 ) (3072 -1552 352 ) 
4 148 156 (2816 -1472 320 ) (2816 -1536 320 ) (2816 -1536 352 ) (2816 -1472 352 ) 
4 148 154 (2816 -1384 320 ) (2816 -1448 320 ) (2816 -1448 352 ) (2816 -1384 352 ) 
4 148 152 (2816 -1280 352 ) (2816 -1280 320 ) (2816 -1384 320 ) (2816 -1384 352 ) 
4 148 150 (2816 -1464 320 ) (2816 -1280 320 ) (3000 -1280 320 ) (3000 -1464 320 ) 
4 149 159 (2816 -1624 832 ) (2816 -1624 576 ) (2816 -1648 576 ) (2816 -1648 832 ) 
4 150 154 (2816 -1448 320 ) (2816 -1384 320 ) (2816 -1384 288 ) (2816 -1448 288 ) 
4 150 153 (2816 -1360 320 ) (2816 -1280 320 ) (2816 -1280 288 ) (2816 -1360 288 ) 
4 150 151 (2816 -1376 288 ) (2816 -1280 288 ) (2912 -1280 288 ) (2912 -1376 288 ) 
4 151 153 (2816 -1360 288 ) (2816 -1280 288 ) (2816 -1280 256 ) (2816 -1360 256 ) 
4 152 161 (2048 -1024 832 ) (2048 -1024 320 ) (2048 -1384 320 ) (2048 -1384 832 ) 
4 152 154 (2048 -1384 832 ) (2048 -1384 320 ) (2816 -1384 320 ) (2816 -1384 832 ) 
4 152 153 (2048 -1360 320 ) (2048 -1024 320 ) (2816 -1024 320 ) (2816 -1360 320 ) 
4 153 162 (2048 -1024 320 ) (2048 -1024 256 ) (2048 -1360 256 ) (2048 -1360 320 ) 
4 153 160 (2048 -1280 256 ) (2048 -1024 256 ) (2816 -1024 256 ) (2816 -1280 256 ) 
4 154 163 (2048 -1384 832 ) (2048 -1384 288 ) (2048 -1448 288 ) (2048 -1448 832 ) 
4 154 155 (2816 -1448 352 ) (2816 -1448 832 ) (2048 -1448 832 ) (2048 -1448 352 ) 
4 155 164 (2048 -1448 832 ) (2048 -1448 352 ) (2048 -1472 352 ) (2048 -1472 832 ) 
4 155 156 (2048 -1472 832 ) (2048 -1472 352 ) (2816 -1472 352 ) (2816 -1472 832 ) 
4 156 165 (2048 -1472 832 ) (2048 -1472 320 ) (2048 -1536 320 ) (2048 -1536 832 ) 
4 156 157 (2048 -1536 832 ) (2048 -1536 384 ) (2816 -1536 384 ) (2816 -1536 832 ) 
4 157 166 (2048 -1536 832 ) (2048 -1536 384 ) (2048 -1560 384 ) (2048 -1560 832 ) 
4 157 158 (2816 -1560 384 ) (2816 -1560 832 ) (2048 -1560 832 ) (2048 -1560 384 ) 
4 158 167 (2048 -1560 832 ) (2048 -1560 352 ) (2048 -1624 352 ) (2048 -1624 832 ) 
4 158 159 (2048 -1624 832 ) (2048 -1624 576 ) (2816 -1624 576 ) (2816 -1624 832 ) 
4 159 168 (2048 -1624 832 ) (2048 -1624 576 ) (2048 -1648 576 ) (2048 -1648 832 ) 
4 160 169 (2048 -1280 0 ) (2048 -1280 256 ) (2048 -1024 256 ) (2048 -1024 0 ) 
4 161 197 (1024 -1024 832 ) (1024 -1024 320 ) (1024 -1384 320 ) (1024 -1384 832 ) 
4 161 163 (1024 -1384 832 ) (1024 -1384 320 ) (2048 -1384 320 ) (2048 -1384 832 ) 
4 161 162 (1024 -1360 320 ) (1024 -1024 320 ) (2048 -1024 320 ) (2048 -1360 320 ) 
4 162 198 (1024 -1024 320 ) (1024 -1024 256 ) (1024 -1360 256 ) (1024 -1360 320 ) 
4 162 169 (1024 -1024 256 ) (2048 -1024 256 ) (2048 -1280 256 ) (1024 -1280 256 ) 
4 163 199 (1024 -1384 832 ) (1024 -1384 288 ) (1024 -1448 288 ) (1024 -1448 832 ) 
4 163 164 (2048 -1448 352 ) (2048 -1448 832 ) (1024 -1448 832 ) (1024 -1448 352 ) 
4 164 200 (1024 -1448 832 ) (1024 -1448 352 ) (1024 -1472 352 ) (1024 -1472 832 ) 
4 164 165 (1024 -1472 832 ) (1024 -1472 352 ) (2048 -1472 352 ) (2048 -1472 832 ) 
4 165 201 (1024 -1472 832 ) (1024 -1472 320 ) (1024 -1536 320 ) (1024 -1536 832 ) 
4 165 166 (1024 -1536 832 ) (1024 -1536 384 ) (2048 -1536 384 ) (2048 -1536 832 ) 
4 166 202 (1024 -1536 832 ) (1024 -1536 384 ) (1024 -1560 384 ) (1024 -1560 832 ) 
4 166 167 (2048 -1560 384 ) (2048 -1560 832 ) (1024 -1560 832 ) (1024 -1560 384 ) 
4 167 203 (1024 -1560 832 ) (1024 -1560 352 ) (1024 -1624 352 ) (1024 -1624 832 ) 
4 167 168 (1024 -1624 832 ) (1024 -1624 576 ) (2048 -1624 576 ) (2048 -1624 832 ) 
4 168 204 (1024 -1624 832 ) (1024 -1624 576 ) (1024 -1648 576 ) (1024 -1648 832 ) 
4 169 205 (1024 -1280 0 ) (1024 -1280 256 ) (1024 -1024 256 ) (1024 -1024 0 ) 
4 170 177 (1024 1024 0 ) (1024 1024 832 ) (0 1024 832 ) (0 1024 0 ) 
4 170 176 (0 2048 256 ) (0 2048 0 ) (0 1024 0 ) (0 1024 256 ) 
4 170 172 (0 2048 320 ) (0 2048 256 ) (0 1024 256 ) (0 1024 320 ) 
4 170 171 (0 2048 832 ) (0 2048 320 ) (0 1024 320 ) (0 1024 832 ) 
4 171 178 (0 1024 320 ) (0 1024 832 ) (-872 1024 832 ) (-872 1024 320 ) 
4 171 173 (-872 1024 320 ) (-872 1024 832 ) (-872 2048 832 ) (-872 2048 320 ) 
4 171 172 (0 1024 320 ) (-848 1024 320 ) (-848 2048 320 ) (0 2048 320 ) 
4 172 179 (0 1024 256 ) (0 1024 320 ) (-848 1024 320 ) (-848 1024 256 ) 
4 172 176 (-768 2048 256 ) (0 2048 256 ) (0 1024 256 ) (-768 1024 256 ) 
4 173 180 (-936 1024 832 ) (-936 1024 288 ) (-872 1024 288 ) (-872 1024 832 ) 
4 173 174 (-936 2048 832 ) (-936 2048 352 ) (-936 1024 352 ) (-936 1024 832 ) 
4 174 181 (-960 1024 832 ) (-960 1024 352 ) (-936 1024 352 ) (-936 1024 832 ) 
4 174 175 (-960 1024 352 ) (-960 1024 832 ) (-960 2048 832 ) (-960 2048 352 ) 
4 175 184 (-1024 2048 832 ) (-1024 2048 384 ) (-1024 1024 384 ) (-1024 1024 832 ) 
4 175 182 (-1024 1024 832 ) (-1024 1024 320 ) (-960 1024 320 ) (-960 1024 832 ) 
4 176 183 (0 1024 0 ) (0 1024 256 ) (-768 1024 256 ) (-768 1024 0 ) 
4 177 190 (1024 0 0 ) (1024 0 832 ) (0 0 832 ) (0 0 0 ) 
4 177 183 (0 1024 256 ) (0 1024 0 ) (0 0 0 ) (0 0 256 ) 
4 177 179 (0 1024 320 ) (0 1024 256 ) (0 0 256 ) (0 0 320 ) 
4 177 178 (0 1024 832 ) (0 1024 320 ) (0 0 320 ) (0 0 832 ) 
4 178 191 (0 0 320 ) (0 0 832 ) (-872 0 832 ) (-872 0 320 ) 
4 178 180 (-872 0 320 ) (-872 0 832 ) (-872 1024 832 ) (-872 1024 320 ) 
4 178 179 (0 0 320 ) (-848 0 320 ) (-848 1024 320 ) (0 1024 320 ) 
4 179 192 (0 0 256 ) (0 0 320 ) (-848 0 320 ) (-848 0 256 ) 
4 179 183 (0 1024 256 ) (0 0 256 ) (-768 0 256 ) (-768 1024 256 ) 
4 180 193 (-936 0 832 ) (-936 0 288 ) (-872 0 288 ) (-872 0 832 ) 
4 180 181 (-936 1024 832 ) (-936 1024 352 ) (-936 0 352 ) (-936 0 832 ) 
4 181 194 (-960 0 832 ) (-960 0 352 ) (-936 0 352 ) (-936 0 832 ) 
4 181 182 (-960 0 352 ) (-960 0 832 ) (-960 1024 832 ) (-960 1024 352 ) 
4 182 195 (-1024 0 832 ) (-1024 0 320 ) (-960 0 320 ) (-960 0 832 ) 
4 182 187 (-1024 0 384 ) (-1024 0 832 ) (-1024 1024 832 ) (-1024 1024 384 ) 
4 183 196 (0 0 0 ) (0 0 256 ) (-768 0 256 ) (-768 0 0 ) 
4 184 187 (-1024 1024 384 ) (-1024 1024 832 ) (-1048 1024 832 ) (-1048 1024 384 ) 
4 184 185 (-1048 1024 384 ) (-1048 1024 832 ) (-1048 2048 832 ) (-1048 2048 384 ) 
4 185 188 (-1048 1024 352 ) (-1048 1024 832 ) (-1112 1024 832 ) (-1112 1024 352 ) 
4 185 186 (-1112 2048 832 ) (-1112 2048 576 ) (-1112 1024 576 ) (-1112 1024 832 ) 
4 186 189 (-1112 1024 576 ) (-1112 1024 832 ) (-1136 1024 832 ) (-1136 1024 576 ) 
4 187 225 (-1024 0 384 ) (-1024 0 832 ) (-1048 0 832 ) (-1048 0 384 ) 
4 187 188 (-1048 0 384 ) (-1048 0 832 ) (-1048 1024 832 ) (-1048 1024 384 ) 
4 188 226 (-1048 0 352 ) (-1048 0 832 ) (-1112 0 832 ) (-1112 0 352 ) 
4 188 189 (-1112 1024 832 ) (-1112 1024 576 ) (-1112 0 576 ) (-1112 0 832 ) 
4 189 227 (-1112 0 576 ) (-1112 0 832 ) (-1136 0 832 ) (-1136 0 576 ) 
4 190 205 (1024 -1024 0 ) (1024 -1024 256 ) (0 -1024 256 ) (0 -1024 0 ) 
4 190 198 (1024 -1024 256 ) (1024 -1024 320 ) (0 -1024 320 ) (0 -1024 256 ) 
4 190 197 (1024 -1024 320 ) (1024 -1024 832 ) (0 -1024 832 ) (0 -1024 320 ) 
4 190 196 (0 0 256 ) (0 0 0 ) (0 -1024 0 ) (0 -1024 256 ) 
4 190 192 (0 0 320 ) (0 0 256 ) (0 -1024 256 ) (0 -1024 320 ) 
4 190 191 (0 0 832 ) (0 0 320 ) (0 -1024 320 ) (0 -1024 832 ) 
4 191 216 (-848 -1024 832 ) (-872 -1024 832 ) (-872 -1024 320 ) (-848 -1024 320 ) 
4 191 215 (-768 -1024 832 ) (-848 -1024 832 ) (-848 -1024 320 ) (-768 -1024 320 ) 
4 191 206 (0 -1024 320 ) (0 -1024 832 ) (-768 -1024 832 ) (-768 -1024 320 ) 
4 191 193 (-872 -1024 320 ) (-872 -1024 832 ) (-872 0 832 ) (-872 0 320 ) 
4 191 192 (0 -1024 320 ) (-848 -1024 320 ) (-848 0 320 ) (0 0 320 ) 
4 192 215 (-768 -1024 320 ) (-848 -1024 320 ) (-848 -1024 256 ) (-768 -1024 256 ) 
4 192 207 (0 -1024 256 ) (0 -1024 320 ) (-768 -1024 320 ) (-768 -1024 256 ) 
4 192 196 (-768 0 256 ) (0 0 256 ) (0 -1024 256 ) (-768 -1024 256 ) 
4 193 217 (-936 -1024 832 ) (-936 -1024 288 ) (-872 -1024 288 ) (-872 -1024 832 ) 
4 193 194 (-936 0 832 ) (-936 0 352 ) (-936 -1024 352 ) (-936 -1024 832 ) 
4 194 218 (-960 -1024 832 ) (-960 -1024 352 ) (-936 -1024 352 ) (-936 -1024 832 ) 
4 194 195 (-960 -1024 352 ) (-960 -1024 832 ) (-960 0 832 ) (-960 0 352 ) 
4 195 225 (-1024 0 832 ) (-1024 0 384 ) (-1024 -1024 384 ) (-1024 -1024 832 ) 
4 195 219 (-1024 -1024 832 ) (-1024 -1024 320 ) (-960 -1024 320 ) (-960 -1024 832 ) 
4 196 214 (0 -1024 0 ) (0 -1024 256 ) (-768 -1024 256 ) (-768 -1024 0 ) 
4 197 206 (0 -1024 832 ) (0 -1024 320 ) (0 -1384 320 ) (0 -1384 832 ) 
4 197 199 (1024 -1384 320 ) (1024 -1384 832 ) (0 -1384 832 ) (0 -1384 320 ) 
4 197 198 (0 -1360 320 ) (0 -1024 320 ) (1024 -1024 320 ) (1024 -1360 320 ) 
4 198 207 (0 -1024 320 ) (0 -1024 256 ) (0 -1360 256 ) (0 -1360 320 ) 
4 198 205 (0 -1280 256 ) (0 -1024 256 ) (1024 -1024 256 ) (1024 -1280 256 ) 
4 199 208 (0 -1384 832 ) (0 -1384 288 ) (0 -1448 288 ) (0 -1448 832 ) 
4 199 200 (0 -1448 832 ) (0 -1448 352 ) (1024 -1448 352 ) (1024 -1448 832 ) 
4 200 209 (0 -1448 832 ) (0 -1448 352 ) (0 -1472 352 ) (0 -1472 832 ) 
4 200 201 (1024 -1472 352 ) (1024 -1472 832 ) (0 -1472 832 ) (0 -1472 352 ) 
4 201 210 (0 -1472 832 ) (0 -1472 320 ) (0 -1536 320 ) (0 -1536 832 ) 
4 201 202 (1024 -1536 384 ) (1024 -1536 832 ) (0 -1536 832 ) (0 -1536 384 ) 
4 202 211 (0 -1536 832 ) (0 -1536 384 ) (0 -1560 384 ) (0 -1560 832 ) 
4 202 203 (0 -1560 832 ) (0 -1560 384 ) (1024 -1560 384 ) (1024 -1560 832 ) 
4 203 212 (0 -1560 832 ) (0 -1560 352 ) (0 -1624 352 ) (0 -1624 832 ) 
4 203 204 (1024 -1624 576 ) (1024 -1624 832 ) (0 -1624 832 ) (0 -1624 576 ) 
4 204 213 (0 -1624 832 ) (0 -1624 576 ) (0 -1648 576 ) (0 -1648 832 ) 
4 205 214 (0 -1280 0 ) (0 -1280 256 ) (0 -1024 256 ) (0 -1024 0 ) 
4 206 221 (-768 -1280 320 ) (-768 -1384 320 ) (-768 -1384 352 ) (-768 -1280 352 ) 
4 206 220 (-768 -1384 352 ) (-768 -1384 832 ) (-768 -1280 832 ) (-768 -1280 352 ) 
4 206 215 (-768 -1024 832 ) (-768 -1024 320 ) (-768 -1280 320 ) (-768 -1280 832 ) 
4 206 208 (-768 -1384 832 ) (-768 -1384 320 ) (0 -1384 320 ) (0 -1384 832 ) 
4 206 207 (-768 -1360 320 ) (-768 -1024 320 ) (0 -1024 320 ) (0 -1360 320 ) 
4 207 224 (-768 -1280 256 ) (-768 -1360 256 ) (-768 -1360 288 ) (-768 -1280 288 ) 
4 207 223 (-768 -1360 288 ) (-768 -1360 320 ) (-768 -1280 320 ) (-768 -1280 288 ) 
4 207 215 (-768 -1024 320 ) (-768 -1024 256 ) (-768 -1280 256 ) (-768 -1280 320 ) 
4 207 214 (-768 -1280 256 ) (-768 -1024 256 ) (0 -1024 256 ) (0 -1280 256 ) 
4 208 223 (-768 -1448 288 ) (-768 -1448 320 ) (-768 -1384 320 ) (-768 -1384 288 ) 
4 208 221 (-768 -1448 320 ) (-768 -1448 352 ) (-768 -1384 352 ) (-768 -1384 320 ) 
4 208 220 (-768 -1448 352 ) (-768 -1448 832 ) (-768 -1384 832 ) (-768 -1384 352 ) 
4 208 209 (-768 -1448 832 ) (-768 -1448 352 ) (0 -1448 352 ) (0 -1448 832 ) 
4 209 220 (-768 -1472 352 ) (-768 -1472 832 ) (-768 -1448 832 ) (-768 -1448 352 ) 
4 209 210 (-768 -1472 832 ) (-768 -1472 352 ) (0 -1472 352 ) (0 -1472 832 ) 
4 210 221 (-768 -1536 320 ) (-768 -1536 352 ) (-768 -1472 352 ) (-768 -1472 320 ) 
4 210 220 (-768 -1536 352 ) (-768 -1536 832 ) (-768 -1472 832 ) (-768 -1472 352 ) 
4 210 211 (-768 -1536 832 ) (-768 -1536 384 ) (0 -1536 384 ) (0 -1536 832 ) 
4 211 220 (-768 -1560 384 ) (-768 -1560 832 ) (-768 -1536 832 ) (-768 -1536 384 ) 
4 211 212 (-768 -1560 832 ) (-768 -1560 384 ) (0 -1560 384 ) (0 -1560 832 ) 
4 212 220 (-768 -1624 352 ) (-768 -1624 832 ) (-768 -1560 832 ) (-768 -1560 352 ) 
4 212 213 (-768 -1624 832 ) (-768 -1624 576 ) (0 -1624 576 ) (0 -1624 832 ) 
4 213 222 (-768 -1648 576 ) (-768 -1648 832 ) (-768 -1624 832 ) (-768 -1624 576 ) 
4 215 224 (-768 -1280 256 ) (-768 -1280 288 ) (-848 -1280 288 ) (-848 -1280 256 ) 
4 215 223 (-768 -1280 288 ) (-768 -1280 320 ) (-848 -1280 320 ) (-848 -1280 288 ) 
4 215 221 (-768 -1280 320 ) (-768 -1280 352 ) (-848 -1280 352 ) (-848 -1280 320 ) 
4 215 220 (-768 -1280 352 ) (-768 -1280 832 ) (-848 -1280 832 ) (-848 -1280 352 ) 
4 215 216 (-848 -1280 320 ) (-848 -1280 832 ) (-848 -1024 832 ) (-848 -1024 320 ) 
4 216 221 (-872 -1280 352 ) (-872 -1280 320 ) (-848 -1280 320 ) (-848 -1280 352 ) 
4 216 220 (-848 -1280 832 ) (-872 -1280 832 ) (-872 -1280 352 ) (-848 -1280 352 ) 
4 216 217 (-872 -1024 832 ) (-872 -1024 320 ) (-872 -1280 320 ) (-872 -1280 832 ) 
4 217 223 (-936 -1280 320 ) (-936 -1280 288 ) (-872 -1280 288 ) (-872 -1280 320 ) 
4 217 221 (-936 -1280 352 ) (-936 -1280 320 ) (-872 -1280 320 ) (-872 -1280 352 ) 
4 217 220 (-936 -1280 832 ) (-936 -1280 352 ) (-872 -1280 352 ) (-872 -1280 832 ) 
4 217 218 (-936 -1280 352 ) (-936 -1280 832 ) (-936 -1024 832 ) (-936 -1024 352 ) 
4 218 220 (-960 -1280 832 ) (-960 -1280 352 ) (-936 -1280 352 ) (-936 -1280 832 ) 
4 218 219 (-960 -1024 832 ) (-960 -1024 352 ) (-960 -1280 352 ) (-960 -1280 832 ) 
4 219 228 (-1024 -1280 384 ) (-1024 -1280 832 ) (-1024 -1024 832 ) (-1024 -1024 384 ) 
4 219 221 (-1024 -1280 352 ) (-1024 -1280 320 ) (-960 -1280 320 ) (-960 -1280 352 ) 
4 219 220 (-1024 -1280 832 ) (-1024 -1280 352 ) (-960 -1280 352 ) (-960 -1280 832 ) 
4 220 230 (-1024 -1280 832 ) (-1024 -1280 352 ) (-1024 -1624 352 ) (-1024 -1624 832 ) 
4 220 222 (-768 -1624 576 ) (-768 -1624 832 ) (-1024 -1624 832 ) (-1024 -1624 576 ) 
4 220 221 (-1024 -1552 352 ) (-1024 -1280 352 ) (-768 -1280 352 ) (-768 -1552 352 ) 
4 221 232 (-1024 -1280 352 ) (-1024 -1280 320 ) (-1024 -1552 320 ) (-1024 -1552 352 ) 
4 221 223 (-952 -1280 320 ) (-768 -1280 320 ) (-768 -1464 320 ) (-952 -1464 320 ) 
4 222 231 (-1024 -1624 832 ) (-1024 -1624 576 ) (-1024 -1648 576 ) (-1024 -1648 832 ) 
4 223 224 (-864 -1280 288 ) (-768 -1280 288 ) (-768 -1376 288 ) (-864 -1376 288 ) 
4 225 228 (-1024 -1024 384 ) (-1024 -1024 832 ) (-1048 -1024 832 ) (-1048 -1024 384 ) 
4 225 226 (-1048 -1024 384 ) (-1048 -1024 832 ) (-1048 0 832 ) (-1048 0 384 ) 
4 226 229 (-1048 -1024 352 ) (-1048 -1024 832 ) (-1112 -1024 832 ) (-1112 -1024 352 ) 
4 226 227 (-1112 0 832 ) (-1112 0 576 ) (-1112 -1024 576 ) (-1112 -1024 832 ) 
4 227 233 (-1112 -1024 576 ) (-1112 -1024 832 ) (-1136 -1024 832 ) (-1136 -1024 576 ) 
4 228 230 (-1024 -1280 384 ) (-1024 -1280 832 ) (-1048 -1280 832 ) (-1048 -1280 384 ) 
4 228 229 (-1048 -1024 832 ) (-1048 -1024 384 ) (-1048 -1280 384 ) (-1048 -1280 832 ) 
4 229 233 (-1112 -1024 832 ) (-1112 -1024 576 ) (-1112 -1280 576 ) (-1112 -1280 832 ) 
4 229 230 (-1112 -1280 832 ) (-1112 -1280 352 ) (-1048 -1280 352 ) (-1048 -1280 832 ) 
4 230 233 (-1112 -1624 832 ) (-1112 -1280 832 ) (-1112 -1280 576 ) (-1112 -1624 576 ) 
4 230 232 (-1040 -1280 352 ) (-1024 -1280 352 ) (-1024 -1552 352 ) (-1040 -1552 352 ) 
4 230 231 (-1024 -1624 576 ) (-1024 -1624 832 ) (-1112 -1624 832 ) (-1112 -1624 576 ) 
4 231 233 (-1112 -1648 576 ) (-1112 -1648 832 ) (-1112 -1624 832 ) (-1112 -1624 576 ) 
