


materialPath: D:\SteamLibrary\steamapps\common\JBMod\jbmod\materials
Loading d:\maps\jbdeathmatch\maps\dm_soccer.vmf
ConVarRef mat_reduceparticles doesn't point to an existing ConVar
Could not locate 'GameData' key in d:\steamlibrary\steamapps\common\jbmod\jbmod\gameinfo.txt
fixing up env_cubemap materials on brush sides...
0...1...2...3...4...5...6...7...8...9...100...1...2...3...4...5...6...7...8...9...10Processing areas...done (0)
Building Faces...done (0)
Chop Details...done (0)
Find Visible Detail Sides...
Merged 124 detail faces...done (0)
Merging details...done (0)
FixTjuncs...
PruneNodes...
WriteBSP...
done (0)
writing d:\maps\jbdeathmatch\maps\dm_soccer.prt...Building visibility clusters...
done (0)
Creating default LDR cubemaps for env_cubemap using skybox materials:
   skybox/sky_day02_02*.vmt
 ! Run buildcubemaps in the engine to get the correct cube maps.
Creating default HDR cubemaps for env_cubemap using skybox materials:
   skybox/sky_day02_02*.vmt
 ! Run buildcubemaps in the engine to get the correct cube maps.
Finding displacement neighbors...
Finding lightmap sample positions...
Displacement Alpha : 0...1...2...3...4...5...6...7...8...9...10
Building Physics collision data...
done (0) (130394 bytes)
Placing detail props : 0...1...2...3...4...5...6...7...8...9...10
Compacting texture/material tables...
Reduced 436 texinfos to 325
Reduced 18 texdatas to 18 (412 bytes to 412)
Writing d:\maps\jbdeathmatch\maps\dm_soccer.bsp
MSG_FILEWRITE - Filesystem was asked to write to 'd:\maps\jbdeathmatch\maps\dm_soccer.bsp', but we don't own that location. Allowing.
0 seconds elapsed



8 threads
reading d:\maps\jbdeathmatch\maps\dm_soccer.bsp
reading d:\maps\jbdeathmatch\maps\dm_soccer.prt
 234 portalclusters
 579 numportals
0...1...2...3...4...5...6...7...8...9...100...1...2...3...4...5...6...7...8...9...10Optimized: 0 visible clusters (0.00%)
Total clusters visible: 54726
Average clusters visible: 233
Building PAS...
Average clusters audible: 234
visdatasize:15916  compressed from 14976
writing d:\maps\jbdeathmatch\maps\dm_soccer.bsp
MSG_FILEWRITE - Filesystem was asked to write to 'd:\maps\jbdeathmatch\maps\dm_soccer.bsp', but we don't own that location. Allowing.
0 seconds elapsed



[Reading texlights from 'lights.rad']
[45 texlights parsed from 'lights.rad']

Loading d:\maps\jbdeathmatch\maps\dm_soccer.bsp
2231 faces
1726957 square feet [248681888.00 square inches]
0 Displacements
0 Square Feet [0.00 Square Inches]
2231 patches before subdivision
39769 patches after subdivision
2 direct lights
0...1...2...3...4...5...6...7...8...9...100...1...2...3...4...5...6...7...8...9...10transfers 8793775, max 1425
transfer lists:  67.1 megs
0...1...2...3...4...5...6...7...8...9...10	Bounce #1 added RGB(199769, 193456, 121588)
0...1...2...3...4...5...6...7...8...9...10	Bounce #2 added RGB(15755, 16028, 7678)
0...1...2...3...4...5...6...7...8...9...10	Bounce #3 added RGB(1553, 1618, 632)
0...1...2...3...4...5...6...7...8...9...10	Bounce #4 added RGB(146, 158, 50)
0...1...2...3...4...5...6...7...8...9...10	Bounce #5 added RGB(16, 17, 5)
0...1...2...3...4...5...6...7...8...9...10	Bounce #6 added RGB(2, 2, 0)
0...1...2...3...4...5...6...7...8...9...10	Bounce #7 added RGB(0, 0, 0)
Build Patch/Sample Hash Table(s).....Done<0.0094 sec>
0...1...2...3...4...5...6...7...8...9...10FinalLightFace Done
0 of 0 (0% of) surface lights went in leaf ambient cubes.
0...1...2...3...4...5...6...7...8...9...10Writing leaf ambient...done
Ready to Finish

Object names       Objects/Maxobjs  Memory / Maxmem  Fullness 
------------       ---------------  ---------------  -------- 
models                   8/1024          384/49152    ( 0.8%) 
brushes                378/8192         4536/98304    ( 4.6%) 
brushsides            2699/65536       21592/524288   ( 4.1%) 
planes                1276/65536       25520/1310720  ( 1.9%) 
vertexes              3274/65536       39288/786432   ( 5.0%) 
nodes                  721/65536       23072/2097152  ( 1.1%) 
texinfos               325/12288       23400/884736   ( 2.6%) 
texdata                 18/2048          576/65536    ( 0.9%) 
dispinfos                0/0               0/0        ( 0.0%) 
disp_verts               0/0               0/0        ( 0.0%) 
disp_tris                0/0               0/0        ( 0.0%) 
disp_lmsamples           0/0               0/0        ( 0.0%) 
faces                 2231/65536      124936/3670016  ( 3.4%) 
hdr faces                0/65536           0/3670016  ( 0.0%) 
origfaces              892/65536       49952/3670016  ( 1.4%) 
leaves                 730/65536       23360/2097152  ( 1.1%) 
leaffaces             2532/65536        5064/131072   ( 3.9%) 
leafbrushes            903/65536        1806/131072   ( 1.4%) 
areas                    2/256            16/2048     ( 0.8%) 
surfedges            14094/512000      56376/2048000  ( 2.8%) 
edges                 8131/256000      32524/1024000  ( 3.2%) 
LDR worldlights          2/8192          176/720896   ( 0.0%) 
HDR worldlights          0/8192            0/720896   ( 0.0%) 
leafwaterdata            0/32768           0/393216   ( 0.0%) 
waterstrips            399/32768        3990/327680   ( 1.2%) 
waterverts               0/65536           0/786432   ( 0.0%) 
waterindices          5178/65536       10356/131072   ( 7.9%) 
cubemapsamples           0/1024            0/16384    ( 0.0%) 
overlays                 0/512             0/180224   ( 0.0%) 
LDR lightdata         [variable]     1968056/0        ( 0.0%) 
HDR lightdata         [variable]           0/0        ( 0.0%) 
visdata               [variable]       15916/16777216 ( 0.1%) 
entdata               [variable]      756110/393216   (192.3%) VERY FULL!
LDR ambient table      730/65536        2920/262144   ( 1.1%) 
HDR ambient table      730/65536        2920/262144   ( 1.1%) 
LDR leaf ambient      2865/65536       80220/1835008  ( 4.4%) 
HDR leaf ambient       730/65536       20440/1835008  ( 1.1%) 
occluders                0/0               0/0        ( 0.0%) 
occluder polygons        0/0               0/0        ( 0.0%) 
occluder vert ind        0/0               0/0        ( 0.0%) 
detail props          [variable]           1/12       ( 8.3%) 
static props          [variable]           1/12       ( 8.3%) 
pakfile               [variable]      105667/0        ( 0.0%) 
physics               [variable]      130394/4194304  ( 3.1%) 
physics terrain       [variable]           2/1048576  ( 0.0%) 

Level flags = 0

Total triangle count: 6078
Writing d:\maps\jbdeathmatch\maps\dm_soccer.bsp
25 seconds elapsed
