


materialPath: D:\SteamLibrary\steamapps\common\JBMod\jbmod\materials
Loading d:\jbmod vmfs\jbdeathmatch\maps\jbdm_tp_2flat_wip2.vmf
Could not locate 'GameData' key in d:\steamlibrary\steamapps\common\jbmod\jbmod\gameinfo.txt
fixing up env_cubemap materials on brush sides...
0...1...2...3...4...5...6...7...8...9...100...1...2...3...4...5...6...7...8...9...10Processing areas...done (0)
Building Faces...done (0)
Chop Details...done (0)
Find Visible Detail Sides...done (0)
Merging details...done (0)
FixTjuncs...
PruneNodes...
WriteBSP...
NODRAW on terrain surface!
NODRAW on terrain surface!
NODRAW on terrain surface!
NODRAW on terrain surface!
NODRAW on terrain surface!
done (0)
writing d:\jbmod vmfs\jbdeathmatch\maps\jbdm_tp_2flat_wip2.prt...Building visibility clusters...
done (0)
Creating default LDR cubemaps for env_cubemap using skybox materials:
   skybox/sky_day02_01*.vmt
 ! Run buildcubemaps in the engine to get the correct cube maps.
Creating default HDR cubemaps for env_cubemap using skybox materials:
   skybox/sky_day02_01*.vmt
 ! Run buildcubemaps in the engine to get the correct cube maps.
Finding displacement neighbors...
Found a displacement edge abutting multiple other edges.
Finding lightmap sample positions...
Displacement Alpha : 0...1...2...3...4...5...6...7...8...9...10
Building Physics collision data...
done (0) (194553 bytes)
Placing detail props : 0...1...2...3...4...5...6...7...8...9...10
Compacting texture/material tables...
Reduced 341 texinfos to 224
Reduced 33 texdatas to 28 (848 bytes to 601)
Writing d:\jbmod vmfs\jbdeathmatch\maps\jbdm_tp_2flat_wip2.bsp
MSG_FILEWRITE - Filesystem was asked to write to 'd:\jbmod vmfs\jbdeathmatch\maps\jbdm_tp_2flat_wip2.bsp', but we don't own that location. Allowing.
0 seconds elapsed



6 threads
reading d:\jbmod vmfs\jbdeathmatch\maps\jbdm_tp_2flat_wip2.bsp
reading d:\jbmod vmfs\jbdeathmatch\maps\jbdm_tp_2flat_wip2.prt
 883 portalclusters
2632 numportals
0...1...2...3...4...5...6...7...8...9...100...1...2...3...4...5...6...7...8...9...10Optimized: 1835 visible clusters (0.90%)
Total clusters visible: 203303
Average clusters visible: 230
Building PAS...
Average clusters audible: 730
visdatasize:169517  compressed from 197792
writing d:\jbmod vmfs\jbdeathmatch\maps\jbdm_tp_2flat_wip2.bsp
MSG_FILEWRITE - Filesystem was asked to write to 'd:\jbmod vmfs\jbdeathmatch\maps\jbdm_tp_2flat_wip2.bsp', but we don't own that location. Allowing.
8 seconds elapsed



[Reading texlights from 'lights.rad']
[45 texlights parsed from 'lights.rad']

Loading d:\jbmod vmfs\jbdeathmatch\maps\jbdm_tp_2flat_wip2.bsp
2722 faces
2 degenerate faces
2032568 square feet [292689856.00 square inches]
14 Displacements
24119 Square Feet [3473265.75 Square Inches]
2720 patches before subdivision
27238 patches after subdivision
20 direct lights
0...1...2...3...4...5...6...7...8...9...100...1...2...3...4...5...6...7...8...9...10transfers 2931098, max 528
transfer lists:  22.4 megs
0...1...2...3...4...5...6...7...8...9...10	Bounce #1 added RGB(70757, 68495, 59989)
0...1...2...3...4...5...6...7...8...9...10	Bounce #2 added RGB(14112, 12991, 10827)
0...1...2...3...4...5...6...7...8...9...10	Bounce #3 added RGB(3833, 3389, 2704)
0...1...2...3...4...5...6...7...8...9...10	Bounce #4 added RGB(1002, 878, 681)
0...1...2...3...4...5...6...7...8...9...10	Bounce #5 added RGB(295, 256, 190)
0...1...2...3...4...5...6...7...8...9...10	Bounce #6 added RGB(83, 73, 53)
0...1...2...3...4...5...6...7...8...9...10	Bounce #7 added RGB(25, 22, 15)
0...1...2...3...4...5...6...7...8...9...10	Bounce #8 added RGB(7, 7, 5)
0...1...2...3...4...5...6...7...8...9...10	Bounce #9 added RGB(2, 2, 1)
0...1...2...3...4...5...6...7...8...9...10	Bounce #10 added RGB(1, 1, 0)
Build Patch/Sample Hash Table(s).....Done<0.0070 sec>
0...1...2...3...4...5...6...7...8...9...10FinalLightFace Done
0 of 0 (0% of) surface lights went in leaf ambient cubes.
0...1...2...3...4...5...6...7...8...9...10Writing leaf ambient...done
Ready to Finish

Object names       Objects/Maxobjs  Memory / Maxmem  Fullness 
------------       ---------------  ---------------  -------- 
models                  25/1024         1200/49152    ( 2.4%) 
brushes                427/8192         5124/98304    ( 5.2%) 
brushsides            3868/65536       30944/524288   ( 5.9%) 
planes                2920/65536       58400/1310720  ( 4.5%) 
vertexes              4124/65536       49488/786432   ( 6.3%) 
nodes                 1644/65536       52608/2097152  ( 2.5%) 
texinfos               224/12288       16128/884736   ( 1.8%) 
texdata                 28/2048          896/65536    ( 1.4%) 
dispinfos               14/0            2464/0        ( 0.0%) 
disp_verts            1134/0           22680/0        ( 0.0%) 
disp_tris             1792/0            3584/0        ( 0.0%) 
disp_lmsamples       55752/0           55752/0        ( 0.0%) 
faces                 2722/65536      152432/3670016  ( 4.2%) 
hdr faces                0/65536           0/3670016  ( 0.0%) 
origfaces             1312/65536       73472/3670016  ( 2.0%) 
leaves                1670/65536       53440/2097152  ( 2.5%) 
leaffaces             3193/65536        6386/131072   ( 4.9%) 
leafbrushes           1658/65536        3316/131072   ( 2.5%) 
areas                    3/256            24/2048     ( 1.2%) 
surfedges            18713/512000      74852/2048000  ( 3.7%) 
edges                10447/256000      41788/1024000  ( 4.1%) 
LDR worldlights         20/8192         1760/720896   ( 0.2%) 
HDR worldlights          0/8192            0/720896   ( 0.0%) 
leafwaterdata            3/32768          36/393216   ( 0.0%) 
waterstrips            195/32768        1950/327680   ( 0.6%) 
waterverts               0/65536           0/786432   ( 0.0%) 
waterindices          3264/65536        6528/131072   ( 5.0%) 
cubemapsamples           0/1024            0/16384    ( 0.0%) 
overlays                 0/512             0/180224   ( 0.0%) 
LDR lightdata         [variable]     1556664/0        ( 0.0%) 
HDR lightdata         [variable]           0/0        ( 0.0%) 
visdata               [variable]      169517/16777216 ( 1.0%) 
entdata               [variable]       59922/393216   (15.2%) 
LDR ambient table     1670/65536        6680/262144   ( 2.5%) 
HDR ambient table     1670/65536        6680/262144   ( 2.5%) 
LDR leaf ambient      9497/65536      265916/1835008  (14.5%) 
HDR leaf ambient      1670/65536       46760/1835008  ( 2.5%) 
occluders                0/0               0/0        ( 0.0%) 
occluder polygons        0/0               0/0        ( 0.0%) 
occluder vert ind        0/0               0/0        ( 0.0%) 
detail props          [variable]           1/12       ( 8.3%) 
static props          [variable]           1/10442    ( 0.0%) 
pakfile               [variable]      212671/0        ( 0.0%) 
physics               [variable]      194553/4194304  ( 4.6%) 
physics terrain       [variable]        2956/1048576  ( 0.3%) 

Level flags = 0

Total triangle count: 7694
Writing d:\jbmod vmfs\jbdeathmatch\maps\jbdm_tp_2flat_wip2.bsp
33 seconds elapsed
