PRT1
128
351
4 0 26 (1120 0 8 ) (1120 0 384 ) (1024 0 384 ) (1024 0 8 ) 
4 0 18 (1024 0 8 ) (1024 0 192 ) (1024 96 192 ) (1024 96 8 ) 
4 0 7 (1024 96 192 ) (1024 672 192 ) (1024 672 8 ) (1024 96 8 ) 
4 0 3 (1024 672 192 ) (1024 704 192 ) (1024 704 8 ) (1024 672 8 ) 
4 0 2 (1024 704 192 ) (1024 928 192 ) (1024 928 8 ) (1024 704 8 ) 
4 0 1 (1024 0 192 ) (1024 0 384 ) (1024 928 384 ) (1024 928 192 ) 
4 1 60 (0 0 192 ) (0 0 384 ) (0 928 384 ) (0 928 192 ) 
4 1 31 (608 0 384 ) (0 0 384 ) (0 0 192 ) (608 0 192 ) 
4 1 27 (1024 0 192 ) (1024 0 384 ) (608 0 384 ) (608 0 192 ) 
4 1 22 (32 0 192 ) (0 0 192 ) (0 32 192 ) (32 32 192 ) 
4 1 21 (0 32 192 ) (0 96 192 ) (32 96 192 ) (32 32 192 ) 
4 1 20 (608 0 192 ) (32 0 192 ) (32 96 192 ) (608 96 192 ) 
4 1 18 (1024 96 192 ) (1024 0 192 ) (832 0 192 ) (832 96 192 ) 
4 1 17 (480 96 192 ) (0 96 192 ) (0 160 192 ) (480 160 192 ) 
4 1 16 (0 160 192 ) (0 352 192 ) (160 352 192 ) (160 160 192 ) 
4 1 15 (160 352 192 ) (352 352 192 ) (352 160 192 ) (160 160 192 ) 
4 1 14 (352 352 192 ) (480 352 192 ) (480 160 192 ) (352 160 192 ) 
4 1 13 (0 352 192 ) (0 480 192 ) (480 480 192 ) (480 352 192 ) 
4 1 7 (1024 672 192 ) (1024 96 192 ) (832 96 192 ) (832 672 192 ) 
4 1 6 (224 672 192 ) (0 672 192 ) (0 704 192 ) (224 704 192 ) 
4 1 3 (1024 704 192 ) (1024 672 192 ) (832 672 192 ) (832 704 192 ) 
4 1 2 (1024 928 192 ) (1024 704 192 ) (0 704 192 ) (0 928 192 ) 
4 2 61 (0 704 8 ) (0 704 192 ) (0 928 192 ) (0 928 8 ) 
4 2 6 (224 704 192 ) (0 704 192 ) (0 704 8 ) (224 704 8 ) 
4 2 3 (1024 704 192 ) (832 704 192 ) (832 704 8 ) (1024 704 8 ) 
4 3 7 (1024 672 8 ) (1024 672 192 ) (832 672 192 ) (832 672 8 ) 
4 4 5 (400 680 80 ) (400 680 112 ) (368 680 112 ) (368 680 80 ) 
4 5 11 (416 672 32 ) (416 672 160 ) (352 672 160 ) (352 672 32 ) 
4 6 62 (0 672 8 ) (0 672 192 ) (0 704 192 ) (0 704 8 ) 
4 6 12 (224 672 32 ) (224 672 160 ) (0 672 160 ) (0 672 32 ) 
4 7 18 (1024 96 192 ) (832 96 192 ) (832 96 8 ) (1024 96 8 ) 
4 8 14 (480 352 32 ) (480 160 32 ) (480 160 160 ) (480 352 160 ) 
4 8 13 (480 480 32 ) (480 352 32 ) (480 352 160 ) (480 480 160 ) 
4 8 10 (480 672 160 ) (480 672 32 ) (480 480 32 ) (480 480 160 ) 
4 8 9 (544 160 32 ) (800 160 32 ) (800 160 160 ) (544 160 160 ) 
4 9 24 (544 96 72 ) (544 96 32 ) (576 96 32 ) (576 96 72 ) 
4 9 23 (576 96 32 ) (608 96 32 ) (608 96 72 ) (576 96 72 ) 
4 9 20 (544 96 160 ) (544 96 72 ) (608 96 72 ) (608 96 160 ) 
4 9 19 (608 96 32 ) (800 96 32 ) (800 96 160 ) (608 96 160 ) 
4 10 13 (480 480 32 ) (480 480 160 ) (416 480 160 ) (416 480 32 ) 
4 10 11 (416 672 160 ) (416 672 32 ) (416 544 32 ) (416 544 160 ) 
4 11 12 (224 672 160 ) (224 672 32 ) (224 544 32 ) (224 544 160 ) 
4 12 66 (0 480 32 ) (0 480 160 ) (0 672 160 ) (0 672 32 ) 
4 12 13 (0 480 160 ) (0 480 32 ) (224 480 32 ) (224 480 160 ) 
4 13 69 (0 352 8 ) (0 352 192 ) (0 480 192 ) (0 480 8 ) 
4 13 16 (160 352 192 ) (0 352 192 ) (0 352 8 ) (160 352 8 ) 
4 13 15 (352 352 192 ) (160 352 192 ) (160 352 8 ) (352 352 8 ) 
4 13 14 (480 352 8 ) (480 352 192 ) (352 352 192 ) (352 352 8 ) 
4 14 17 (480 160 8 ) (480 160 192 ) (352 160 192 ) (352 160 8 ) 
4 14 15 (352 352 192 ) (352 352 8 ) (352 160 8 ) (352 160 192 ) 
4 15 17 (352 160 192 ) (160 160 192 ) (160 160 8 ) (352 160 8 ) 
4 15 16 (160 352 192 ) (160 352 8 ) (160 160 8 ) (160 160 192 ) 
4 16 70 (0 160 8 ) (0 160 192 ) (0 352 192 ) (0 352 8 ) 
4 16 17 (160 160 192 ) (0 160 192 ) (0 160 8 ) (160 160 8 ) 
4 17 73 (0 96 8 ) (0 96 192 ) (0 160 192 ) (0 160 8 ) 
4 17 25 (96 96 8 ) (480 96 8 ) (480 96 72 ) (96 96 72 ) 
4 17 21 (32 96 192 ) (0 96 192 ) (0 96 72 ) (32 96 72 ) 
4 17 20 (480 96 192 ) (32 96 192 ) (32 96 72 ) (480 96 72 ) 
4 18 30 (1024 0 8 ) (1024 0 32 ) (832 0 32 ) (832 0 8 ) 
4 18 29 (1024 0 32 ) (1024 0 160 ) (832 0 160 ) (832 0 32 ) 
4 18 28 (1024 0 160 ) (1024 0 192 ) (832 0 192 ) (832 0 160 ) 
4 18 19 (832 96 160 ) (832 96 32 ) (832 0 32 ) (832 0 160 ) 
4 19 29 (832 0 32 ) (832 0 160 ) (608 0 160 ) (608 0 32 ) 
4 19 23 (608 96 72 ) (608 96 32 ) (608 0 32 ) (608 0 72 ) 
4 19 20 (608 96 160 ) (608 96 72 ) (608 0 72 ) (608 0 160 ) 
4 20 32 (608 0 72 ) (608 0 144 ) (32 0 144 ) (32 0 72 ) 
4 20 31 (608 0 144 ) (608 0 192 ) (32 0 192 ) (32 0 144 ) 
4 20 24 (544 96 72 ) (576 96 72 ) (576 0 72 ) (544 0 72 ) 
4 20 25 (96 96 72 ) (544 96 72 ) (544 0 72 ) (96 0 72 ) 
4 20 23 (576 96 72 ) (608 96 72 ) (608 0 72 ) (576 0 72 ) 
4 20 22 (32 0 144 ) (32 0 192 ) (32 32 192 ) (32 32 144 ) 
4 20 21 (32 96 192 ) (32 96 72 ) (32 32 72 ) (32 32 192 ) 
4 21 77 (0 32 192 ) (0 96 192 ) (0 96 72 ) (0 32 72 ) 
4 21 22 (32 32 144 ) (32 32 192 ) (0 32 192 ) (0 32 144 ) 
4 22 78 (0 0 144 ) (0 0 192 ) (0 32 192 ) (0 32 144 ) 
4 22 31 (32 0 192 ) (0 0 192 ) (0 0 144 ) (32 0 144 ) 
4 23 34 (608 0 24 ) (608 0 72 ) (576 0 72 ) (576 0 24 ) 
4 23 24 (576 0 24 ) (576 0 72 ) (576 96 72 ) (576 96 24 ) 
4 24 35 (576 0 72 ) (544 0 72 ) (544 0 16 ) (576 0 16 ) 
4 24 25 (544 0 16 ) (544 0 72 ) (544 96 72 ) (544 96 16 ) 
4 25 36 (544 0 72 ) (96 0 72 ) (96 0 8 ) (544 0 8 ) 
4 26 58 (1120 -1024 8 ) (1120 -1024 384 ) (1024 -1024 384 ) (1024 -1024 8 ) 
4 26 57 (1024 -832 8 ) (1024 -1024 8 ) (1024 -1024 192 ) (1024 -832 192 ) 
4 26 53 (1024 -800 8 ) (1024 -832 8 ) (1024 -832 192 ) (1024 -800 192 ) 
4 26 42 (1024 -288 8 ) (1024 -800 8 ) (1024 -800 192 ) (1024 -288 192 ) 
4 26 39 (1024 -224 8 ) (1024 -288 8 ) (1024 -288 192 ) (1024 -224 192 ) 
4 26 38 (1024 -1024 192 ) (1024 -1024 384 ) (1024 -224 384 ) (1024 -224 192 ) 
4 26 30 (1024 0 32 ) (1024 0 8 ) (1024 -224 8 ) (1024 -224 32 ) 
4 26 29 (1024 0 160 ) (1024 0 32 ) (1024 -224 32 ) (1024 -224 160 ) 
4 26 28 (1024 0 192 ) (1024 0 160 ) (1024 -224 160 ) (1024 -224 192 ) 
4 26 27 (1024 0 384 ) (1024 0 192 ) (1024 -224 192 ) (1024 -224 384 ) 
4 27 38 (1024 -224 192 ) (1024 -224 384 ) (608 -224 384 ) (608 -224 192 ) 
4 27 31 (608 -224 192 ) (608 -224 384 ) (608 0 384 ) (608 0 192 ) 
4 27 28 (1024 -224 192 ) (832 -224 192 ) (832 0 192 ) (1024 0 192 ) 
4 28 39 (1024 -224 160 ) (1024 -224 192 ) (832 -224 192 ) (832 -224 160 ) 
4 28 29 (1024 -224 160 ) (832 -224 160 ) (832 0 160 ) (1024 0 160 ) 
4 29 40 (800 -224 160 ) (608 -224 160 ) (608 -224 32 ) (800 -224 32 ) 
4 29 39 (1024 -224 32 ) (1024 -224 160 ) (832 -224 160 ) (832 -224 32 ) 
4 29 34 (608 -224 32 ) (608 -224 72 ) (608 0 72 ) (608 0 32 ) 
4 29 32 (608 -224 72 ) (608 -224 144 ) (608 0 144 ) (608 0 72 ) 
4 29 31 (608 -224 144 ) (608 -224 160 ) (608 0 160 ) (608 0 144 ) 
4 29 30 (1024 -224 32 ) (832 -224 32 ) (832 0 32 ) (1024 0 32 ) 
4 30 39 (1024 -224 8 ) (1024 -224 32 ) (832 -224 32 ) (832 -224 8 ) 
4 31 93 (0 -224 144 ) (0 -224 384 ) (0 0 384 ) (0 0 144 ) 
4 31 41 (0 -224 192 ) (0 -224 144 ) (480 -224 144 ) (480 -224 192 ) 
4 31 40 (544 -224 144 ) (608 -224 144 ) (608 -224 160 ) (544 -224 160 ) 
4 31 38 (0 -224 384 ) (0 -224 192 ) (608 -224 192 ) (608 -224 384 ) 
4 31 33 (32 -224 144 ) (0 -224 144 ) (0 -32 144 ) (32 -32 144 ) 
4 31 32 (608 0 144 ) (608 -224 144 ) (32 -224 144 ) (32 0 144 ) 
4 32 41 (32 -224 72 ) (480 -224 72 ) (480 -224 144 ) (32 -224 144 ) 
4 32 40 (544 -224 72 ) (608 -224 72 ) (608 -224 144 ) (544 -224 144 ) 
4 32 37 (96 -96 72 ) (96 -224 72 ) (32 -224 72 ) (32 -96 72 ) 
4 32 36 (96 0 72 ) (544 0 72 ) (544 -224 72 ) (96 -224 72 ) 
4 32 35 (544 0 72 ) (576 0 72 ) (576 -224 72 ) (544 -224 72 ) 
4 32 34 (576 0 72 ) (608 0 72 ) (608 -224 72 ) (576 -224 72 ) 
4 32 33 (32 -32 72 ) (32 -224 72 ) (32 -224 144 ) (32 -32 144 ) 
4 33 94 (0 -224 72 ) (0 -224 144 ) (0 -32 144 ) (0 -32 72 ) 
4 33 41 (0 -224 144 ) (0 -224 72 ) (32 -224 72 ) (32 -224 144 ) 
4 33 37 (32 -96 72 ) (32 -224 72 ) (0 -224 72 ) (0 -96 72 ) 
4 34 40 (608 -224 32 ) (608 -224 72 ) (576 -224 72 ) (576 -224 32 ) 
4 34 35 (576 -224 24 ) (576 -224 72 ) (576 0 72 ) (576 0 24 ) 
4 35 40 (576 -224 32 ) (576 -224 72 ) (544 -224 72 ) (544 -224 32 ) 
4 35 36 (544 -224 16 ) (544 -224 72 ) (544 0 72 ) (544 0 16 ) 
4 36 41 (96 -224 8 ) (480 -224 8 ) (480 -224 72 ) (96 -224 72 ) 
4 36 37 (96 -96 8 ) (96 -224 8 ) (96 -224 72 ) (96 -96 72 ) 
4 37 96 (0 -224 8 ) (0 -224 72 ) (0 -96 72 ) (0 -96 8 ) 
4 37 41 (0 -224 72 ) (0 -224 8 ) (96 -224 8 ) (96 -224 72 ) 
4 38 104 (0 -1024 192 ) (0 -1024 384 ) (0 -224 384 ) (0 -224 192 ) 
4 38 59 (0 -1024 384 ) (0 -1024 192 ) (1024 -1024 192 ) (1024 -1024 384 ) 
4 38 57 (1024 -1024 192 ) (0 -1024 192 ) (0 -832 192 ) (1024 -832 192 ) 
4 38 56 (0 -832 192 ) (0 -800 192 ) (224 -800 192 ) (224 -832 192 ) 
4 38 53 (832 -800 192 ) (1024 -800 192 ) (1024 -832 192 ) (832 -832 192 ) 
4 38 49 (0 -608 192 ) (0 -480 192 ) (160 -480 192 ) (160 -608 192 ) 
4 38 48 (160 -480 192 ) (352 -480 192 ) (352 -608 192 ) (160 -608 192 ) 
4 38 47 (352 -480 192 ) (480 -480 192 ) (480 -608 192 ) (352 -608 192 ) 
4 38 46 (0 -480 192 ) (0 -288 192 ) (160 -288 192 ) (160 -480 192 ) 
4 38 45 (160 -288 192 ) (352 -288 192 ) (352 -480 192 ) (160 -480 192 ) 
4 38 44 (352 -288 192 ) (480 -288 192 ) (480 -480 192 ) (352 -480 192 ) 
4 38 42 (832 -288 192 ) (1024 -288 192 ) (1024 -800 192 ) (832 -800 192 ) 
4 38 41 (0 -288 192 ) (0 -224 192 ) (480 -224 192 ) (480 -288 192 ) 
4 38 39 (832 -224 192 ) (1024 -224 192 ) (1024 -288 192 ) (832 -288 192 ) 
4 39 42 (1024 -288 192 ) (832 -288 192 ) (832 -288 8 ) (1024 -288 8 ) 
4 40 43 (544 -288 160 ) (544 -288 32 ) (800 -288 32 ) (800 -288 160 ) 
4 41 105 (0 -288 8 ) (0 -288 192 ) (0 -224 192 ) (0 -224 8 ) 
4 41 46 (160 -288 192 ) (0 -288 192 ) (0 -288 8 ) (160 -288 8 ) 
4 41 45 (352 -288 192 ) (160 -288 192 ) (160 -288 8 ) (352 -288 8 ) 
4 41 44 (480 -288 192 ) (352 -288 192 ) (352 -288 8 ) (480 -288 8 ) 
4 42 53 (1024 -800 8 ) (1024 -800 192 ) (832 -800 192 ) (832 -800 8 ) 
4 43 50 (480 -608 32 ) (480 -800 32 ) (480 -800 160 ) (480 -608 160 ) 
4 43 47 (480 -480 32 ) (480 -608 32 ) (480 -608 160 ) (480 -480 160 ) 
4 43 44 (480 -288 160 ) (480 -288 32 ) (480 -480 32 ) (480 -480 160 ) 
4 44 47 (480 -480 8 ) (480 -480 192 ) (352 -480 192 ) (352 -480 8 ) 
4 44 45 (352 -288 192 ) (352 -288 8 ) (352 -480 8 ) (352 -480 192 ) 
4 45 48 (352 -480 8 ) (352 -480 192 ) (160 -480 192 ) (160 -480 8 ) 
4 45 46 (160 -288 192 ) (160 -288 8 ) (160 -480 8 ) (160 -480 192 ) 
4 46 108 (0 -480 192 ) (0 -288 192 ) (0 -288 8 ) (0 -480 8 ) 
4 46 49 (160 -480 8 ) (160 -480 192 ) (0 -480 192 ) (0 -480 8 ) 
4 47 50 (480 -608 32 ) (480 -608 160 ) (416 -608 160 ) (416 -608 32 ) 
4 47 48 (352 -480 192 ) (352 -480 8 ) (352 -608 8 ) (352 -608 192 ) 
4 48 52 (160 -608 160 ) (160 -608 32 ) (224 -608 32 ) (224 -608 160 ) 
4 48 49 (160 -480 192 ) (160 -480 8 ) (160 -608 8 ) (160 -608 192 ) 
4 49 111 (0 -608 8 ) (0 -608 192 ) (0 -480 192 ) (0 -480 8 ) 
4 49 52 (0 -608 160 ) (0 -608 32 ) (160 -608 32 ) (160 -608 160 ) 
4 50 51 (416 -672 32 ) (416 -800 32 ) (416 -800 160 ) (416 -672 160 ) 
4 51 54 (416 -800 32 ) (416 -800 160 ) (352 -800 160 ) (352 -800 32 ) 
4 51 52 (224 -800 32 ) (224 -800 160 ) (224 -672 160 ) (224 -672 32 ) 
4 52 114 (0 -800 32 ) (0 -800 160 ) (0 -608 160 ) (0 -608 32 ) 
4 52 56 (224 -800 32 ) (224 -800 160 ) (0 -800 160 ) (0 -800 32 ) 
4 53 57 (1024 -832 192 ) (832 -832 192 ) (832 -832 8 ) (1024 -832 8 ) 
4 54 55 (400 -808 80 ) (400 -808 112 ) (368 -808 112 ) (368 -808 80 ) 
4 56 119 (0 -832 8 ) (0 -832 192 ) (0 -800 192 ) (0 -800 8 ) 
4 56 57 (224 -832 192 ) (0 -832 192 ) (0 -832 8 ) (224 -832 8 ) 
4 57 123 (0 -1024 8 ) (0 -1024 192 ) (0 -832 192 ) (0 -832 8 ) 
4 57 59 (0 -1024 192 ) (0 -1024 8 ) (1024 -1024 8 ) (1024 -1024 192 ) 
4 58 59 (1024 -1024 384 ) (1024 -1024 8 ) (1024 -1056 8 ) (1024 -1056 384 ) 
4 59 125 (0 -1056 8 ) (0 -1056 384 ) (0 -1024 384 ) (0 -1024 8 ) 
4 60 100 (-608 0 384 ) (-1024 0 384 ) (-1024 0 192 ) (-608 0 192 ) 
4 60 93 (0 0 192 ) (0 0 384 ) (-608 0 384 ) (-608 0 192 ) 
4 60 85 (-1024 0 192 ) (-1024 0 384 ) (-1024 928 384 ) (-1024 928 192 ) 
4 60 84 (-1024 0 192 ) (-1024 96 192 ) (-832 96 192 ) (-832 0 192 ) 
4 60 78 (0 32 192 ) (0 0 192 ) (-32 0 192 ) (-32 32 192 ) 
4 60 77 (-32 96 192 ) (0 96 192 ) (0 32 192 ) (-32 32 192 ) 
4 60 79 (-608 96 192 ) (-32 96 192 ) (-32 0 192 ) (-608 0 192 ) 
4 60 76 (-1024 96 192 ) (-1024 672 192 ) (-832 672 192 ) (-832 96 192 ) 
4 60 73 (0 160 192 ) (0 96 192 ) (-480 96 192 ) (-480 160 192 ) 
4 60 72 (-352 160 192 ) (-480 160 192 ) (-480 352 192 ) (-352 352 192 ) 
4 60 71 (-160 160 192 ) (-352 160 192 ) (-352 352 192 ) (-160 352 192 ) 
4 60 70 (0 352 192 ) (0 160 192 ) (-160 160 192 ) (-160 352 192 ) 
4 60 69 (0 480 192 ) (0 352 192 ) (-480 352 192 ) (-480 480 192 ) 
4 60 65 (-1024 672 192 ) (-1024 704 192 ) (-832 704 192 ) (-832 672 192 ) 
4 60 62 (-224 704 192 ) (0 704 192 ) (0 672 192 ) (-224 672 192 ) 
4 60 61 (-1024 704 192 ) (-1024 928 192 ) (0 928 192 ) (0 704 192 ) 
4 61 87 (-1024 704 8 ) (-1024 704 160 ) (-1024 928 160 ) (-1024 928 8 ) 
4 61 86 (-1024 704 160 ) (-1024 704 192 ) (-1024 928 192 ) (-1024 928 160 ) 
4 61 65 (-832 704 192 ) (-1024 704 192 ) (-1024 704 8 ) (-832 704 8 ) 
4 61 62 (0 704 8 ) (0 704 192 ) (-224 704 192 ) (-224 704 8 ) 
4 62 66 (-224 672 160 ) (-224 672 32 ) (0 672 32 ) (0 672 160 ) 
4 63 64 (-368 680 80 ) (-368 680 112 ) (-400 680 112 ) (-400 680 80 ) 
4 64 67 (-416 672 160 ) (-416 672 32 ) (-352 672 32 ) (-352 672 160 ) 
4 65 87 (-1024 672 8 ) (-1024 672 160 ) (-1024 704 160 ) (-1024 704 8 ) 
4 65 86 (-1024 672 160 ) (-1024 672 192 ) (-1024 704 192 ) (-1024 704 160 ) 
4 65 76 (-832 672 192 ) (-1024 672 192 ) (-1024 672 8 ) (-832 672 8 ) 
4 66 69 (0 480 32 ) (0 480 160 ) (-224 480 160 ) (-224 480 32 ) 
4 66 67 (-224 672 160 ) (-224 672 32 ) (-224 544 32 ) (-224 544 160 ) 
4 67 68 (-416 672 160 ) (-416 672 32 ) (-416 544 32 ) (-416 544 160 ) 
4 68 74 (-480 672 160 ) (-480 672 32 ) (-480 480 32 ) (-480 480 160 ) 
4 68 69 (-480 480 160 ) (-480 480 32 ) (-416 480 32 ) (-416 480 160 ) 
4 69 74 (-480 352 32 ) (-480 352 160 ) (-480 480 160 ) (-480 480 32 ) 
4 69 72 (-480 352 192 ) (-480 352 8 ) (-352 352 8 ) (-352 352 192 ) 
4 69 71 (-352 352 8 ) (-160 352 8 ) (-160 352 192 ) (-352 352 192 ) 
4 69 70 (-160 352 8 ) (0 352 8 ) (0 352 192 ) (-160 352 192 ) 
4 70 73 (0 160 8 ) (0 160 192 ) (-160 160 192 ) (-160 160 8 ) 
4 70 71 (-160 352 192 ) (-160 352 8 ) (-160 160 8 ) (-160 160 192 ) 
4 71 73 (-160 160 8 ) (-160 160 192 ) (-352 160 192 ) (-352 160 8 ) 
4 71 72 (-352 352 192 ) (-352 352 8 ) (-352 160 8 ) (-352 160 192 ) 
4 72 74 (-480 160 32 ) (-480 160 160 ) (-480 352 160 ) (-480 352 32 ) 
4 72 73 (-480 160 192 ) (-480 160 8 ) (-352 160 8 ) (-352 160 192 ) 
4 73 80 (-96 96 72 ) (-480 96 72 ) (-480 96 8 ) (-96 96 8 ) 
4 73 77 (0 96 72 ) (0 96 192 ) (-32 96 192 ) (-32 96 72 ) 
4 73 79 (-32 96 192 ) (-480 96 192 ) (-480 96 72 ) (-32 96 72 ) 
4 74 75 (-800 160 160 ) (-800 160 32 ) (-544 160 32 ) (-544 160 160 ) 
4 75 83 (-608 96 160 ) (-800 96 160 ) (-800 96 32 ) (-608 96 32 ) 
4 75 82 (-576 96 72 ) (-608 96 72 ) (-608 96 32 ) (-576 96 32 ) 
4 75 81 (-544 96 32 ) (-544 96 72 ) (-576 96 72 ) (-576 96 32 ) 
4 75 79 (-544 96 72 ) (-544 96 160 ) (-608 96 160 ) (-608 96 72 ) 
4 76 92 (-1024 96 8 ) (-1024 96 192 ) (-1024 600 192 ) (-1024 600 8 ) 
4 76 90 (-1024 600 192 ) (-1024 608 192 ) (-1024 608 8 ) (-1024 600 8 ) 
4 76 87 (-1024 672 160 ) (-1024 672 8 ) (-1024 608 8 ) (-1024 608 160 ) 
4 76 86 (-1024 608 192 ) (-1024 672 192 ) (-1024 672 160 ) (-1024 608 160 ) 
4 76 84 (-832 96 8 ) (-832 96 192 ) (-1024 96 192 ) (-1024 96 8 ) 
4 77 78 (-32 32 192 ) (-32 32 144 ) (0 32 144 ) (0 32 192 ) 
4 77 79 (-32 96 192 ) (-32 96 72 ) (-32 32 72 ) (-32 32 192 ) 
4 78 93 (0 0 144 ) (0 0 192 ) (-32 0 192 ) (-32 0 144 ) 
4 78 79 (-32 0 144 ) (-32 0 192 ) (-32 32 192 ) (-32 32 144 ) 
4 79 95 (-608 0 144 ) (-608 0 72 ) (-32 0 72 ) (-32 0 144 ) 
4 79 93 (-32 0 192 ) (-608 0 192 ) (-608 0 144 ) (-32 0 144 ) 
4 79 83 (-608 96 160 ) (-608 96 72 ) (-608 0 72 ) (-608 0 160 ) 
4 79 82 (-608 0 72 ) (-608 96 72 ) (-576 96 72 ) (-576 0 72 ) 
4 79 81 (-576 96 72 ) (-544 96 72 ) (-544 0 72 ) (-576 0 72 ) 
4 79 80 (-544 96 72 ) (-96 96 72 ) (-96 0 72 ) (-544 0 72 ) 
4 80 97 (-96 0 72 ) (-544 0 72 ) (-544 0 8 ) (-96 0 8 ) 
4 80 81 (-544 0 16 ) (-544 0 72 ) (-544 96 72 ) (-544 96 16 ) 
4 81 98 (-544 0 72 ) (-576 0 72 ) (-576 0 16 ) (-544 0 16 ) 
4 81 82 (-576 0 24 ) (-576 0 72 ) (-576 96 72 ) (-576 96 24 ) 
4 82 99 (-576 0 72 ) (-608 0 72 ) (-608 0 24 ) (-576 0 24 ) 
4 82 83 (-608 96 72 ) (-608 96 32 ) (-608 0 32 ) (-608 0 72 ) 
4 83 102 (-608 0 32 ) (-608 0 160 ) (-832 0 160 ) (-832 0 32 ) 
4 83 84 (-832 96 160 ) (-832 96 32 ) (-832 0 32 ) (-832 0 160 ) 
4 84 103 (-832 0 8 ) (-832 0 32 ) (-1024 0 32 ) (-1024 0 8 ) 
4 84 102 (-832 0 32 ) (-832 0 160 ) (-1024 0 160 ) (-1024 0 32 ) 
4 84 101 (-832 0 160 ) (-832 0 192 ) (-1024 0 192 ) (-1024 0 160 ) 
4 84 92 (-1024 0 8 ) (-1024 0 192 ) (-1024 96 192 ) (-1024 96 8 ) 
4 85 124 (-1024 0 192 ) (-1024 0 384 ) (-1120 0 384 ) (-1120 0 192 ) 
4 85 92 (-1024 600 192 ) (-1024 0 192 ) (-1120 0 192 ) (-1120 600 192 ) 
4 85 90 (-1024 608 192 ) (-1024 600 192 ) (-1120 600 192 ) (-1120 608 192 ) 
4 85 86 (-1024 928 192 ) (-1024 608 192 ) (-1120 608 192 ) (-1120 928 192 ) 
4 86 90 (-1024 608 192 ) (-1120 608 192 ) (-1120 608 160 ) (-1024 608 160 ) 
4 86 87 (-1024 608 160 ) (-1124 608 160 ) (-1124 928 160 ) (-1024 928 160 ) 
4 87 90 (-1120 608 8 ) (-1024 608 8 ) (-1024 608 160 ) (-1120 608 160 ) 
4 87 88 (-1124 928 8 ) (-1124 608 8 ) (-1124 608 160 ) (-1124 928 160 ) 
4 88 89 (-1128 928 8 ) (-1128 608 8 ) (-1128 608 160 ) (-1128 928 160 ) 
4 89 91 (-1168 608 48 ) (-1168 608 80 ) (-1200 608 80 ) (-1200 608 48 ) 
4 90 92 (-1024 600 8 ) (-1024 600 192 ) (-1120 600 192 ) (-1120 600 8 ) 
4 92 124 (-1024 0 8 ) (-1024 0 192 ) (-1120 0 192 ) (-1120 0 8 ) 
4 93 106 (-608 -224 160 ) (-608 -224 144 ) (-544 -224 144 ) (-544 -224 160 ) 
4 93 105 (0 -224 144 ) (0 -224 192 ) (-480 -224 192 ) (-480 -224 144 ) 
4 93 104 (0 -224 192 ) (0 -224 384 ) (-608 -224 384 ) (-608 -224 192 ) 
4 93 102 (-608 0 160 ) (-608 0 144 ) (-608 -224 144 ) (-608 -224 160 ) 
4 93 100 (-608 0 384 ) (-608 0 192 ) (-608 -224 192 ) (-608 -224 384 ) 
4 93 94 (0 -224 144 ) (-32 -224 144 ) (-32 -32 144 ) (0 -32 144 ) 
4 93 95 (-32 -224 144 ) (-608 -224 144 ) (-608 0 144 ) (-32 0 144 ) 
4 94 105 (0 -224 72 ) (0 -224 144 ) (-32 -224 144 ) (-32 -224 72 ) 
4 94 96 (0 -224 72 ) (-32 -224 72 ) (-32 -96 72 ) (0 -96 72 ) 
4 94 95 (-32 -32 72 ) (-32 -224 72 ) (-32 -224 144 ) (-32 -32 144 ) 
4 95 106 (-544 -224 144 ) (-608 -224 144 ) (-608 -224 72 ) (-544 -224 72 ) 
4 95 105 (-32 -224 144 ) (-480 -224 144 ) (-480 -224 72 ) (-32 -224 72 ) 
4 95 102 (-608 0 144 ) (-608 0 72 ) (-608 -224 72 ) (-608 -224 144 ) 
4 95 99 (-576 -224 72 ) (-608 -224 72 ) (-608 0 72 ) (-576 0 72 ) 
4 95 98 (-544 -224 72 ) (-576 -224 72 ) (-576 0 72 ) (-544 0 72 ) 
4 95 96 (-32 -224 72 ) (-96 -224 72 ) (-96 -96 72 ) (-32 -96 72 ) 
4 95 97 (-96 -224 72 ) (-544 -224 72 ) (-544 0 72 ) (-96 0 72 ) 
4 96 105 (0 -224 8 ) (0 -224 72 ) (-96 -224 72 ) (-96 -224 8 ) 
4 96 97 (-96 -96 8 ) (-96 -224 8 ) (-96 -224 72 ) (-96 -96 72 ) 
4 97 105 (-96 -224 72 ) (-480 -224 72 ) (-480 -224 8 ) (-96 -224 8 ) 
4 97 98 (-544 -224 16 ) (-544 -224 72 ) (-544 0 72 ) (-544 0 16 ) 
4 98 106 (-544 -224 72 ) (-576 -224 72 ) (-576 -224 32 ) (-544 -224 32 ) 
4 98 99 (-576 -224 24 ) (-576 -224 72 ) (-576 0 72 ) (-576 0 24 ) 
4 99 106 (-576 -224 72 ) (-608 -224 72 ) (-608 -224 32 ) (-576 -224 32 ) 
4 99 102 (-608 0 72 ) (-608 0 32 ) (-608 -224 32 ) (-608 -224 72 ) 
4 100 124 (-1024 -224 192 ) (-1024 -224 384 ) (-1024 0 384 ) (-1024 0 192 ) 
4 100 104 (-1024 -224 384 ) (-1024 -224 192 ) (-608 -224 192 ) (-608 -224 384 ) 
4 100 101 (-1024 0 192 ) (-832 0 192 ) (-832 -224 192 ) (-1024 -224 192 ) 
4 101 124 (-1024 -224 160 ) (-1024 -224 192 ) (-1024 0 192 ) (-1024 0 160 ) 
4 101 107 (-1024 -224 192 ) (-1024 -224 160 ) (-832 -224 160 ) (-832 -224 192 ) 
4 101 102 (-832 -224 160 ) (-1024 -224 160 ) (-1024 0 160 ) (-832 0 160 ) 
4 102 124 (-1024 -224 32 ) (-1024 -224 160 ) (-1024 0 160 ) (-1024 0 32 ) 
4 102 107 (-1024 -224 160 ) (-1024 -224 32 ) (-832 -224 32 ) (-832 -224 160 ) 
4 102 106 (-800 -224 32 ) (-608 -224 32 ) (-608 -224 160 ) (-800 -224 160 ) 
4 102 103 (-1024 0 32 ) (-832 0 32 ) (-832 -224 32 ) (-1024 -224 32 ) 
4 103 124 (-1024 -224 8 ) (-1024 -224 32 ) (-1024 0 32 ) (-1024 0 8 ) 
4 103 107 (-1024 -224 32 ) (-1024 -224 8 ) (-832 -224 8 ) (-832 -224 32 ) 
4 104 125 (0 -1024 192 ) (0 -1024 384 ) (-1024 -1024 384 ) (-1024 -1024 192 ) 
4 104 124 (-1024 -1024 192 ) (-1024 -1024 384 ) (-1024 -224 384 ) (-1024 -224 192 ) 
4 104 123 (-1024 -1024 192 ) (-1024 -832 192 ) (0 -832 192 ) (0 -1024 192 ) 
4 104 122 (-1024 -832 192 ) (-1024 -800 192 ) (-832 -800 192 ) (-832 -832 192 ) 
4 104 119 (-224 -800 192 ) (0 -800 192 ) (0 -832 192 ) (-224 -832 192 ) 
4 104 118 (-1024 -800 192 ) (-1024 -288 192 ) (-832 -288 192 ) (-832 -800 192 ) 
4 104 113 (-352 -608 192 ) (-480 -608 192 ) (-480 -480 192 ) (-352 -480 192 ) 
4 104 112 (-160 -608 192 ) (-352 -608 192 ) (-352 -480 192 ) (-160 -480 192 ) 
4 104 111 (0 -480 192 ) (0 -608 192 ) (-160 -608 192 ) (-160 -480 192 ) 
4 104 110 (-480 -288 192 ) (-352 -288 192 ) (-352 -480 192 ) (-480 -480 192 ) 
4 104 109 (-352 -288 192 ) (-160 -288 192 ) (-160 -480 192 ) (-352 -480 192 ) 
4 104 108 (-160 -288 192 ) (0 -288 192 ) (0 -480 192 ) (-160 -480 192 ) 
4 104 107 (-1024 -288 192 ) (-1024 -224 192 ) (-832 -224 192 ) (-832 -288 192 ) 
4 104 105 (-480 -224 192 ) (0 -224 192 ) (0 -288 192 ) (-480 -288 192 ) 
4 105 110 (-352 -288 192 ) (-480 -288 192 ) (-480 -288 8 ) (-352 -288 8 ) 
4 105 109 (-160 -288 192 ) (-352 -288 192 ) (-352 -288 8 ) (-160 -288 8 ) 
4 105 108 (0 -288 8 ) (0 -288 192 ) (-160 -288 192 ) (-160 -288 8 ) 
4 106 117 (-800 -288 160 ) (-800 -288 32 ) (-544 -288 32 ) (-544 -288 160 ) 
4 107 124 (-1024 -288 8 ) (-1024 -288 192 ) (-1024 -224 192 ) (-1024 -224 8 ) 
4 107 118 (-832 -288 192 ) (-1024 -288 192 ) (-1024 -288 8 ) (-832 -288 8 ) 
4 108 111 (0 -480 8 ) (0 -480 192 ) (-160 -480 192 ) (-160 -480 8 ) 
4 108 109 (-160 -288 192 ) (-160 -288 8 ) (-160 -480 8 ) (-160 -480 192 ) 
4 109 112 (-160 -480 8 ) (-160 -480 192 ) (-352 -480 192 ) (-352 -480 8 ) 
4 109 110 (-352 -288 192 ) (-352 -288 8 ) (-352 -480 8 ) (-352 -480 192 ) 
4 110 117 (-480 -288 160 ) (-480 -288 32 ) (-480 -480 32 ) (-480 -480 160 ) 
4 110 113 (-480 -480 192 ) (-480 -480 8 ) (-352 -480 8 ) (-352 -480 192 ) 
4 111 114 (0 -608 32 ) (0 -608 160 ) (-160 -608 160 ) (-160 -608 32 ) 
4 111 112 (-160 -480 192 ) (-160 -480 8 ) (-160 -608 8 ) (-160 -608 192 ) 
4 112 114 (-160 -608 32 ) (-160 -608 160 ) (-224 -608 160 ) (-224 -608 32 ) 
4 112 113 (-352 -480 192 ) (-352 -480 8 ) (-352 -608 8 ) (-352 -608 192 ) 
4 113 117 (-480 -608 32 ) (-480 -608 160 ) (-480 -480 160 ) (-480 -480 32 ) 
4 113 116 (-480 -608 160 ) (-480 -608 32 ) (-416 -608 32 ) (-416 -608 160 ) 
4 114 119 (0 -800 32 ) (0 -800 160 ) (-224 -800 160 ) (-224 -800 32 ) 
4 114 115 (-224 -672 32 ) (-224 -800 32 ) (-224 -800 160 ) (-224 -672 160 ) 
4 115 120 (-352 -800 160 ) (-416 -800 160 ) (-416 -800 32 ) (-352 -800 32 ) 
4 115 116 (-416 -800 32 ) (-416 -800 160 ) (-416 -672 160 ) (-416 -672 32 ) 
4 116 117 (-480 -800 32 ) (-480 -800 160 ) (-480 -608 160 ) (-480 -608 32 ) 
4 118 124 (-1024 -800 8 ) (-1024 -800 192 ) (-1024 -288 192 ) (-1024 -288 8 ) 
4 118 122 (-832 -800 8 ) (-832 -800 192 ) (-1024 -800 192 ) (-1024 -800 8 ) 
4 119 123 (0 -832 8 ) (0 -832 192 ) (-224 -832 192 ) (-224 -832 8 ) 
4 120 121 (-368 -808 80 ) (-368 -808 112 ) (-400 -808 112 ) (-400 -808 80 ) 
4 122 124 (-1024 -832 8 ) (-1024 -832 192 ) (-1024 -800 192 ) (-1024 -800 8 ) 
4 122 123 (-832 -832 192 ) (-1024 -832 192 ) (-1024 -832 8 ) (-832 -832 8 ) 
4 123 125 (0 -1024 8 ) (0 -1024 192 ) (-1024 -1024 192 ) (-1024 -1024 8 ) 
4 123 124 (-1024 -1024 8 ) (-1024 -1024 192 ) (-1024 -832 192 ) (-1024 -832 8 ) 
4 124 127 (-1024 -1024 8 ) (-1024 -1024 192 ) (-1120 -1024 192 ) (-1120 -1024 8 ) 
4 124 126 (-1024 -1024 192 ) (-1024 -1024 384 ) (-1120 -1024 384 ) (-1120 -1024 192 ) 
4 125 127 (-1024 -1024 192 ) (-1024 -1024 8 ) (-1024 -1056 8 ) (-1024 -1056 192 ) 
4 125 126 (-1024 -1024 384 ) (-1024 -1024 192 ) (-1024 -1056 192 ) (-1024 -1056 384 ) 
4 126 127 (-1120 -1056 192 ) (-1120 -1024 192 ) (-1024 -1024 192 ) (-1024 -1056 192 ) 
