PRT1
154
423
4 0 36 (1120 0 8 ) (1120 0 384 ) (1024 0 384 ) (1024 0 8 ) 
4 0 29 (1024 0 8 ) (1024 0 32 ) (1024 96 32 ) (1024 96 8 ) 
4 0 27 (1024 0 160 ) (1024 0 192 ) (1024 96 192 ) (1024 96 160 ) 
4 0 28 (1024 0 32 ) (1024 0 160 ) (1024 96 160 ) (1024 96 32 ) 
4 0 26 (1024 0 192 ) (1024 0 384 ) (1024 96 384 ) (1024 96 192 ) 
4 0 7 (1024 96 384 ) (1024 672 384 ) (1024 672 8 ) (1024 96 8 ) 
4 0 3 (1024 704 8 ) (1024 672 8 ) (1024 672 192 ) (1024 704 192 ) 
4 0 2 (1024 928 192 ) (1024 928 8 ) (1024 704 8 ) (1024 704 192 ) 
4 0 1 (1024 672 384 ) (1024 928 384 ) (1024 928 192 ) (1024 672 192 ) 
4 1 75 (0 672 192 ) (0 672 384 ) (0 928 384 ) (0 928 192 ) 
4 1 19 (224 672 384 ) (0 672 384 ) (0 672 192 ) (224 672 192 ) 
4 1 16 (416 672 384 ) (224 672 384 ) (224 672 192 ) (416 672 192 ) 
4 1 14 (480 672 384 ) (416 672 384 ) (416 672 192 ) (480 672 192 ) 
4 1 9 (800 672 384 ) (480 672 384 ) (480 672 192 ) (800 672 192 ) 
4 1 8 (832 672 384 ) (800 672 384 ) (800 672 192 ) (832 672 192 ) 
4 1 7 (1024 672 192 ) (1024 672 384 ) (832 672 384 ) (832 672 192 ) 
4 1 6 (224 672 192 ) (0 672 192 ) (0 704 192 ) (224 704 192 ) 
4 1 3 (1024 672 192 ) (832 672 192 ) (832 704 192 ) (1024 704 192 ) 
4 1 2 (0 704 192 ) (0 928 192 ) (1024 928 192 ) (1024 704 192 ) 
4 2 76 (0 704 8 ) (0 704 192 ) (0 928 192 ) (0 928 8 ) 
4 2 6 (224 704 192 ) (0 704 192 ) (0 704 8 ) (224 704 8 ) 
4 2 3 (1024 704 8 ) (1024 704 192 ) (832 704 192 ) (832 704 8 ) 
4 3 7 (1024 672 8 ) (1024 672 192 ) (832 672 192 ) (832 672 8 ) 
4 4 5 (400 680 80 ) (400 680 112 ) (368 680 112 ) (368 680 80 ) 
4 5 17 (416 672 32 ) (416 672 160 ) (352 672 160 ) (352 672 32 ) 
4 6 77 (0 672 8 ) (0 672 192 ) (0 704 192 ) (0 704 8 ) 
4 6 20 (224 672 32 ) (224 672 160 ) (0 672 160 ) (0 672 32 ) 
4 7 29 (1024 96 8 ) (1024 96 32 ) (832 96 32 ) (832 96 8 ) 
4 7 27 (1024 96 160 ) (1024 96 192 ) (832 96 192 ) (832 96 160 ) 
4 7 28 (1024 96 32 ) (1024 96 160 ) (832 96 160 ) (832 96 32 ) 
4 7 26 (1024 96 192 ) (1024 96 384 ) (832 96 384 ) (832 96 192 ) 
4 7 8 (832 672 384 ) (832 672 192 ) (832 96 192 ) (832 96 384 ) 
4 8 26 (832 96 192 ) (832 96 384 ) (800 96 384 ) (800 96 192 ) 
4 8 11 (800 160 192 ) (800 96 192 ) (800 96 384 ) (800 160 384 ) 
4 8 9 (800 672 384 ) (800 672 192 ) (800 160 192 ) (800 160 384 ) 
4 9 22 (480 352 192 ) (480 160 192 ) (480 160 384 ) (480 352 384 ) 
4 9 21 (480 480 192 ) (480 352 192 ) (480 352 384 ) (480 480 384 ) 
4 9 14 (480 672 384 ) (480 672 192 ) (480 480 192 ) (480 480 384 ) 
4 9 13 (480 160 384 ) (480 160 208 ) (544 160 208 ) (544 160 384 ) 
4 9 11 (544 160 192 ) (800 160 192 ) (800 160 384 ) (544 160 384 ) 
4 10 22 (480 352 32 ) (480 160 32 ) (480 160 160 ) (480 352 160 ) 
4 10 21 (480 480 32 ) (480 352 32 ) (480 352 160 ) (480 480 160 ) 
4 10 15 (480 672 160 ) (480 672 32 ) (480 480 32 ) (480 480 160 ) 
4 10 12 (544 160 32 ) (800 160 32 ) (800 160 160 ) (544 160 160 ) 
4 11 30 (608 96 384 ) (544 96 384 ) (544 96 192 ) (608 96 192 ) 
4 11 26 (800 96 192 ) (800 96 384 ) (608 96 384 ) (608 96 192 ) 
4 11 13 (544 160 384 ) (544 160 208 ) (544 96 208 ) (544 96 384 ) 
4 12 34 (544 96 72 ) (544 96 32 ) (576 96 32 ) (576 96 72 ) 
4 12 33 (576 96 32 ) (608 96 32 ) (608 96 72 ) (576 96 72 ) 
4 12 30 (608 96 160 ) (544 96 160 ) (544 96 72 ) (608 96 72 ) 
4 12 28 (800 96 32 ) (800 96 160 ) (608 96 160 ) (608 96 32 ) 
4 13 30 (544 96 208 ) (544 96 384 ) (480 96 384 ) (480 96 208 ) 
4 13 25 (480 96 208 ) (480 96 384 ) (480 160 384 ) (480 160 208 ) 
4 14 21 (480 480 192 ) (480 480 384 ) (416 480 384 ) (416 480 192 ) 
4 14 18 (416 480 208 ) (416 480 384 ) (416 544 384 ) (416 544 208 ) 
4 14 16 (416 672 384 ) (416 672 192 ) (416 544 192 ) (416 544 384 ) 
4 15 21 (480 480 32 ) (480 480 160 ) (416 480 160 ) (416 480 32 ) 
4 15 17 (416 672 160 ) (416 672 32 ) (416 544 32 ) (416 544 160 ) 
4 16 19 (224 672 384 ) (224 672 192 ) (224 544 192 ) (224 544 384 ) 
4 16 18 (224 544 384 ) (224 544 208 ) (416 544 208 ) (416 544 384 ) 
4 17 20 (224 672 160 ) (224 672 32 ) (224 544 32 ) (224 544 160 ) 
4 18 21 (416 480 208 ) (416 480 384 ) (224 480 384 ) (224 480 208 ) 
4 18 19 (224 480 208 ) (224 480 384 ) (224 544 384 ) (224 544 208 ) 
4 19 81 (0 480 192 ) (0 480 384 ) (0 672 384 ) (0 672 192 ) 
4 19 21 (0 480 384 ) (0 480 192 ) (224 480 192 ) (224 480 384 ) 
4 20 82 (0 480 32 ) (0 480 160 ) (0 672 160 ) (0 672 32 ) 
4 20 21 (0 480 160 ) (0 480 32 ) (224 480 32 ) (224 480 160 ) 
4 21 88 (0 352 8 ) (0 352 384 ) (0 480 384 ) (0 480 8 ) 
4 21 24 (0 352 384 ) (0 352 8 ) (160 352 8 ) (160 352 384 ) 
4 21 23 (352 352 72 ) (352 352 384 ) (160 352 384 ) (160 352 72 ) 
4 21 22 (352 352 8 ) (480 352 8 ) (480 352 384 ) (352 352 384 ) 
4 22 25 (480 160 8 ) (480 160 384 ) (352 160 384 ) (352 160 8 ) 
4 22 23 (352 352 384 ) (352 352 72 ) (352 160 72 ) (352 160 384 ) 
4 23 25 (352 160 72 ) (352 160 384 ) (160 160 384 ) (160 160 72 ) 
4 23 24 (160 352 384 ) (160 352 72 ) (160 160 72 ) (160 160 384 ) 
4 24 89 (0 160 8 ) (0 160 384 ) (0 352 384 ) (0 352 8 ) 
4 24 25 (160 160 8 ) (160 160 384 ) (0 160 384 ) (0 160 8 ) 
4 25 92 (0 96 8 ) (0 96 384 ) (0 160 384 ) (0 160 8 ) 
4 25 35 (96 96 8 ) (480 96 8 ) (480 96 72 ) (96 96 72 ) 
4 25 31 (0 96 384 ) (0 96 72 ) (32 96 72 ) (32 96 384 ) 
4 25 30 (32 96 72 ) (480 96 72 ) (480 96 384 ) (32 96 384 ) 
4 26 37 (1024 0 192 ) (1024 0 384 ) (608 0 384 ) (608 0 192 ) 
4 26 30 (608 96 384 ) (608 96 192 ) (608 0 192 ) (608 0 384 ) 
4 26 27 (1024 0 192 ) (832 0 192 ) (832 96 192 ) (1024 96 192 ) 
4 27 38 (1024 0 160 ) (1024 0 192 ) (832 0 192 ) (832 0 160 ) 
4 27 28 (832 96 160 ) (1024 96 160 ) (1024 0 160 ) (832 0 160 ) 
4 28 39 (1024 0 32 ) (1024 0 160 ) (608 0 160 ) (608 0 32 ) 
4 28 33 (608 96 72 ) (608 96 32 ) (608 0 32 ) (608 0 72 ) 
4 28 30 (608 96 160 ) (608 96 72 ) (608 0 72 ) (608 0 160 ) 
4 28 29 (832 96 32 ) (1024 96 32 ) (1024 0 32 ) (832 0 32 ) 
4 29 40 (1024 0 8 ) (1024 0 32 ) (832 0 32 ) (832 0 8 ) 
4 30 42 (32 0 72 ) (608 0 72 ) (608 0 144 ) (32 0 144 ) 
4 30 41 (608 0 144 ) (608 0 384 ) (32 0 384 ) (32 0 144 ) 
4 30 34 (544 96 72 ) (576 96 72 ) (576 0 72 ) (544 0 72 ) 
4 30 35 (96 96 72 ) (544 96 72 ) (544 0 72 ) (96 0 72 ) 
4 30 33 (576 96 72 ) (608 96 72 ) (608 0 72 ) (576 0 72 ) 
4 30 32 (32 0 144 ) (32 0 384 ) (32 32 384 ) (32 32 144 ) 
4 30 31 (32 96 72 ) (32 32 72 ) (32 32 384 ) (32 96 384 ) 
4 31 101 (0 96 144 ) (0 96 72 ) (0 32 72 ) (0 32 144 ) 
4 31 100 (0 32 384 ) (0 96 384 ) (0 96 144 ) (0 32 144 ) 
4 31 32 (32 32 144 ) (32 32 384 ) (0 32 384 ) (0 32 144 ) 
4 32 100 (0 0 144 ) (0 0 384 ) (0 32 384 ) (0 32 144 ) 
4 32 41 (0 0 384 ) (0 0 144 ) (32 0 144 ) (32 0 384 ) 
4 33 44 (608 0 24 ) (608 0 72 ) (576 0 72 ) (576 0 24 ) 
4 33 34 (576 0 24 ) (576 0 72 ) (576 96 72 ) (576 96 24 ) 
4 34 45 (576 0 16 ) (576 0 72 ) (544 0 72 ) (544 0 16 ) 
4 34 35 (544 0 16 ) (544 0 72 ) (544 96 72 ) (544 96 16 ) 
4 35 46 (96 0 8 ) (544 0 8 ) (544 0 72 ) (96 0 72 ) 
4 36 73 (1120 -1024 8 ) (1120 -1024 384 ) (1024 -1024 384 ) (1024 -1024 8 ) 
4 36 72 (1024 -832 8 ) (1024 -1024 8 ) (1024 -1024 192 ) (1024 -832 192 ) 
4 36 68 (1024 -800 8 ) (1024 -832 8 ) (1024 -832 192 ) (1024 -800 192 ) 
4 36 67 (1024 -1024 192 ) (1024 -1024 384 ) (1024 -800 384 ) (1024 -800 192 ) 
4 36 48 (1024 -224 8 ) (1024 -800 8 ) (1024 -800 384 ) (1024 -224 384 ) 
4 36 40 (1024 0 32 ) (1024 0 8 ) (1024 -224 8 ) (1024 -224 32 ) 
4 36 39 (1024 0 160 ) (1024 0 32 ) (1024 -224 32 ) (1024 -224 160 ) 
4 36 38 (1024 0 192 ) (1024 0 160 ) (1024 -224 160 ) (1024 -224 192 ) 
4 36 37 (1024 0 384 ) (1024 0 192 ) (1024 -224 192 ) (1024 -224 384 ) 
4 37 50 (800 -224 384 ) (608 -224 384 ) (608 -224 192 ) (800 -224 192 ) 
4 37 49 (832 -224 384 ) (800 -224 384 ) (800 -224 192 ) (832 -224 192 ) 
4 37 48 (1024 -224 192 ) (1024 -224 384 ) (832 -224 384 ) (832 -224 192 ) 
4 37 41 (608 -224 192 ) (608 -224 384 ) (608 0 384 ) (608 0 192 ) 
4 37 38 (1024 -224 192 ) (832 -224 192 ) (832 0 192 ) (1024 0 192 ) 
4 38 48 (1024 -224 160 ) (1024 -224 192 ) (832 -224 192 ) (832 -224 160 ) 
4 38 39 (1024 -224 160 ) (832 -224 160 ) (832 0 160 ) (1024 0 160 ) 
4 39 51 (800 -224 160 ) (608 -224 160 ) (608 -224 32 ) (800 -224 32 ) 
4 39 48 (1024 -224 32 ) (1024 -224 160 ) (832 -224 160 ) (832 -224 32 ) 
4 39 44 (608 -224 32 ) (608 -224 72 ) (608 0 72 ) (608 0 32 ) 
4 39 42 (608 -224 72 ) (608 -224 144 ) (608 0 144 ) (608 0 72 ) 
4 39 41 (608 -224 144 ) (608 -224 160 ) (608 0 160 ) (608 0 144 ) 
4 39 40 (1024 -224 32 ) (832 -224 32 ) (832 0 32 ) (1024 0 32 ) 
4 40 48 (1024 -224 8 ) (1024 -224 32 ) (832 -224 32 ) (832 -224 8 ) 
4 41 114 (0 -224 144 ) (0 -224 384 ) (0 0 384 ) (0 0 144 ) 
4 41 55 (0 -224 384 ) (0 -224 144 ) (480 -224 144 ) (480 -224 384 ) 
4 41 52 (544 -224 208 ) (544 -224 384 ) (480 -224 384 ) (480 -224 208 ) 
4 41 50 (608 -224 192 ) (608 -224 384 ) (544 -224 384 ) (544 -224 192 ) 
4 41 51 (544 -224 144 ) (608 -224 144 ) (608 -224 160 ) (544 -224 160 ) 
4 41 43 (32 -224 144 ) (0 -224 144 ) (0 -32 144 ) (32 -32 144 ) 
4 41 42 (608 0 144 ) (608 -224 144 ) (32 -224 144 ) (32 0 144 ) 
4 42 55 (32 -224 72 ) (480 -224 72 ) (480 -224 144 ) (32 -224 144 ) 
4 42 51 (544 -224 72 ) (608 -224 72 ) (608 -224 144 ) (544 -224 144 ) 
4 42 47 (96 -96 72 ) (96 -224 72 ) (32 -224 72 ) (32 -96 72 ) 
4 42 46 (96 0 72 ) (544 0 72 ) (544 -224 72 ) (96 -224 72 ) 
4 42 45 (544 0 72 ) (576 0 72 ) (576 -224 72 ) (544 -224 72 ) 
4 42 44 (576 0 72 ) (608 0 72 ) (608 -224 72 ) (576 -224 72 ) 
4 42 43 (32 -32 72 ) (32 -224 72 ) (32 -224 144 ) (32 -32 144 ) 
4 43 115 (0 -224 72 ) (0 -224 144 ) (0 -32 144 ) (0 -32 72 ) 
4 43 55 (0 -224 144 ) (0 -224 72 ) (32 -224 72 ) (32 -224 144 ) 
4 43 47 (32 -96 72 ) (32 -224 72 ) (0 -224 72 ) (0 -96 72 ) 
4 44 51 (608 -224 32 ) (608 -224 72 ) (576 -224 72 ) (576 -224 32 ) 
4 44 45 (576 -224 24 ) (576 -224 72 ) (576 0 72 ) (576 0 24 ) 
4 45 51 (576 -224 32 ) (576 -224 72 ) (544 -224 72 ) (544 -224 32 ) 
4 45 46 (544 -224 16 ) (544 -224 72 ) (544 0 72 ) (544 0 16 ) 
4 46 55 (96 -224 8 ) (480 -224 8 ) (480 -224 72 ) (96 -224 72 ) 
4 46 47 (96 -96 8 ) (96 -224 8 ) (96 -224 72 ) (96 -96 72 ) 
4 47 117 (0 -224 8 ) (0 -224 72 ) (0 -96 72 ) (0 -96 8 ) 
4 47 55 (0 -224 72 ) (0 -224 8 ) (96 -224 8 ) (96 -224 72 ) 
4 48 68 (1024 -800 8 ) (1024 -800 192 ) (832 -800 192 ) (832 -800 8 ) 
4 48 67 (1024 -800 192 ) (1024 -800 384 ) (832 -800 384 ) (832 -800 192 ) 
4 48 49 (832 -224 384 ) (832 -224 192 ) (832 -800 192 ) (832 -800 384 ) 
4 49 67 (832 -800 192 ) (832 -800 384 ) (800 -800 384 ) (800 -800 192 ) 
4 49 53 (800 -288 192 ) (800 -800 192 ) (800 -800 384 ) (800 -288 384 ) 
4 49 50 (800 -224 384 ) (800 -224 192 ) (800 -288 192 ) (800 -288 384 ) 
4 50 53 (800 -288 192 ) (800 -288 384 ) (544 -288 384 ) (544 -288 192 ) 
4 50 52 (544 -224 384 ) (544 -224 208 ) (544 -288 208 ) (544 -288 384 ) 
4 51 54 (800 -288 32 ) (800 -288 160 ) (544 -288 160 ) (544 -288 32 ) 
4 52 55 (480 -224 384 ) (480 -224 208 ) (480 -288 208 ) (480 -288 384 ) 
4 52 53 (480 -288 384 ) (480 -288 208 ) (544 -288 208 ) (544 -288 384 ) 
4 53 67 (800 -800 192 ) (800 -800 384 ) (480 -800 384 ) (480 -800 192 ) 
4 53 60 (480 -800 192 ) (480 -800 384 ) (480 -608 384 ) (480 -608 192 ) 
4 53 59 (480 -608 384 ) (480 -480 384 ) (480 -480 192 ) (480 -608 192 ) 
4 53 56 (480 -480 384 ) (480 -288 384 ) (480 -288 192 ) (480 -480 192 ) 
4 54 61 (480 -800 32 ) (480 -800 160 ) (480 -608 160 ) (480 -608 32 ) 
4 54 59 (480 -608 160 ) (480 -480 160 ) (480 -480 32 ) (480 -608 32 ) 
4 54 56 (480 -480 160 ) (480 -288 160 ) (480 -288 32 ) (480 -480 32 ) 
4 55 125 (0 -288 8 ) (0 -288 384 ) (0 -224 384 ) (0 -224 8 ) 
4 55 58 (0 -288 384 ) (0 -288 8 ) (160 -288 8 ) (160 -288 384 ) 
4 55 57 (352 -288 72 ) (352 -288 384 ) (160 -288 384 ) (160 -288 72 ) 
4 55 56 (352 -288 8 ) (480 -288 8 ) (480 -288 384 ) (352 -288 384 ) 
4 56 59 (480 -480 8 ) (480 -480 384 ) (352 -480 384 ) (352 -480 8 ) 
4 56 57 (352 -288 384 ) (352 -288 72 ) (352 -480 72 ) (352 -480 384 ) 
4 57 59 (352 -480 72 ) (352 -480 384 ) (160 -480 384 ) (160 -480 72 ) 
4 57 58 (160 -288 384 ) (160 -288 72 ) (160 -480 72 ) (160 -480 384 ) 
4 58 126 (0 -480 8 ) (0 -480 384 ) (0 -288 384 ) (0 -288 8 ) 
4 58 59 (160 -480 8 ) (160 -480 384 ) (0 -480 384 ) (0 -480 8 ) 
4 59 129 (0 -608 8 ) (0 -608 384 ) (0 -480 384 ) (0 -480 8 ) 
4 59 65 (0 -608 384 ) (0 -608 192 ) (224 -608 192 ) (224 -608 384 ) 
4 59 66 (0 -608 160 ) (0 -608 32 ) (224 -608 32 ) (224 -608 160 ) 
4 59 62 (416 -608 208 ) (416 -608 384 ) (224 -608 384 ) (224 -608 208 ) 
4 59 60 (480 -608 192 ) (480 -608 384 ) (416 -608 384 ) (416 -608 192 ) 
4 59 61 (480 -608 32 ) (480 -608 160 ) (416 -608 160 ) (416 -608 32 ) 
4 60 67 (480 -800 192 ) (480 -800 384 ) (416 -800 384 ) (416 -800 192 ) 
4 60 63 (416 -672 192 ) (416 -800 192 ) (416 -800 384 ) (416 -672 384 ) 
4 60 62 (416 -608 384 ) (416 -608 208 ) (416 -672 208 ) (416 -672 384 ) 
4 61 64 (416 -672 32 ) (416 -800 32 ) (416 -800 160 ) (416 -672 160 ) 
4 62 65 (224 -608 384 ) (224 -608 208 ) (224 -672 208 ) (224 -672 384 ) 
4 62 63 (224 -672 384 ) (224 -672 208 ) (416 -672 208 ) (416 -672 384 ) 
4 63 67 (416 -800 192 ) (416 -800 384 ) (224 -800 384 ) (224 -800 192 ) 
4 63 65 (224 -800 192 ) (224 -800 384 ) (224 -672 384 ) (224 -672 192 ) 
4 64 69 (416 -800 32 ) (416 -800 160 ) (352 -800 160 ) (352 -800 32 ) 
4 64 66 (224 -800 32 ) (224 -800 160 ) (224 -672 160 ) (224 -672 32 ) 
4 65 130 (0 -800 192 ) (0 -800 384 ) (0 -608 384 ) (0 -608 192 ) 
4 65 67 (0 -800 384 ) (0 -800 192 ) (224 -800 192 ) (224 -800 384 ) 
4 66 131 (0 -800 32 ) (0 -800 160 ) (0 -608 160 ) (0 -608 32 ) 
4 66 71 (0 -800 160 ) (0 -800 32 ) (224 -800 32 ) (224 -800 160 ) 
4 67 144 (0 -1024 192 ) (0 -1024 384 ) (0 -800 384 ) (0 -800 192 ) 
4 67 74 (0 -1024 384 ) (0 -1024 192 ) (1024 -1024 192 ) (1024 -1024 384 ) 
4 67 72 (0 -1024 192 ) (0 -832 192 ) (1024 -832 192 ) (1024 -1024 192 ) 
4 67 71 (0 -832 192 ) (0 -800 192 ) (224 -800 192 ) (224 -832 192 ) 
4 67 68 (832 -800 192 ) (1024 -800 192 ) (1024 -832 192 ) (832 -832 192 ) 
4 68 72 (1024 -832 192 ) (832 -832 192 ) (832 -832 8 ) (1024 -832 8 ) 
4 69 70 (400 -808 80 ) (400 -808 112 ) (368 -808 112 ) (368 -808 80 ) 
4 71 145 (0 -832 8 ) (0 -832 192 ) (0 -800 192 ) (0 -800 8 ) 
4 71 72 (224 -832 192 ) (0 -832 192 ) (0 -832 8 ) (224 -832 8 ) 
4 72 149 (0 -1024 8 ) (0 -1024 192 ) (0 -832 192 ) (0 -832 8 ) 
4 72 74 (0 -1024 192 ) (0 -1024 8 ) (1024 -1024 8 ) (1024 -1024 192 ) 
4 73 74 (1024 -1024 384 ) (1024 -1024 8 ) (1024 -1056 8 ) (1024 -1056 384 ) 
4 74 151 (0 -1056 8 ) (0 -1056 384 ) (0 -1024 384 ) (0 -1024 8 ) 
4 75 110 (-1024 672 192 ) (-1024 672 384 ) (-1024 928 384 ) (-1024 928 192 ) 
4 75 99 (-832 672 384 ) (-1024 672 384 ) (-1024 672 192 ) (-832 672 192 ) 
4 75 98 (-800 672 384 ) (-832 672 384 ) (-832 672 192 ) (-800 672 192 ) 
4 75 93 (-480 672 384 ) (-800 672 384 ) (-800 672 192 ) (-480 672 192 ) 
4 75 86 (-416 672 384 ) (-480 672 384 ) (-480 672 192 ) (-416 672 192 ) 
4 75 83 (-224 672 384 ) (-416 672 384 ) (-416 672 192 ) (-224 672 192 ) 
4 75 81 (0 672 192 ) (0 672 384 ) (-224 672 384 ) (-224 672 192 ) 
4 75 80 (-832 672 192 ) (-1024 672 192 ) (-1024 704 192 ) (-832 704 192 ) 
4 75 77 (0 672 192 ) (-224 672 192 ) (-224 704 192 ) (0 704 192 ) 
4 75 76 (-1024 704 192 ) (-1024 928 192 ) (0 928 192 ) (0 704 192 ) 
4 76 111 (-1024 704 8 ) (-1024 704 192 ) (-1024 928 192 ) (-1024 928 8 ) 
4 76 80 (-832 704 192 ) (-1024 704 192 ) (-1024 704 8 ) (-832 704 8 ) 
4 76 77 (0 704 8 ) (0 704 192 ) (-224 704 192 ) (-224 704 8 ) 
4 77 82 (0 672 32 ) (0 672 160 ) (-224 672 160 ) (-224 672 32 ) 
4 78 79 (-368 680 80 ) (-368 680 112 ) (-400 680 112 ) (-400 680 80 ) 
4 79 84 (-352 672 32 ) (-352 672 160 ) (-416 672 160 ) (-416 672 32 ) 
4 80 111 (-1024 672 8 ) (-1024 672 192 ) (-1024 704 192 ) (-1024 704 8 ) 
4 80 99 (-832 672 8 ) (-832 672 192 ) (-1024 672 192 ) (-1024 672 8 ) 
4 81 88 (0 480 192 ) (0 480 384 ) (-224 480 384 ) (-224 480 192 ) 
4 81 85 (-224 480 208 ) (-224 480 384 ) (-224 544 384 ) (-224 544 208 ) 
4 81 83 (-224 672 384 ) (-224 672 192 ) (-224 544 192 ) (-224 544 384 ) 
4 82 88 (0 480 32 ) (0 480 160 ) (-224 480 160 ) (-224 480 32 ) 
4 82 84 (-224 672 160 ) (-224 672 32 ) (-224 544 32 ) (-224 544 160 ) 
4 83 86 (-416 672 384 ) (-416 672 192 ) (-416 544 192 ) (-416 544 384 ) 
4 83 85 (-416 544 384 ) (-416 544 208 ) (-224 544 208 ) (-224 544 384 ) 
4 84 87 (-416 672 160 ) (-416 672 32 ) (-416 544 32 ) (-416 544 160 ) 
4 85 88 (-224 480 208 ) (-224 480 384 ) (-416 480 384 ) (-416 480 208 ) 
4 85 86 (-416 480 208 ) (-416 480 384 ) (-416 544 384 ) (-416 544 208 ) 
4 86 93 (-480 672 384 ) (-480 672 192 ) (-480 480 192 ) (-480 480 384 ) 
4 86 88 (-480 480 384 ) (-480 480 192 ) (-416 480 192 ) (-416 480 384 ) 
4 87 94 (-480 672 160 ) (-480 672 32 ) (-480 480 32 ) (-480 480 160 ) 
4 87 88 (-480 480 160 ) (-480 480 32 ) (-416 480 32 ) (-416 480 160 ) 
4 88 93 (-480 352 192 ) (-480 352 384 ) (-480 480 384 ) (-480 480 192 ) 
4 88 94 (-480 352 32 ) (-480 352 160 ) (-480 480 160 ) (-480 480 32 ) 
4 88 91 (-480 352 384 ) (-480 352 8 ) (-352 352 8 ) (-352 352 384 ) 
4 88 90 (-160 352 72 ) (-160 352 384 ) (-352 352 384 ) (-352 352 72 ) 
4 88 89 (-160 352 8 ) (0 352 8 ) (0 352 384 ) (-160 352 384 ) 
4 89 92 (0 160 8 ) (0 160 384 ) (-160 160 384 ) (-160 160 8 ) 
4 89 90 (-160 352 384 ) (-160 352 72 ) (-160 160 72 ) (-160 160 384 ) 
4 90 92 (-160 160 72 ) (-160 160 384 ) (-352 160 384 ) (-352 160 72 ) 
4 90 91 (-352 352 384 ) (-352 352 72 ) (-352 160 72 ) (-352 160 384 ) 
4 91 93 (-480 160 192 ) (-480 160 384 ) (-480 352 384 ) (-480 352 192 ) 
4 91 94 (-480 160 32 ) (-480 160 160 ) (-480 352 160 ) (-480 352 32 ) 
4 91 92 (-480 160 384 ) (-480 160 8 ) (-352 160 8 ) (-352 160 384 ) 
4 92 103 (-96 96 72 ) (-480 96 72 ) (-480 96 8 ) (-96 96 8 ) 
4 92 101 (0 96 72 ) (0 96 144 ) (-32 96 144 ) (-32 96 72 ) 
4 92 102 (-32 96 144 ) (-480 96 144 ) (-480 96 72 ) (-32 96 72 ) 
4 92 100 (0 96 144 ) (0 96 384 ) (-480 96 384 ) (-480 96 144 ) 
4 92 95 (-480 96 208 ) (-480 96 384 ) (-480 160 384 ) (-480 160 208 ) 
4 93 98 (-800 672 384 ) (-800 672 192 ) (-800 160 192 ) (-800 160 384 ) 
4 93 96 (-800 160 384 ) (-800 160 192 ) (-544 160 192 ) (-544 160 384 ) 
4 93 95 (-480 160 208 ) (-480 160 384 ) (-544 160 384 ) (-544 160 208 ) 
4 94 97 (-800 160 160 ) (-800 160 32 ) (-544 160 32 ) (-544 160 160 ) 
4 95 100 (-480 96 208 ) (-480 96 384 ) (-544 96 384 ) (-544 96 208 ) 
4 95 96 (-544 160 384 ) (-544 160 208 ) (-544 96 208 ) (-544 96 384 ) 
4 96 106 (-608 96 384 ) (-800 96 384 ) (-800 96 192 ) (-608 96 192 ) 
4 96 100 (-544 96 192 ) (-544 96 384 ) (-608 96 384 ) (-608 96 192 ) 
4 96 98 (-800 96 192 ) (-800 96 384 ) (-800 160 384 ) (-800 160 192 ) 
4 97 108 (-608 96 160 ) (-800 96 160 ) (-800 96 32 ) (-608 96 32 ) 
4 97 105 (-576 96 72 ) (-608 96 72 ) (-608 96 32 ) (-576 96 32 ) 
4 97 104 (-544 96 32 ) (-544 96 72 ) (-576 96 72 ) (-576 96 32 ) 
4 97 102 (-544 96 72 ) (-544 96 144 ) (-608 96 144 ) (-608 96 72 ) 
4 97 100 (-544 96 144 ) (-544 96 160 ) (-608 96 160 ) (-608 96 144 ) 
4 98 106 (-800 96 192 ) (-800 96 384 ) (-832 96 384 ) (-832 96 192 ) 
4 98 99 (-832 672 384 ) (-832 672 192 ) (-832 96 192 ) (-832 96 384 ) 
4 99 113 (-1024 96 8 ) (-1024 96 192 ) (-1024 608 192 ) (-1024 608 8 ) 
4 99 111 (-1024 608 192 ) (-1024 672 192 ) (-1024 672 8 ) (-1024 608 8 ) 
4 99 110 (-1024 96 192 ) (-1024 96 384 ) (-1024 672 384 ) (-1024 672 192 ) 
4 99 109 (-1024 96 32 ) (-1024 96 8 ) (-832 96 8 ) (-832 96 32 ) 
4 99 108 (-1024 96 160 ) (-1024 96 32 ) (-832 96 32 ) (-832 96 160 ) 
4 99 107 (-1024 96 192 ) (-1024 96 160 ) (-832 96 160 ) (-832 96 192 ) 
4 99 106 (-1024 96 384 ) (-1024 96 192 ) (-832 96 192 ) (-832 96 384 ) 
4 100 114 (0 0 144 ) (0 0 384 ) (-608 0 384 ) (-608 0 144 ) 
4 100 108 (-608 96 160 ) (-608 96 144 ) (-608 0 144 ) (-608 0 160 ) 
4 100 106 (-608 96 384 ) (-608 96 192 ) (-608 0 192 ) (-608 0 384 ) 
4 100 101 (-32 96 144 ) (0 96 144 ) (0 32 144 ) (-32 32 144 ) 
4 100 102 (-608 0 144 ) (-608 96 144 ) (-32 96 144 ) (-32 0 144 ) 
4 101 102 (-32 96 72 ) (-32 32 72 ) (-32 32 144 ) (-32 96 144 ) 
4 102 116 (-32 0 144 ) (-608 0 144 ) (-608 0 72 ) (-32 0 72 ) 
4 102 108 (-608 96 144 ) (-608 96 72 ) (-608 0 72 ) (-608 0 144 ) 
4 102 105 (-576 0 72 ) (-608 0 72 ) (-608 96 72 ) (-576 96 72 ) 
4 102 104 (-544 0 72 ) (-576 0 72 ) (-576 96 72 ) (-544 96 72 ) 
4 102 103 (-96 0 72 ) (-544 0 72 ) (-544 96 72 ) (-96 96 72 ) 
4 103 118 (-96 0 72 ) (-544 0 72 ) (-544 0 8 ) (-96 0 8 ) 
4 103 104 (-544 0 16 ) (-544 0 72 ) (-544 96 72 ) (-544 96 16 ) 
4 104 119 (-544 0 72 ) (-576 0 72 ) (-576 0 16 ) (-544 0 16 ) 
4 104 105 (-576 0 24 ) (-576 0 72 ) (-576 96 72 ) (-576 96 24 ) 
4 105 120 (-576 0 72 ) (-608 0 72 ) (-608 0 24 ) (-576 0 24 ) 
4 105 108 (-608 96 72 ) (-608 96 32 ) (-608 0 32 ) (-608 0 72 ) 
4 106 121 (-1024 0 384 ) (-1024 0 192 ) (-608 0 192 ) (-608 0 384 ) 
4 106 110 (-1024 0 192 ) (-1024 0 384 ) (-1024 96 384 ) (-1024 96 192 ) 
4 106 107 (-1024 0 192 ) (-1024 96 192 ) (-832 96 192 ) (-832 0 192 ) 
4 107 122 (-1024 0 192 ) (-1024 0 160 ) (-832 0 160 ) (-832 0 192 ) 
4 107 113 (-1024 0 160 ) (-1024 0 192 ) (-1024 96 192 ) (-1024 96 160 ) 
4 107 108 (-1024 96 160 ) (-832 96 160 ) (-832 0 160 ) (-1024 0 160 ) 
4 108 123 (-1024 0 160 ) (-1024 0 32 ) (-608 0 32 ) (-608 0 160 ) 
4 108 113 (-1024 0 32 ) (-1024 0 160 ) (-1024 96 160 ) (-1024 96 32 ) 
4 108 109 (-1024 0 32 ) (-1024 96 32 ) (-832 96 32 ) (-832 0 32 ) 
4 109 124 (-1024 0 32 ) (-1024 0 8 ) (-832 0 8 ) (-832 0 32 ) 
4 109 113 (-1024 0 8 ) (-1024 0 32 ) (-1024 96 32 ) (-1024 96 8 ) 
4 110 150 (-1024 0 192 ) (-1024 0 384 ) (-1120 0 384 ) (-1120 0 192 ) 
4 110 113 (-1024 608 192 ) (-1024 0 192 ) (-1120 0 192 ) (-1120 608 192 ) 
4 110 111 (-1024 928 192 ) (-1024 608 192 ) (-1120 608 192 ) (-1120 928 192 ) 
4 111 113 (-1024 608 8 ) (-1024 608 192 ) (-1120 608 192 ) (-1120 608 8 ) 
4 111 112 (-1128 928 160 ) (-1128 928 8 ) (-1128 608 8 ) (-1128 608 160 ) 
4 113 150 (-1024 0 8 ) (-1024 0 192 ) (-1120 0 192 ) (-1120 0 8 ) 
4 114 138 (-544 -224 384 ) (-608 -224 384 ) (-608 -224 192 ) (-544 -224 192 ) 
4 114 139 (-608 -224 160 ) (-608 -224 144 ) (-544 -224 144 ) (-544 -224 160 ) 
4 114 137 (-480 -224 384 ) (-544 -224 384 ) (-544 -224 208 ) (-480 -224 208 ) 
4 114 125 (0 -224 144 ) (0 -224 384 ) (-480 -224 384 ) (-480 -224 144 ) 
4 114 123 (-608 0 160 ) (-608 0 144 ) (-608 -224 144 ) (-608 -224 160 ) 
4 114 121 (-608 0 384 ) (-608 0 192 ) (-608 -224 192 ) (-608 -224 384 ) 
4 114 115 (0 -224 144 ) (-32 -224 144 ) (-32 -32 144 ) (0 -32 144 ) 
4 114 116 (-32 -224 144 ) (-608 -224 144 ) (-608 0 144 ) (-32 0 144 ) 
4 115 125 (0 -224 72 ) (0 -224 144 ) (-32 -224 144 ) (-32 -224 72 ) 
4 115 117 (0 -224 72 ) (-32 -224 72 ) (-32 -96 72 ) (0 -96 72 ) 
4 115 116 (-32 -32 72 ) (-32 -224 72 ) (-32 -224 144 ) (-32 -32 144 ) 
4 116 139 (-544 -224 144 ) (-608 -224 144 ) (-608 -224 72 ) (-544 -224 72 ) 
4 116 125 (-32 -224 144 ) (-480 -224 144 ) (-480 -224 72 ) (-32 -224 72 ) 
4 116 123 (-608 0 144 ) (-608 0 72 ) (-608 -224 72 ) (-608 -224 144 ) 
4 116 120 (-576 -224 72 ) (-608 -224 72 ) (-608 0 72 ) (-576 0 72 ) 
4 116 119 (-544 -224 72 ) (-576 -224 72 ) (-576 0 72 ) (-544 0 72 ) 
4 116 117 (-32 -224 72 ) (-96 -224 72 ) (-96 -96 72 ) (-32 -96 72 ) 
4 116 118 (-96 -224 72 ) (-544 -224 72 ) (-544 0 72 ) (-96 0 72 ) 
4 117 125 (0 -224 8 ) (0 -224 72 ) (-96 -224 72 ) (-96 -224 8 ) 
4 117 118 (-96 -96 8 ) (-96 -224 8 ) (-96 -224 72 ) (-96 -96 72 ) 
4 118 125 (-96 -224 72 ) (-480 -224 72 ) (-480 -224 8 ) (-96 -224 8 ) 
4 118 119 (-544 -224 16 ) (-544 -224 72 ) (-544 0 72 ) (-544 0 16 ) 
4 119 139 (-544 -224 72 ) (-576 -224 72 ) (-576 -224 32 ) (-544 -224 32 ) 
4 119 120 (-576 -224 24 ) (-576 -224 72 ) (-576 0 72 ) (-576 0 24 ) 
4 120 139 (-576 -224 72 ) (-608 -224 72 ) (-608 -224 32 ) (-576 -224 32 ) 
4 120 123 (-608 0 72 ) (-608 0 32 ) (-608 -224 32 ) (-608 -224 72 ) 
4 121 150 (-1024 -224 192 ) (-1024 -224 384 ) (-1024 0 384 ) (-1024 0 192 ) 
4 121 143 (-1024 -224 384 ) (-1024 -224 192 ) (-832 -224 192 ) (-832 -224 384 ) 
4 121 142 (-832 -224 192 ) (-800 -224 192 ) (-800 -224 384 ) (-832 -224 384 ) 
4 121 138 (-800 -224 192 ) (-608 -224 192 ) (-608 -224 384 ) (-800 -224 384 ) 
4 121 122 (-1024 0 192 ) (-832 0 192 ) (-832 -224 192 ) (-1024 -224 192 ) 
4 122 150 (-1024 -224 160 ) (-1024 -224 192 ) (-1024 0 192 ) (-1024 0 160 ) 
4 122 143 (-1024 -224 192 ) (-1024 -224 160 ) (-832 -224 160 ) (-832 -224 192 ) 
4 122 123 (-832 -224 160 ) (-1024 -224 160 ) (-1024 0 160 ) (-832 0 160 ) 
4 123 150 (-1024 -224 32 ) (-1024 -224 160 ) (-1024 0 160 ) (-1024 0 32 ) 
4 123 143 (-1024 -224 160 ) (-1024 -224 32 ) (-832 -224 32 ) (-832 -224 160 ) 
4 123 139 (-800 -224 32 ) (-608 -224 32 ) (-608 -224 160 ) (-800 -224 160 ) 
4 123 124 (-1024 0 32 ) (-832 0 32 ) (-832 -224 32 ) (-1024 -224 32 ) 
4 124 150 (-1024 -224 8 ) (-1024 -224 32 ) (-1024 0 32 ) (-1024 0 8 ) 
4 124 143 (-1024 -224 32 ) (-1024 -224 8 ) (-832 -224 8 ) (-832 -224 32 ) 
4 125 137 (-480 -224 384 ) (-480 -224 208 ) (-480 -288 208 ) (-480 -288 384 ) 
4 125 128 (-480 -288 384 ) (-480 -288 8 ) (-352 -288 8 ) (-352 -288 384 ) 
4 125 127 (-160 -288 72 ) (-160 -288 384 ) (-352 -288 384 ) (-352 -288 72 ) 
4 125 126 (-160 -288 8 ) (0 -288 8 ) (0 -288 384 ) (-160 -288 384 ) 
4 126 129 (0 -480 8 ) (0 -480 384 ) (-160 -480 384 ) (-160 -480 8 ) 
4 126 127 (-160 -288 384 ) (-160 -288 72 ) (-160 -480 72 ) (-160 -480 384 ) 
4 127 129 (-160 -480 72 ) (-160 -480 384 ) (-352 -480 384 ) (-352 -480 72 ) 
4 127 128 (-352 -288 384 ) (-352 -288 72 ) (-352 -480 72 ) (-352 -480 384 ) 
4 128 140 (-480 -480 192 ) (-480 -480 384 ) (-480 -288 384 ) (-480 -288 192 ) 
4 128 141 (-480 -480 32 ) (-480 -480 160 ) (-480 -288 160 ) (-480 -288 32 ) 
4 128 129 (-480 -480 384 ) (-480 -480 8 ) (-352 -480 8 ) (-352 -480 384 ) 
4 129 140 (-480 -608 192 ) (-480 -608 384 ) (-480 -480 384 ) (-480 -480 192 ) 
4 129 141 (-480 -608 32 ) (-480 -608 160 ) (-480 -480 160 ) (-480 -480 32 ) 
4 129 135 (-480 -608 384 ) (-480 -608 192 ) (-416 -608 192 ) (-416 -608 384 ) 
4 129 136 (-480 -608 160 ) (-480 -608 32 ) (-416 -608 32 ) (-416 -608 160 ) 
4 129 132 (-224 -608 208 ) (-224 -608 384 ) (-416 -608 384 ) (-416 -608 208 ) 
4 129 130 (0 -608 192 ) (0 -608 384 ) (-224 -608 384 ) (-224 -608 192 ) 
4 129 131 (0 -608 32 ) (0 -608 160 ) (-224 -608 160 ) (-224 -608 32 ) 
4 130 144 (0 -800 192 ) (0 -800 384 ) (-224 -800 384 ) (-224 -800 192 ) 
4 130 133 (-224 -672 192 ) (-224 -800 192 ) (-224 -800 384 ) (-224 -672 384 ) 
4 130 132 (-224 -608 384 ) (-224 -608 208 ) (-224 -672 208 ) (-224 -672 384 ) 
4 131 145 (0 -800 32 ) (0 -800 160 ) (-224 -800 160 ) (-224 -800 32 ) 
4 131 134 (-224 -672 32 ) (-224 -800 32 ) (-224 -800 160 ) (-224 -672 160 ) 
4 132 135 (-416 -608 384 ) (-416 -608 208 ) (-416 -672 208 ) (-416 -672 384 ) 
4 132 133 (-416 -672 384 ) (-416 -672 208 ) (-224 -672 208 ) (-224 -672 384 ) 
4 133 144 (-224 -800 192 ) (-224 -800 384 ) (-416 -800 384 ) (-416 -800 192 ) 
4 133 135 (-416 -800 192 ) (-416 -800 384 ) (-416 -672 384 ) (-416 -672 192 ) 
4 134 146 (-352 -800 160 ) (-416 -800 160 ) (-416 -800 32 ) (-352 -800 32 ) 
4 134 136 (-416 -800 32 ) (-416 -800 160 ) (-416 -672 160 ) (-416 -672 32 ) 
4 135 144 (-416 -800 192 ) (-416 -800 384 ) (-480 -800 384 ) (-480 -800 192 ) 
4 135 140 (-480 -800 192 ) (-480 -800 384 ) (-480 -608 384 ) (-480 -608 192 ) 
4 136 141 (-480 -800 32 ) (-480 -800 160 ) (-480 -608 160 ) (-480 -608 32 ) 
4 137 140 (-480 -288 208 ) (-480 -288 384 ) (-544 -288 384 ) (-544 -288 208 ) 
4 137 138 (-544 -224 384 ) (-544 -224 208 ) (-544 -288 208 ) (-544 -288 384 ) 
4 138 142 (-800 -224 384 ) (-800 -224 192 ) (-800 -288 192 ) (-800 -288 384 ) 
4 138 140 (-800 -288 384 ) (-800 -288 192 ) (-544 -288 192 ) (-544 -288 384 ) 
4 139 141 (-800 -288 160 ) (-800 -288 32 ) (-544 -288 32 ) (-544 -288 160 ) 
4 140 144 (-480 -800 192 ) (-480 -800 384 ) (-800 -800 384 ) (-800 -800 192 ) 
4 140 142 (-800 -800 192 ) (-800 -800 384 ) (-800 -288 384 ) (-800 -288 192 ) 
4 142 144 (-800 -800 192 ) (-800 -800 384 ) (-832 -800 384 ) (-832 -800 192 ) 
4 142 143 (-832 -224 384 ) (-832 -224 192 ) (-832 -800 192 ) (-832 -800 384 ) 
4 143 150 (-1024 -800 8 ) (-1024 -800 384 ) (-1024 -224 384 ) (-1024 -224 8 ) 
4 143 148 (-1024 -800 192 ) (-1024 -800 8 ) (-832 -800 8 ) (-832 -800 192 ) 
4 143 144 (-1024 -800 384 ) (-1024 -800 192 ) (-832 -800 192 ) (-832 -800 384 ) 
4 144 151 (0 -1024 192 ) (0 -1024 384 ) (-1024 -1024 384 ) (-1024 -1024 192 ) 
4 144 150 (-1024 -1024 192 ) (-1024 -1024 384 ) (-1024 -800 384 ) (-1024 -800 192 ) 
4 144 149 (0 -1024 192 ) (-1024 -1024 192 ) (-1024 -832 192 ) (0 -832 192 ) 
4 144 148 (-1024 -832 192 ) (-1024 -800 192 ) (-832 -800 192 ) (-832 -832 192 ) 
4 144 145 (-224 -800 192 ) (0 -800 192 ) (0 -832 192 ) (-224 -832 192 ) 
4 145 149 (0 -832 8 ) (0 -832 192 ) (-224 -832 192 ) (-224 -832 8 ) 
4 146 147 (-368 -808 80 ) (-368 -808 112 ) (-400 -808 112 ) (-400 -808 80 ) 
4 148 150 (-1024 -832 8 ) (-1024 -832 192 ) (-1024 -800 192 ) (-1024 -800 8 ) 
4 148 149 (-832 -832 192 ) (-1024 -832 192 ) (-1024 -832 8 ) (-832 -832 8 ) 
4 149 151 (0 -1024 8 ) (0 -1024 192 ) (-1024 -1024 192 ) (-1024 -1024 8 ) 
4 149 150 (-1024 -1024 8 ) (-1024 -1024 192 ) (-1024 -832 192 ) (-1024 -832 8 ) 
4 150 153 (-1024 -1024 8 ) (-1024 -1024 192 ) (-1120 -1024 192 ) (-1120 -1024 8 ) 
4 150 152 (-1024 -1024 192 ) (-1024 -1024 384 ) (-1120 -1024 384 ) (-1120 -1024 192 ) 
4 151 153 (-1024 -1024 192 ) (-1024 -1024 8 ) (-1024 -1056 8 ) (-1024 -1056 192 ) 
4 151 152 (-1024 -1024 384 ) (-1024 -1024 192 ) (-1024 -1056 192 ) (-1024 -1056 384 ) 
4 152 153 (-1120 -1056 192 ) (-1120 -1024 192 ) (-1024 -1024 192 ) (-1024 -1056 192 ) 
