


materialPath: D:\SteamLibrary\steamapps\common\JBMod\jbmod\materials
Loading d:\maps\jbdeathmatch\maps\jbs_dust2.vmf
ConVarRef mat_reduceparticles doesn't point to an existing ConVar
Could not locate 'GameData' key in d:\steamlibrary\steamapps\common\jbmod\jbmod\gameinfo.txt
Patching WVT material: maps/jbs_dust2/de_dust/groundsand_blend_wvt_patch
Patching WVT material: maps/jbs_dust2/de_dust/rockwall_blend_wvt_patch
fixing up env_cubemap materials on brush sides...
0...1...2...3...4...5...6...7...8...9...100...1...2...3...4...5...6...7...8...9...10Processing areas...done (0)
Building Faces...done (0)
Chop Details...done (0)
Find Visible Detail Sides...
Merged 1050 detail faces...done (0)
Merging details...done (1)
FixTjuncs...
PruneNodes...
WriteBSP...
done (0)
writing d:\maps\jbdeathmatch\maps\jbs_dust2.prt...Building visibility clusters...
done (0)
Creating default LDR cubemaps for env_cubemap using skybox materials:
   skybox/sky_dust*.vmt
 ! Run buildcubemaps in the engine to get the correct cube maps.
Creating default HDR cubemaps for env_cubemap using skybox materials:
   skybox/sky_dust*.vmt
 ! Run buildcubemaps in the engine to get the correct cube maps.
Finding displacement neighbors...
Found a displacement edge abutting multiple other edges.
Finding lightmap sample positions...
Displacement Alpha : 0...1...2...3...4...5...6...7...8...9...10
Building Physics collision data...
done (0) (828488 bytes)
Placing detail props : 0...1...2...3...4...5...6...7...8...9...10
Compacting texture/material tables...
Reduced 5744 texinfos to 2534
Reduced 151 texdatas to 131 (3370 bytes to 2793)
Writing d:\maps\jbdeathmatch\maps\jbs_dust2.bsp
MSG_FILEWRITE - Filesystem was asked to write to 'd:\maps\jbdeathmatch\maps\jbs_dust2.bsp', but we don't own that location. Allowing.
3 seconds elapsed



8 threads
reading d:\maps\jbdeathmatch\maps\jbs_dust2.bsp
reading d:\maps\jbdeathmatch\maps\jbs_dust2.prt
1749 portalclusters
5102 numportals
0...1...2...3...4...5...6...7...8...9...100...1...2...3...4...5...6...7...8...9...10Optimized: 7017 visible clusters (1.17%)
Total clusters visible: 599107
Average clusters visible: 342
Building PAS...
Average clusters audible: 1685
visdatasize:584330  compressed from 783552
writing d:\maps\jbdeathmatch\maps\jbs_dust2.bsp
MSG_FILEWRITE - Filesystem was asked to write to 'd:\maps\jbdeathmatch\maps\jbs_dust2.bsp', but we don't own that location. Allowing.
1 minute, 34 seconds elapsed



[Reading texlights from 'lights.rad']
[45 texlights parsed from 'lights.rad']

Loading d:\maps\jbdeathmatch\maps\jbs_dust2.bsp
6232 faces
1 degenerate faces
2251193 square feet [324171776.00 square inches]
69 Displacements
248576 Square Feet [35795044.00 Square Inches]
6231 patches before subdivision
zero area child patch
zero area child patch
43419 patches after subdivision
36 direct lights
0...1...2...3...4...5...6...7...8...9...100...1...2...3...4...5...6...7...8...9...10transfers 3664109, max 1331
transfer lists:  28.0 megs
0...1...2...3...4...5...6...7...8...9...10	Bounce #1 added RGB(669936, 485845, 226558)
0...1...2...3...4...5...6...7...8...9...10	Bounce #2 added RGB(121688, 70933, 22085)
0...1...2...3...4...5...6...7...8...9...10	Bounce #3 added RGB(25619, 11901, 2451)
0...1...2...3...4...5...6...7...8...9...10	Bounce #4 added RGB(5530, 2048, 284)
0...1...2...3...4...5...6...7...8...9...10	Bounce #5 added RGB(1255, 368, 34)
0...1...2...3...4...5...6...7...8...9...10	Bounce #6 added RGB(296, 68, 4)
0...1...2...3...4...5...6...7...8...9...10	Bounce #7 added RGB(74, 13, 1)
0...1...2...3...4...5...6...7...8...9...10	Bounce #8 added RGB(19, 3, 0)
0...1...2...3...4...5...6...7...8...9...10	Bounce #9 added RGB(5, 1, 0)
0...1...2...3...4...5...6...7...8...9...10	Bounce #10 added RGB(2, 0, 0)
0...1...2...3...4...5...6...7...8...9...10	Bounce #11 added RGB(1, 0, 0)
Build Patch/Sample Hash Table(s).....Done<0.0149 sec>
0...1...2...3...4...5...6...7...8...9...10FinalLightFace Done
0 of 0 (0% of) surface lights went in leaf ambient cubes.
0...1...2...3...4...5...6...7...8...9...10Writing leaf ambient...done
Ready to Finish

Object names       Objects/Maxobjs  Memory / Maxmem  Fullness 
------------       ---------------  ---------------  -------- 
models                  16/1024          768/49152    ( 1.6%) 
brushes               2184/8192        26208/98304    (26.7%) 
brushsides           18141/65536      145128/524288   (27.7%) 
planes               13372/65536      267440/1310720  (20.4%) 
vertexes             13491/65536      161892/786432   (20.6%) 
nodes                 4135/65536      132320/2097152  ( 6.3%) 
texinfos              2534/12288      182448/884736   (20.6%) 
texdata                131/2048         4192/65536    ( 6.4%) 
dispinfos               69/0           12144/0        ( 0.0%) 
disp_verts            5085/0          101700/0        ( 0.0%) 
disp_tris             7968/0           15936/0        ( 0.0%) 
disp_lmsamples      573372/0          573372/0        ( 0.0%) 
faces                 6232/65536      348992/3670016  ( 9.5%) 
hdr faces                0/65536           0/3670016  ( 0.0%) 
origfaces             4232/65536      236992/3670016  ( 6.5%) 
leaves                4152/65536      132864/2097152  ( 6.3%) 
leaffaces             8290/65536       16580/131072   (12.6%) 
leafbrushes          13079/65536       26158/131072   (20.0%) 
areas                    8/256            64/2048     ( 3.1%) 
surfedges            46293/512000     185172/2048000  ( 9.0%) 
edges                28628/256000     114512/1024000  (11.2%) 
LDR worldlights         27/8192         2376/720896   ( 0.3%) 
HDR worldlights          0/8192            0/720896   ( 0.0%) 
leafwaterdata            0/32768           0/393216   ( 0.0%) 
waterstrips            677/32768        6770/327680   ( 2.1%) 
waterverts               0/65536           0/786432   ( 0.0%) 
waterindices         11724/65536       23448/131072   (17.9%) 
cubemapsamples          37/1024          592/16384    ( 3.6%) 
overlays                55/512         19360/180224   (10.7%) 
LDR lightdata         [variable]     3328180/0        ( 0.0%) 
HDR lightdata         [variable]           0/0        ( 0.0%) 
visdata               [variable]      584330/16777216 ( 3.5%) 
entdata               [variable]      103239/393216   (26.3%) 
LDR ambient table     4152/65536       16608/262144   ( 6.3%) 
HDR ambient table     4152/65536       16608/262144   ( 6.3%) 
LDR leaf ambient     22848/65536      639744/1835008  (34.9%) 
HDR leaf ambient      4152/65536      116256/1835008  ( 6.3%) 
occluders                0/0               0/0        ( 0.0%) 
occluder polygons        0/0               0/0        ( 0.0%) 
occluder vert ind        0/0               0/0        ( 0.0%) 
detail props          [variable]           1/12       ( 8.3%) 
static props          [variable]           1/32106    ( 0.0%) 
pakfile               [variable]     3298943/0        ( 0.0%) 
physics               [variable]      828488/4194304  (19.8%) 
physics terrain       [variable]       20907/1048576  ( 2.0%) 

Level flags = 0

Total triangle count: 17028
Writing d:\maps\jbdeathmatch\maps\jbs_dust2.bsp
2 minutes, 5 seconds elapsed



[Reading texlights from 'lights.rad']
[45 texlights parsed from 'lights.rad']

Loading d:\maps\jbdeathmatch\maps\jbs_dust2.bsp
6232 faces
1 degenerate faces
2251193 square feet [324171776.00 square inches]
69 Displacements
248576 Square Feet [35795044.00 Square Inches]
6231 patches before subdivision
zero area child patch
zero area child patch
43419 patches after subdivision
36 direct lights
0...1...2...3...4...5...6...7...8...9...100...1...2...3...4...5...6...7...8...9...10transfers 3664109, max 1331
transfer lists:  28.0 megs
0...1...2...3...4...5...6...7...8...9...10	Bounce #1 added RGB(669936, 485845, 226558)
0...1...2...3...4...5...6...7...8...9...10	Bounce #2 added RGB(121688, 70933, 22085)
0...1...2...3...4...5...6...7...8...9...10	Bounce #3 added RGB(25619, 11901, 2451)
0...1...2...3...4...5...6...7...8...9...10	Bounce #4 added RGB(5530, 2048, 284)
0...1...2...3...4...5...6...7...8...9...10	Bounce #5 added RGB(1255, 368, 34)
0...1...2...3...4...5...6...7...8...9...10	Bounce #6 added RGB(296, 68, 4)
0...1...2...3...4...5...6...7...8...9...10	Bounce #7 added RGB(74, 13, 1)
0...1...2...3...4...5...6...7...8...9...10	Bounce #8 added RGB(19, 3, 0)
0...1...2...3...4...5...6...7...8...9...10	Bounce #9 added RGB(5, 1, 0)
0...1...2...3...4...5...6...7...8...9...10	Bounce #10 added RGB(2, 0, 0)
0...1...2...3...4...5...6...7...8...9...10	Bounce #11 added RGB(1, 0, 0)
Build Patch/Sample Hash Table(s).....Done<0.0172 sec>
0...1...2...3...4...5...6...7...8...9...10FinalLightFace Done
0 of 0 (0% of) surface lights went in leaf ambient cubes.
0...1...2...3...4...5...6...7...8...9...10Writing leaf ambient...done
Ready to Finish

Object names       Objects/Maxobjs  Memory / Maxmem  Fullness 
------------       ---------------  ---------------  -------- 
models                  16/1024          768/49152    ( 1.6%) 
brushes               2184/8192        26208/98304    (26.7%) 
brushsides           18141/65536      145128/524288   (27.7%) 
planes               13372/65536      267440/1310720  (20.4%) 
vertexes             13491/65536      161892/786432   (20.6%) 
nodes                 4135/65536      132320/2097152  ( 6.3%) 
texinfos              2534/12288      182448/884736   (20.6%) 
texdata                131/2048         4192/65536    ( 6.4%) 
dispinfos               69/0           12144/0        ( 0.0%) 
disp_verts            5085/0          101700/0        ( 0.0%) 
disp_tris             7968/0           15936/0        ( 0.0%) 
disp_lmsamples      573372/0          573372/0        ( 0.0%) 
faces                 6232/65536      348992/3670016  ( 9.5%) 
hdr faces             6232/65536      348992/3670016  ( 9.5%) 
origfaces             4232/65536      236992/3670016  ( 6.5%) 
leaves                4152/65536      132864/2097152  ( 6.3%) 
leaffaces             8290/65536       16580/131072   (12.6%) 
leafbrushes          13079/65536       26158/131072   (20.0%) 
areas                    8/256            64/2048     ( 3.1%) 
surfedges            46293/512000     185172/2048000  ( 9.0%) 
edges                28628/256000     114512/1024000  (11.2%) 
LDR worldlights         27/8192         2376/720896   ( 0.3%) 
HDR worldlights         27/8192         2376/720896   ( 0.3%) 
leafwaterdata            0/32768           0/393216   ( 0.0%) 
waterstrips            677/32768        6770/327680   ( 2.1%) 
waterverts               0/65536           0/786432   ( 0.0%) 
waterindices         11724/65536       23448/131072   (17.9%) 
cubemapsamples          37/1024          592/16384    ( 3.6%) 
overlays                55/512         19360/180224   (10.7%) 
LDR lightdata         [variable]     3328180/0        ( 0.0%) 
HDR lightdata         [variable]     3328180/0        ( 0.0%) 
visdata               [variable]      584330/16777216 ( 3.5%) 
entdata               [variable]      103239/393216   (26.3%) 
LDR ambient table     4152/65536       16608/262144   ( 6.3%) 
HDR ambient table     4152/65536       16608/262144   ( 6.3%) 
LDR leaf ambient     22848/65536      639744/1835008  (34.9%) 
HDR leaf ambient     22848/65536      639744/1835008  (34.9%) 
occluders                0/0               0/0        ( 0.0%) 
occluder polygons        0/0               0/0        ( 0.0%) 
occluder vert ind        0/0               0/0        ( 0.0%) 
detail props          [variable]           1/12       ( 8.3%) 
static props          [variable]           1/32106    ( 0.0%) 
pakfile               [variable]     3298943/0        ( 0.0%) 
physics               [variable]      828488/4194304  (19.8%) 
physics terrain       [variable]       20907/1048576  ( 2.0%) 

Level flags = 0

Total triangle count: 17028
Writing d:\maps\jbdeathmatch\maps\jbs_dust2.bsp
1 minute, 21 seconds elapsed



materialPath: D:\SteamLibrary\steamapps\common\JBMod\jbmod\materials
Loading d:\maps\jbdeathmatch\maps\jbs_dust2.vmf
ConVarRef mat_reduceparticles doesn't point to an existing ConVar
Could not locate 'GameData' key in d:\steamlibrary\steamapps\common\jbmod\jbmod\gameinfo.txt
Patching WVT material: maps/jbs_dust2/de_dust/groundsand_blend_wvt_patch
Patching WVT material: maps/jbs_dust2/de_dust/rockwall_blend_wvt_patch
fixing up env_cubemap materials on brush sides...
0...1...2...3...4...5...6...7...8...9...100...1...2...3...4...5...6...7...8...9...10Processing areas...done (0)
Building Faces...done (0)
Chop Details...done (0)
Find Visible Detail Sides...
Merged 1050 detail faces...done (0)
Merging details...done (0)
FixTjuncs...
PruneNodes...
WriteBSP...
done (1)
writing d:\maps\jbdeathmatch\maps\jbs_dust2.prt...Building visibility clusters...
done (0)
Creating default LDR cubemaps for env_cubemap using skybox materials:
   skybox/sky_dust*.vmt
 ! Run buildcubemaps in the engine to get the correct cube maps.
Creating default HDR cubemaps for env_cubemap using skybox materials:
   skybox/sky_dust*.vmt
 ! Run buildcubemaps in the engine to get the correct cube maps.
Finding displacement neighbors...
Found a displacement edge abutting multiple other edges.
Finding lightmap sample positions...
Displacement Alpha : 0...1...2...3...4...5...6...7...8...9...10
Building Physics collision data...
done (0) (828488 bytes)
Placing detail props : 0...1...2...3...4...5...6...7...8...9...10
Compacting texture/material tables...
Reduced 5750 texinfos to 2538
Reduced 151 texdatas to 131 (3370 bytes to 2793)
Writing d:\maps\jbdeathmatch\maps\jbs_dust2.bsp
MSG_FILEWRITE - Filesystem was asked to write to 'd:\maps\jbdeathmatch\maps\jbs_dust2.bsp', but we don't own that location. Allowing.
3 seconds elapsed



8 threads
reading d:\maps\jbdeathmatch\maps\jbs_dust2.bsp
reading d:\maps\jbdeathmatch\maps\jbs_dust2.prt
1749 portalclusters
5102 numportals
0...1...2...3...4...5...6...7...8...9...100...1...2...3...4...5...6...7...8...9...10Optimized: 7014 visible clusters (1.17%)
Total clusters visible: 599104
Average clusters visible: 342
Building PAS...
Average clusters audible: 1685
visdatasize:584330  compressed from 783552
writing d:\maps\jbdeathmatch\maps\jbs_dust2.bsp
MSG_FILEWRITE - Filesystem was asked to write to 'd:\maps\jbdeathmatch\maps\jbs_dust2.bsp', but we don't own that location. Allowing.
1 minute, 40 seconds elapsed



[Reading texlights from 'lights.rad']
[45 texlights parsed from 'lights.rad']

Loading d:\maps\jbdeathmatch\maps\jbs_dust2.bsp
6234 faces
1 degenerate faces
2251192 square feet [324171712.00 square inches]
69 Displacements
248576 Square Feet [35795044.00 Square Inches]
6233 patches before subdivision
zero area child patch
zero area child patch
43421 patches after subdivision
36 direct lights
0...1...2...3...4...5...6...7...8...9...100...1...2...3...4...5...6...7...8...9...10transfers 3664067, max 1332
transfer lists:  28.0 megs
0...1...2...3...4...5...6...7...8...9...10	Bounce #1 added RGB(669920, 485834, 226551)
0...1...2...3...4...5...6...7...8...9...10	Bounce #2 added RGB(121688, 70933, 22085)
0...1...2...3...4...5...6...7...8...9...10	Bounce #3 added RGB(25619, 11901, 2451)
0...1...2...3...4...5...6...7...8...9...10	Bounce #4 added RGB(5530, 2048, 284)
0...1...2...3...4...5...6...7...8...9...10	Bounce #5 added RGB(1255, 368, 34)
0...1...2...3...4...5...6...7...8...9...10	Bounce #6 added RGB(296, 68, 4)
0...1...2...3...4...5...6...7...8...9...10	Bounce #7 added RGB(74, 13, 1)
0...1...2...3...4...5...6...7...8...9...10	Bounce #8 added RGB(19, 3, 0)
0...1...2...3...4...5...6...7...8...9...10	Bounce #9 added RGB(5, 1, 0)
0...1...2...3...4...5...6...7...8...9...10	Bounce #10 added RGB(2, 0, 0)
0...1...2...3...4...5...6...7...8...9...10	Bounce #11 added RGB(1, 0, 0)
Build Patch/Sample Hash Table(s).....Done<0.0150 sec>
0...1...2...3...4...5...6...7...8...9...10FinalLightFace Done
0 of 0 (0% of) surface lights went in leaf ambient cubes.
0...1...2...3...4...5...6...7...8...9...10Writing leaf ambient...done
Ready to Finish

Object names       Objects/Maxobjs  Memory / Maxmem  Fullness 
------------       ---------------  ---------------  -------- 
models                  16/1024          768/49152    ( 1.6%) 
brushes               2184/8192        26208/98304    (26.7%) 
brushsides           18140/65536      145120/524288   (27.7%) 
planes               13378/65536      267560/1310720  (20.4%) 
vertexes             13485/65536      161820/786432   (20.6%) 
nodes                 4135/65536      132320/2097152  ( 6.3%) 
texinfos              2538/12288      182736/884736   (20.7%) 
texdata                131/2048         4192/65536    ( 6.4%) 
dispinfos               69/0           12144/0        ( 0.0%) 
disp_verts            5085/0          101700/0        ( 0.0%) 
disp_tris             7968/0           15936/0        ( 0.0%) 
disp_lmsamples      573372/0          573372/0        ( 0.0%) 
faces                 6234/65536      349104/3670016  ( 9.5%) 
hdr faces                0/65536           0/3670016  ( 0.0%) 
origfaces             4233/65536      237048/3670016  ( 6.5%) 
leaves                4152/65536      132864/2097152  ( 6.3%) 
leaffaces             8293/65536       16586/131072   (12.7%) 
leafbrushes          13079/65536       26158/131072   (20.0%) 
areas                    8/256            64/2048     ( 3.1%) 
surfedges            46298/512000     185192/2048000  ( 9.0%) 
edges                28630/256000     114520/1024000  (11.2%) 
LDR worldlights         27/8192         2376/720896   ( 0.3%) 
HDR worldlights          0/8192            0/720896   ( 0.0%) 
leafwaterdata            0/32768           0/393216   ( 0.0%) 
waterstrips            677/32768        6770/327680   ( 2.1%) 
waterverts               0/65536           0/786432   ( 0.0%) 
waterindices         11700/65536       23400/131072   (17.9%) 
cubemapsamples          37/1024          592/16384    ( 3.6%) 
overlays                55/512         19360/180224   (10.7%) 
LDR lightdata         [variable]     3328276/0        ( 0.0%) 
HDR lightdata         [variable]           0/0        ( 0.0%) 
visdata               [variable]      584330/16777216 ( 3.5%) 
entdata               [variable]      103437/393216   (26.3%) 
LDR ambient table     4152/65536       16608/262144   ( 6.3%) 
HDR ambient table     4152/65536       16608/262144   ( 6.3%) 
LDR leaf ambient     22850/65536      639800/1835008  (34.9%) 
HDR leaf ambient      4152/65536      116256/1835008  ( 6.3%) 
occluders                0/0               0/0        ( 0.0%) 
occluder polygons        0/0               0/0        ( 0.0%) 
occluder vert ind        0/0               0/0        ( 0.0%) 
detail props          [variable]           1/12       ( 8.3%) 
static props          [variable]           1/32106    ( 0.0%) 
pakfile               [variable]     3298943/0        ( 0.0%) 
physics               [variable]      828488/4194304  (19.8%) 
physics terrain       [variable]       20907/1048576  ( 2.0%) 

Level flags = 0

Total triangle count: 17025
Writing d:\maps\jbdeathmatch\maps\jbs_dust2.bsp
1 minute, 16 seconds elapsed



[Reading texlights from 'lights.rad']
[45 texlights parsed from 'lights.rad']

Loading d:\maps\jbdeathmatch\maps\jbs_dust2.bsp
6234 faces
1 degenerate faces
2251192 square feet [324171712.00 square inches]
69 Displacements
248576 Square Feet [35795044.00 Square Inches]
6233 patches before subdivision
zero area child patch
zero area child patch
43421 patches after subdivision
36 direct lights
0...1...2...3...4...5...6...7...8...9...100...1...2...3...4...5...6...7...8...9...10transfers 3664067, max 1332
transfer lists:  28.0 megs
0...1...2...3...4...5...6...7...8...9...10	Bounce #1 added RGB(669920, 485834, 226551)
0...1...2...3...4...5...6...7...8...9...10	Bounce #2 added RGB(121688, 70933, 22085)
0...1...2...3...4...5...6...7...8...9...10	Bounce #3 added RGB(25619, 11901, 2451)
0...1...2...3...4...5...6...7...8...9...10	Bounce #4 added RGB(5530, 2048, 284)
0...1...2...3...4...5...6...7...8...9...10	Bounce #5 added RGB(1255, 368, 34)
0...1...2...3...4...5...6...7...8...9...10	Bounce #6 added RGB(296, 68, 4)
0...1...2...3...4...5...6...7...8...9...10	Bounce #7 added RGB(74, 13, 1)
0...1...2...3...4...5...6...7...8...9...10	Bounce #8 added RGB(19, 3, 0)
0...1...2...3...4...5...6...7...8...9...10	Bounce #9 added RGB(5, 1, 0)
0...1...2...3...4...5...6...7...8...9...10	Bounce #10 added RGB(2, 0, 0)
0...1...2...3...4...5...6...7...8...9...10	Bounce #11 added RGB(1, 0, 0)
Build Patch/Sample Hash Table(s).....Done<0.0155 sec>
0...1...2...3...4...5...6...7...8...9...10FinalLightFace Done
0 of 0 (0% of) surface lights went in leaf ambient cubes.
0...1...2...3...4...5...6...7...8...9...10Writing leaf ambient...done
Ready to Finish

Object names       Objects/Maxobjs  Memory / Maxmem  Fullness 
------------       ---------------  ---------------  -------- 
models                  16/1024          768/49152    ( 1.6%) 
brushes               2184/8192        26208/98304    (26.7%) 
brushsides           18140/65536      145120/524288   (27.7%) 
planes               13378/65536      267560/1310720  (20.4%) 
vertexes             13485/65536      161820/786432   (20.6%) 
nodes                 4135/65536      132320/2097152  ( 6.3%) 
texinfos              2538/12288      182736/884736   (20.7%) 
texdata                131/2048         4192/65536    ( 6.4%) 
dispinfos               69/0           12144/0        ( 0.0%) 
disp_verts            5085/0          101700/0        ( 0.0%) 
disp_tris             7968/0           15936/0        ( 0.0%) 
disp_lmsamples      573372/0          573372/0        ( 0.0%) 
faces                 6234/65536      349104/3670016  ( 9.5%) 
hdr faces             6234/65536      349104/3670016  ( 9.5%) 
origfaces             4233/65536      237048/3670016  ( 6.5%) 
leaves                4152/65536      132864/2097152  ( 6.3%) 
leaffaces             8293/65536       16586/131072   (12.7%) 
leafbrushes          13079/65536       26158/131072   (20.0%) 
areas                    8/256            64/2048     ( 3.1%) 
surfedges            46298/512000     185192/2048000  ( 9.0%) 
edges                28630/256000     114520/1024000  (11.2%) 
LDR worldlights         27/8192         2376/720896   ( 0.3%) 
HDR worldlights         27/8192         2376/720896   ( 0.3%) 
leafwaterdata            0/32768           0/393216   ( 0.0%) 
waterstrips            677/32768        6770/327680   ( 2.1%) 
waterverts               0/65536           0/786432   ( 0.0%) 
waterindices         11700/65536       23400/131072   (17.9%) 
cubemapsamples          37/1024          592/16384    ( 3.6%) 
overlays                55/512         19360/180224   (10.7%) 
LDR lightdata         [variable]     3328276/0        ( 0.0%) 
HDR lightdata         [variable]     3328276/0        ( 0.0%) 
visdata               [variable]      584330/16777216 ( 3.5%) 
entdata               [variable]      103437/393216   (26.3%) 
LDR ambient table     4152/65536       16608/262144   ( 6.3%) 
HDR ambient table     4152/65536       16608/262144   ( 6.3%) 
LDR leaf ambient     22850/65536      639800/1835008  (34.9%) 
HDR leaf ambient     22850/65536      639800/1835008  (34.9%) 
occluders                0/0               0/0        ( 0.0%) 
occluder polygons        0/0               0/0        ( 0.0%) 
occluder vert ind        0/0               0/0        ( 0.0%) 
detail props          [variable]           1/12       ( 8.3%) 
static props          [variable]           1/32106    ( 0.0%) 
pakfile               [variable]     3298943/0        ( 0.0%) 
physics               [variable]      828488/4194304  (19.8%) 
physics terrain       [variable]       20907/1048576  ( 2.0%) 

Level flags = 0

Total triangle count: 17025
Writing d:\maps\jbdeathmatch\maps\jbs_dust2.bsp
1 minute, 21 seconds elapsed
